-- Found ament_cmake: 2.8.4 (/opt/ros/rolling/share/ament_cmake/cmake)
-- Found rclcpp: 30.1.3 (/opt/ros/rolling/share/rclcpp/cmake)
-- Found rosidl_generator_c: 5.1.1 (/opt/ros/rolling/share/rosidl_generator_c/cmake)
-- Found rosidl_generator_cpp: 5.1.1 (/opt/ros/rolling/share/rosidl_generator_cpp/cmake)
-- Using all available rosidl_typesupport_c: rosidl_typesupport_fastrtps_c;rosidl_typesupport_introspection_c
-- Using all available rosidl_typesupport_cpp: rosidl_typesupport_fastrtps_cpp;rosidl_typesupport_introspection_cpp
-- Found rmw_implementation_cmake: 7.9.1 (/opt/ros/rolling/share/rmw_implementation_cmake/cmake)
-- Found rmw_fastrtps_cpp: 9.4.4 (/opt/ros/rolling/share/rmw_fastrtps_cpp/cmake)
-- Using RMW implementation 'rmw_fastrtps_cpp' as default
-- Found sensor_msgs: 5.9.1 (/opt/ros/rolling/share/sensor_msgs/cmake)
-- Found cv_bridge: 4.1.0 (/opt/ros/rolling/share/cv_bridge/cmake)
[33mCMake Warning (dev) at /usr/local/lib/cmake/opencv4/OpenCVConfig.cmake:86 (find_package):
  Policy CMP0146 is not set: The FindCUDA module is removed.  Run "cmake
  --help-policy CMP0146" for policy details.  Use the cmake_policy command to
  set the policy and suppress this warning.

Call Stack (most recent call first):
  /usr/local/lib/cmake/opencv4/OpenCVConfig.cmake:108 (find_host_package)
  /opt/ros/rolling/share/cv_bridge/cmake/ament_cmake_export_dependencies-extras.cmake:21 (find_package)
  /opt/ros/rolling/share/cv_bridge/cmake/cv_bridgeConfig.cmake:41 (include)
  CMakeLists.txt:24 (find_package)
This warning is for project developers.  Use -Wno-dev to suppress it.
[0m
-- Found CUDA: /usr/local/cuda-12.3 (found suitable exact version "12.3") 
-- Found nav_msgs: 5.9.1 (/opt/ros/rolling/share/nav_msgs/cmake)
-- Found image_transport: 6.4.3 (/opt/ros/rolling/share/image_transport/cmake)
-- Found image_geometry: 4.1.0 (/opt/ros/rolling/share/image_geometry/cmake)
-- Found tf2: 0.45.3 (/opt/ros/rolling/share/tf2/cmake)
-- Found tf2_ros: 0.45.3 (/opt/ros/rolling/share/tf2_ros/cmake)
-- Found tf2_eigen: 0.45.3 (/opt/ros/rolling/share/tf2_eigen/cmake)
-- Found tf2_geometry_msgs: 0.45.3 (/opt/ros/rolling/share/tf2_geometry_msgs/cmake)
[33mCMake Warning (dev) at CMakeLists.txt:32 (find_package):
  Policy CMP0146 is not set: The FindCUDA module is removed.  Run "cmake
  --help-policy CMP0146" for policy details.  Use the cmake_policy command to
  set the policy and suppress this warning.

This warning is for project developers.  Use -Wno-dev to suppress it.
[0m
-- Found CUDA: /usr/local/cuda-12.3 (found version "12.3") 
-- Found required Ceres dependency: Eigen version 3.4.0 in /usr/include/eigen3
-- Found required Ceres dependency: glog
-- Found required Ceres dependency: gflags
-- Found Ceres version: 2.0.0 installed in: /usr/local with components: [EigenSparse, SparseLinearAlgebraLibrary, LAPACK, SchurSpecializations, Multithreading]
[0mCMake Deprecation Warning at /opt/ros/rolling/share/ament_cmake_target_dependencies/cmake/ament_target_dependencies.cmake:87 (message):
  ament_target_dependencies() is deprecated.  Use target_link_libraries()
  with modern CMake targets instead.  Try replacing this call with:

    target_link_libraries(GSSlamNode PUBLIC
      ${nav_msgs_TARGETS}
      ${sensor_msgs_TARGETS}
      cv_bridge::cv_bridge
      image_geometry::image_geometry
      image_transport::image_transport
      message_filters::message_filters
      rclcpp::rclcpp
      sensor_msgs::sensor_msgs_library
      tf2::tf2
      tf2_eigen::tf2_eigen
      tf2_geometry_msgs::tf2_geometry_msgs
      tf2_ros::static_transform_broadcaster_node
      tf2_ros::tf2_ros
    )

Call Stack (most recent call first):
  CMakeLists.txt:106 (ament_target_dependencies)

[0m
[0mCMake Deprecation Warning at /opt/ros/rolling/share/ament_cmake_target_dependencies/cmake/ament_target_dependencies.cmake:87 (message):
  ament_target_dependencies() is deprecated.  Use target_link_libraries()
  with modern CMake targets instead.  Try replacing this call with:

    target_link_libraries(gs_slam_node PUBLIC
      rclcpp::rclcpp
    )

Call Stack (most recent call first):
  CMakeLists.txt:166 (ament_target_dependencies)

[0m
-- Found ament_lint_auto: 0.20.3 (/opt/ros/rolling/share/ament_lint_auto/cmake)
-- Added test 'cppcheck' to perform static code analysis on C / C++ code
-- Configured cppcheck include dirs: /home/jorge/ros2_thesis_ws/src/f_vigs_slam/include;$<BUILD_INTERFACE:/home/jorge/ros2_thesis_ws/src/f_vigs_slam/include>
-- Configured cppcheck exclude dirs and/or files: 
-- Added test 'flake8' to check Python code syntax and style conventions
-- Configured 'flake8' exclude dirs and/or files: 
-- Added test 'lint_cmake' to check CMake code style
-- Added test 'pep257' to check Python code against some of the docstring style conventions in PEP 257
-- Added test 'uncrustify' to check C / C++ code style
-- Configured uncrustify additional arguments: 
-- Added test 'xmllint' to check XML markup files
-- Configuring done (5.8s)
[33mCMake Warning (dev) in CMakeLists.txt:
  Policy CMP0104 is not set: CMAKE_CUDA_ARCHITECTURES now detected for NVCC,
  empty CUDA_ARCHITECTURES not allowed.  Run "cmake --help-policy CMP0104"
  for policy details.  Use the cmake_policy command to set the policy and
  suppress this warning.

  CUDA_ARCHITECTURES is empty for target "GSSlam".
This warning is for project developers.  Use -Wno-dev to suppress it.
[0m
-- Generating done (0.1s)
[33mCMake Warning (dev) in CMakeLists.txt:
  Policy CMP0104 is not set: CMAKE_CUDA_ARCHITECTURES now detected for NVCC,
  empty CUDA_ARCHITECTURES not allowed.  Run "cmake --help-policy CMP0104"
  for policy details.  Use the cmake_policy command to set the policy and
  suppress this warning.

  CUDA_ARCHITECTURES is empty for target "GSSlam".
This warning is for project developers.  Use -Wno-dev to suppress it.
[0m
-- Build files have been written to: /home/jorge/ros2_thesis_ws/src/f_vigs_slam/build/f_vigs_slam
[ 58%] Built target GSSlam
[ 66%] [32mBuilding CXX object CMakeFiles/GSSlamNode.dir/src/GSSlamNode.cpp.o[0m
[ 75%] [32mBuilding CXX object CMakeFiles/GSSlamNode.dir/src/GaussianSplattingViewer.cpp.o[0m
In file included from [01m[K/home/jorge/ros2_thesis_ws/src/f_vigs_slam/include/f_vigs_slam/GSSlamNode.hpp:13[m[K,
                 from [01m[K/home/jorge/ros2_thesis_ws/src/f_vigs_slam/src/GSSlamNode.cpp:1[m[K:
[01m[K/opt/ros/rolling/include/tf2_ros/tf2_ros/buffer.h:40:4:[m[K [01;35m[Kwarning: [m[K#warning BUFFER_HEADER_DEPRECATION [[01;35m[K]8;;https://gcc.gnu.org/onlinedocs/gcc/Warning-Options.html#index-Wcpp-Wcpp]8;;[m[K]
   40 |   #[01;35m[Kwarning[m[K BUFFER_HEADER_DEPRECATION
      |    [01;35m[K^~~~~~~[m[K
In file included from [01m[K/home/jorge/ros2_thesis_ws/src/f_vigs_slam/include/f_vigs_slam/GSSlamNode.hpp:14[m[K:
[01m[K/opt/ros/rolling/include/tf2_ros/tf2_ros/transform_listener.h:40:4:[m[K [01;35m[Kwarning: [m[K#warning TRANSFORM_LISTENER_HEADER_DEPRECATION [[01;35m[K]8;;https://gcc.gnu.org/onlinedocs/gcc/Warning-Options.html#index-Wcpp-Wcpp]8;;[m[K]
   40 |   #[01;35m[Kwarning[m[K TRANSFORM_LISTENER_HEADER_DEPRECATION
      |    [01;35m[K^~~~~~~[m[K
In file included from [01m[K/usr/local/cuda/targets/x86_64-linux/include/thrust/detail/internal_functional.h:27[m[K,
                 from [01m[K/usr/local/cuda/targets/x86_64-linux/include/thrust/system/detail/generic/copy.inl:22[m[K,
                 from [01m[K/usr/local/cuda/targets/x86_64-linux/include/thrust/system/detail/generic/copy.h:57[m[K,
                 from [01m[K/usr/local/cuda/targets/x86_64-linux/include/thrust/detail/copy.inl:22[m[K,
                 from [01m[K/usr/local/cuda/targets/x86_64-linux/include/thrust/detail/copy.h:90[m[K,
                 from [01m[K/usr/local/cuda/targets/x86_64-linux/include/thrust/detail/allocator/copy_construct_range.inl:23[m[K,
                 from [01m[K/usr/local/cuda/targets/x86_64-linux/include/thrust/detail/allocator/copy_construct_range.h:45[m[K,
                 from [01m[K/usr/local/cuda/targets/x86_64-linux/include/thrust/detail/contiguous_storage.inl:23[m[K,
                 from [01m[K/usr/local/cuda/targets/x86_64-linux/include/thrust/detail/contiguous_storage.h:234[m[K,
                 from [01m[K/usr/local/cuda/targets/x86_64-linux/include/thrust/detail/vector_base.h:30[m[K,
                 from [01m[K/usr/local/cuda/targets/x86_64-linux/include/thrust/device_vector.h:26[m[K,
                 from [01m[K/home/jorge/ros2_thesis_ws/src/f_vigs_slam/include/f_vigs_slam/GSSlam.cuh:5[m[K,
                 from [01m[K/home/jorge/ros2_thesis_ws/src/f_vigs_slam/include/f_vigs_slam/GaussianSplattingViewer.hpp:10[m[K,
                 from [01m[K/home/jorge/ros2_thesis_ws/src/f_vigs_slam/src/GaussianSplattingViewer.cpp:1[m[K:
/usr/local/cuda/targets/x86_64-linux/include/thrust/system/detail/generic/for_each.h: In instantiation of ‘[01m[KInputIterator thrust::system::detail::generic::[01;32m[Kfor_each_n[m[K(thrust::execution_policy<Derived>&, InputIterator, Size, UnaryFunction) [35m[K[with DerivedPolicy = thrust::cuda_cub::tag; InputIterator = thrust::device_ptr<float3>; Size = long unsigned int; UnaryFunction = thrust::detail::device_generate_functor<thrust::detail::fill_functor<float3> >][m[K[m[K’:
[01m[K/usr/local/cuda/targets/x86_64-linux/include/thrust/detail/for_each.inl:67:20:[m[K   required from ‘[01m[KInputIterator thrust::[01;32m[Kfor_each_n[m[K(const detail::execution_policy_base<DerivedPolicy>&, InputIterator, Size, UnaryFunction) [35m[K[with DerivedPolicy = cuda_cub::tag; InputIterator = device_ptr<float3>; Size = long unsigned int; UnaryFunction = detail::device_generate_functor<detail::fill_functor<float3> >][m[K[m[K’
[01m[K/usr/local/cuda/targets/x86_64-linux/include/thrust/system/detail/generic/generate.inl:93:28:[m[K   required from ‘[01m[KOutputIterator thrust::system::detail::generic::[01;32m[Kgenerate_n[m[K(thrust::execution_policy<Derived>&, OutputIterator, Size, Generator) [35m[K[with ExecutionPolicy = thrust::cuda_cub::tag; OutputIterator = thrust::device_ptr<float3>; Size = long unsigned int; Generator = thrust::detail::fill_functor<float3>][m[K[m[K’
[01m[K/usr/local/cuda/targets/x86_64-linux/include/thrust/detail/generate.inl:56:20:[m[K   required from ‘[01m[KOutputIterator thrust::[01;32m[Kgenerate_n[m[K(const detail::execution_policy_base<DerivedPolicy>&, OutputIterator, Size, Generator) [35m[K[with DerivedPolicy = cuda_cub::tag; OutputIterator = device_ptr<float3>; Size = long unsigned int; Generator = detail::fill_functor<float3>][m[K[m[K’
[01m[K/usr/local/cuda/targets/x86_64-linux/include/thrust/system/detail/generic/fill.h:42:28:[m[K   required from ‘[01m[KOutputIterator thrust::system::detail::generic::[01;32m[Kfill_n[m[K(thrust::execution_policy<Derived>&, OutputIterator, Size, const T&) [35m[K[with DerivedPolicy = thrust::cuda_cub::tag; OutputIterator = thrust::device_ptr<float3>; Size = long unsigned int; T = float3][m[K[m[K’
[01m[K/usr/local/cuda/targets/x86_64-linux/include/thrust/detail/fill.inl:51:16:[m[K   required from ‘[01m[KOutputIterator thrust::[01;32m[Kfill_n[m[K(const detail::execution_policy_base<DerivedPolicy>&, OutputIterator, Size, const T&) [35m[K[with DerivedPolicy = cuda_cub::tag; OutputIterator = device_ptr<float3>; Size = long unsigned int; T = float3][m[K[m[K’
[01m[K/usr/local/cuda/targets/x86_64-linux/include/thrust/system/detail/generic/uninitialized_fill.inl:75:24:[m[K   [ skipping 3 instantiation contexts, use -ftemplate-backtrace-limit=0 to disable ]
[01m[K/usr/local/cuda/targets/x86_64-linux/include/thrust/detail/allocator/default_construct_range.inl:95:31:[m[K   required from ‘[01m[Ktypename thrust::detail::disable_if<thrust::detail::allocator_traits_detail::needs_default_construct_via_allocator<Allocator, typename thrust::detail::pointer_element<ToPtr>::type>::value>::type thrust::detail::allocator_traits_detail::[01;32m[Kdefault_construct_range[m[K(Allocator&, Pointer, Size) [35m[K[with Allocator = thrust::device_allocator<float3>; Pointer = thrust::device_ptr<float3>; Size = long unsigned int; typename thrust::detail::disable_if<needs_default_construct_via_allocator<Allocator, typename thrust::detail::pointer_element<ToPtr>::type>::value>::type = void; typename thrust::detail::pointer_element<ToPtr>::type = float3][m[K[m[K’
[01m[K/usr/local/cuda/targets/x86_64-linux/include/thrust/detail/allocator/default_construct_range.inl:106:58:[m[K   required from ‘[01m[Kvoid thrust::detail::[01;32m[Kdefault_construct_range[m[K(Allocator&, Pointer, Size) [35m[K[with Allocator = thrust::device_allocator<float3>; Pointer = thrust::device_ptr<float3>; Size = long unsigned int][m[K[m[K’
[01m[K/usr/local/cuda/targets/x86_64-linux/include/thrust/detail/contiguous_storage.inl:256:26:[m[K   required from ‘[01m[Kvoid thrust::detail::contiguous_storage<T, Alloc>::[01;32m[Kdefault_construct_n[m[K(iterator, size_type) [35m[K[with T = float3; Alloc = thrust::device_allocator<float3>; iterator = thrust::detail::normal_iterator<thrust::device_ptr<float3> >; size_type = long unsigned int][m[K[m[K’
[01m[K/usr/local/cuda/targets/x86_64-linux/include/thrust/detail/vector_base.inl:929:36:[m[K   required from ‘[01m[Kvoid thrust::detail::vector_base<T, Alloc>::[01;32m[Kappend[m[K(size_type) [35m[K[with T = float3; Alloc = thrust::device_allocator<float3>; size_type = long unsigned int][m[K[m[K’
[01m[K/usr/local/cuda/targets/x86_64-linux/include/thrust/detail/vector_base.inl:349:5:[m[K   required from ‘[01m[Kvoid thrust::detail::vector_base<T, Alloc>::[01;32m[Kresize[m[K(size_type) [35m[K[with T = float3; Alloc = thrust::device_allocator<float3>; size_type = long unsigned int][m[K[m[K’
[01m[K/home/jorge/ros2_thesis_ws/src/f_vigs_slam/include/f_vigs_slam/RepresentationClasses.hpp:63:29:[m[K   required from here
[01m[K/usr/local/cuda/targets/x86_64-linux/include/thrust/system/detail/generic/for_each.h:66:69:[m[K [01;31m[Kerror: [m[Kstatic assertion failed: unimplemented for this system
   66 |     [01;31m[K(thrust::detail::depend_on_instantiation<InputIterator, false>::value)[m[K
      |     [01;31m[K~~~~~~~~~~~~~~~~~~~~~~~~~~~~~~~~~~~~~~~~~~~~~~~~~~~~~~~~~~~~~~~~^~~~~~[m[K
[01m[K/usr/local/cuda/targets/x86_64-linux/include/thrust/detail/static_assert.h:50:58:[m[K [01;36m[Knote: [m[Kin definition of macro ‘[01m[KTHRUST_STATIC_ASSERT_MSG[m[K’
   50 | #  define THRUST_STATIC_ASSERT_MSG(B, msg) static_assert([01;36m[KB[m[K, msg)
      |                                                          [01;36m[K^[m[K
[01m[K/usr/local/cuda/targets/x86_64-linux/include/thrust/system/detail/generic/for_each.h:66:69:[m[K [01;36m[Knote: [m[K‘[01m[Kthrust::detail::depend_on_instantiation<thrust::device_ptr<float3>, false>::value[m[K’ evaluates to false
   66 |     [01;36m[K(thrust::detail::depend_on_instantiation<InputIterator, false>::value)[m[K
      |     [01;36m[K~~~~~~~~~~~~~~~~~~~~~~~~~~~~~~~~~~~~~~~~~~~~~~~~~~~~~~~~~~~~~~~~^~~~~~[m[K
[01m[K/usr/local/cuda/targets/x86_64-linux/include/thrust/detail/static_assert.h:50:58:[m[K [01;36m[Knote: [m[Kin definition of macro ‘[01m[KTHRUST_STATIC_ASSERT_MSG[m[K’
   50 | #  define THRUST_STATIC_ASSERT_MSG(B, msg) static_assert([01;36m[KB[m[K, msg)
      |                                                          [01;36m[K^[m[K
/usr/local/cuda/targets/x86_64-linux/include/thrust/system/detail/generic/for_each.h: In instantiation of ‘[01m[KInputIterator thrust::system::detail::generic::[01;32m[Kfor_each_n[m[K(thrust::execution_policy<Derived>&, InputIterator, Size, UnaryFunction) [35m[K[with DerivedPolicy = thrust::cuda_cub::tag; InputIterator = thrust::device_ptr<float4>; Size = long unsigned int; UnaryFunction = thrust::detail::device_generate_functor<thrust::detail::fill_functor<float4> >][m[K[m[K’:
[01m[K/usr/local/cuda/targets/x86_64-linux/include/thrust/detail/for_each.inl:67:20:[m[K   required from ‘[01m[KInputIterator thrust::[01;32m[Kfor_each_n[m[K(const detail::execution_policy_base<DerivedPolicy>&, InputIterator, Size, UnaryFunction) [35m[K[with DerivedPolicy = cuda_cub::tag; InputIterator = device_ptr<float4>; Size = long unsigned int; UnaryFunction = detail::device_generate_functor<detail::fill_functor<float4> >][m[K[m[K’
[01m[K/usr/local/cuda/targets/x86_64-linux/include/thrust/system/detail/generic/generate.inl:93:28:[m[K   required from ‘[01m[KOutputIterator thrust::system::detail::generic::[01;32m[Kgenerate_n[m[K(thrust::execution_policy<Derived>&, OutputIterator, Size, Generator) [35m[K[with ExecutionPolicy = thrust::cuda_cub::tag; OutputIterator = thrust::device_ptr<float4>; Size = long unsigned int; Generator = thrust::detail::fill_functor<float4>][m[K[m[K’
[01m[K/usr/local/cuda/targets/x86_64-linux/include/thrust/detail/generate.inl:56:20:[m[K   required from ‘[01m[KOutputIterator thrust::[01;32m[Kgenerate_n[m[K(const detail::execution_policy_base<DerivedPolicy>&, OutputIterator, Size, Generator) [35m[K[with DerivedPolicy = cuda_cub::tag; OutputIterator = device_ptr<float4>; Size = long unsigned int; Generator = detail::fill_functor<float4>][m[K[m[K’
[01m[K/usr/local/cuda/targets/x86_64-linux/include/thrust/system/detail/generic/fill.h:42:28:[m[K   required from ‘[01m[KOutputIterator thrust::system::detail::generic::[01;32m[Kfill_n[m[K(thrust::execution_policy<Derived>&, OutputIterator, Size, const T&) [35m[K[with DerivedPolicy = thrust::cuda_cub::tag; OutputIterator = thrust::device_ptr<float4>; Size = long unsigned int; T = float4][m[K[m[K’
[01m[K/usr/local/cuda/targets/x86_64-linux/include/thrust/detail/fill.inl:51:16:[m[K   required from ‘[01m[KOutputIterator thrust::[01;32m[Kfill_n[m[K(const detail::execution_policy_base<DerivedPolicy>&, OutputIterator, Size, const T&) [35m[K[with DerivedPolicy = cuda_cub::tag; OutputIterator = device_ptr<float4>; Size = long unsigned int; T = float4][m[K[m[K’
[01m[K/usr/local/cuda/targets/x86_64-linux/include/thrust/system/detail/generic/uninitialized_fill.inl:75:24:[m[K   [ skipping 3 instantiation contexts, use -ftemplate-backtrace-limit=0 to disable ]
[01m[K/usr/local/cuda/targets/x86_64-linux/include/thrust/detail/allocator/default_construct_range.inl:95:31:[m[K   required from ‘[01m[Ktypename thrust::detail::disable_if<thrust::detail::allocator_traits_detail::needs_default_construct_via_allocator<Allocator, typename thrust::detail::pointer_element<ToPtr>::type>::value>::type thrust::detail::allocator_traits_detail::[01;32m[Kdefault_construct_range[m[K(Allocator&, Pointer, Size) [35m[K[with Allocator = thrust::device_allocator<float4>; Pointer = thrust::device_ptr<float4>; Size = long unsigned int; typename thrust::detail::disable_if<needs_default_construct_via_allocator<Allocator, typename thrust::detail::pointer_element<ToPtr>::type>::value>::type = void; typename thrust::detail::pointer_element<ToPtr>::type = float4][m[K[m[K’
[01m[K/usr/local/cuda/targets/x86_64-linux/include/thrust/detail/allocator/default_construct_range.inl:106:58:[m[K   required from ‘[01m[Kvoid thrust::detail::[01;32m[Kdefault_construct_range[m[K(Allocator&, Pointer, Size) [35m[K[with Allocator = thrust::device_allocator<float4>; Pointer = thrust::device_ptr<float4>; Size = long unsigned int][m[K[m[K’
[01m[K/usr/local/cuda/targets/x86_64-linux/include/thrust/detail/contiguous_storage.inl:256:26:[m[K   required from ‘[01m[Kvoid thrust::detail::contiguous_storage<T, Alloc>::[01;32m[Kdefault_construct_n[m[K(iterator, size_type) [35m[K[with T = float4; Alloc = thrust::device_allocator<float4>; iterator = thrust::detail::normal_iterator<thrust::device_ptr<float4> >; size_type = long unsigned int][m[K[m[K’
[01m[K/usr/local/cuda/targets/x86_64-linux/include/thrust/detail/vector_base.inl:929:36:[m[K   required from ‘[01m[Kvoid thrust::detail::vector_base<T, Alloc>::[01;32m[Kappend[m[K(size_type) [35m[K[with T = float4; Alloc = thrust::device_allocator<float4>; size_type = long unsigned int][m[K[m[K’
[01m[K/usr/local/cuda/targets/x86_64-linux/include/thrust/detail/vector_base.inl:349:5:[m[K   required from ‘[01m[Kvoid thrust::detail::vector_base<T, Alloc>::[01;32m[Kresize[m[K(size_type) [35m[K[with T = float4; Alloc = thrust::device_allocator<float4>; size_type = long unsigned int][m[K[m[K’
[01m[K/home/jorge/ros2_thesis_ws/src/f_vigs_slam/include/f_vigs_slam/RepresentationClasses.hpp:65:32:[m[K   required from here
[01m[K/usr/local/cuda/targets/x86_64-linux/include/thrust/system/detail/generic/for_each.h:66:69:[m[K [01;31m[Kerror: [m[Kstatic assertion failed: unimplemented for this system
   66 |     [01;31m[K(thrust::detail::depend_on_instantiation<InputIterator, false>::value)[m[K
      |     [01;31m[K~~~~~~~~~~~~~~~~~~~~~~~~~~~~~~~~~~~~~~~~~~~~~~~~~~~~~~~~~~~~~~~~^~~~~~[m[K
[01m[K/usr/local/cuda/targets/x86_64-linux/include/thrust/detail/static_assert.h:50:58:[m[K [01;36m[Knote: [m[Kin definition of macro ‘[01m[KTHRUST_STATIC_ASSERT_MSG[m[K’
   50 | #  define THRUST_STATIC_ASSERT_MSG(B, msg) static_assert([01;36m[KB[m[K, msg)
      |                                                          [01;36m[K^[m[K
[01m[K/usr/local/cuda/targets/x86_64-linux/include/thrust/system/detail/generic/for_each.h:66:69:[m[K [01;36m[Knote: [m[K‘[01m[Kthrust::detail::depend_on_instantiation<thrust::device_ptr<float4>, false>::value[m[K’ evaluates to false
   66 |     [01;36m[K(thrust::detail::depend_on_instantiation<InputIterator, false>::value)[m[K
      |     [01;36m[K~~~~~~~~~~~~~~~~~~~~~~~~~~~~~~~~~~~~~~~~~~~~~~~~~~~~~~~~~~~~~~~~^~~~~~[m[K
[01m[K/usr/local/cuda/targets/x86_64-linux/include/thrust/detail/static_assert.h:50:58:[m[K [01;36m[Knote: [m[Kin definition of macro ‘[01m[KTHRUST_STATIC_ASSERT_MSG[m[K’
   50 | #  define THRUST_STATIC_ASSERT_MSG(B, msg) static_assert([01;36m[KB[m[K, msg)
      |                                                          [01;36m[K^[m[K
/usr/local/cuda/targets/x86_64-linux/include/thrust/system/detail/generic/for_each.h: In instantiation of ‘[01m[KInputIterator thrust::system::detail::generic::[01;32m[Kfor_each_n[m[K(thrust::execution_policy<Derived>&, InputIterator, Size, UnaryFunction) [35m[K[with DerivedPolicy = thrust::cuda_cub::tag; InputIterator = thrust::device_ptr<float>; Size = long unsigned int; UnaryFunction = thrust::detail::device_generate_functor<thrust::detail::fill_functor<float> >][m[K[m[K’:
[01m[K/usr/local/cuda/targets/x86_64-linux/include/thrust/detail/for_each.inl:67:20:[m[K   required from ‘[01m[KInputIterator thrust::[01;32m[Kfor_each_n[m[K(const detail::execution_policy_base<DerivedPolicy>&, InputIterator, Size, UnaryFunction) [35m[K[with DerivedPolicy = cuda_cub::tag; InputIterator = device_ptr<float>; Size = long unsigned int; UnaryFunction = detail::device_generate_functor<detail::fill_functor<float> >][m[K[m[K’
[01m[K/usr/local/cuda/targets/x86_64-linux/include/thrust/system/detail/generic/generate.inl:93:28:[m[K   required from ‘[01m[KOutputIterator thrust::system::detail::generic::[01;32m[Kgenerate_n[m[K(thrust::execution_policy<Derived>&, OutputIterator, Size, Generator) [35m[K[with ExecutionPolicy = thrust::cuda_cub::tag; OutputIterator = thrust::device_ptr<float>; Size = long unsigned int; Generator = thrust::detail::fill_functor<float>][m[K[m[K’
[01m[K/usr/local/cuda/targets/x86_64-linux/include/thrust/detail/generate.inl:56:20:[m[K   required from ‘[01m[KOutputIterator thrust::[01;32m[Kgenerate_n[m[K(const detail::execution_policy_base<DerivedPolicy>&, OutputIterator, Size, Generator) [35m[K[with DerivedPolicy = cuda_cub::tag; OutputIterator = device_ptr<float>; Size = long unsigned int; Generator = detail::fill_functor<float>][m[K[m[K’
[01m[K/usr/local/cuda/targets/x86_64-linux/include/thrust/system/detail/generic/fill.h:42:28:[m[K   required from ‘[01m[KOutputIterator thrust::system::detail::generic::[01;32m[Kfill_n[m[K(thrust::execution_policy<Derived>&, OutputIterator, Size, const T&) [35m[K[with DerivedPolicy = thrust::cuda_cub::tag; OutputIterator = thrust::device_ptr<float>; Size = long unsigned int; T = float][m[K[m[K’
[01m[K/usr/local/cuda/targets/x86_64-linux/include/thrust/detail/fill.inl:51:16:[m[K   required from ‘[01m[KOutputIterator thrust::[01;32m[Kfill_n[m[K(const detail::execution_policy_base<DerivedPolicy>&, OutputIterator, Size, const T&) [35m[K[with DerivedPolicy = cuda_cub::tag; OutputIterator = device_ptr<float>; Size = long unsigned int; T = float][m[K[m[K’
[01m[K/usr/local/cuda/targets/x86_64-linux/include/thrust/system/detail/generic/uninitialized_fill.inl:75:24:[m[K   [ skipping 3 instantiation contexts, use -ftemplate-backtrace-limit=0 to disable ]
[01m[K/usr/local/cuda/targets/x86_64-linux/include/thrust/detail/allocator/default_construct_range.inl:95:31:[m[K   required from ‘[01m[Ktypename thrust::detail::disable_if<thrust::detail::allocator_traits_detail::needs_default_construct_via_allocator<Allocator, typename thrust::detail::pointer_element<ToPtr>::type>::value>::type thrust::detail::allocator_traits_detail::[01;32m[Kdefault_construct_range[m[K(Allocator&, Pointer, Size) [35m[K[with Allocator = thrust::device_allocator<float>; Pointer = thrust::device_ptr<float>; Size = long unsigned int; typename thrust::detail::disable_if<needs_default_construct_via_allocator<Allocator, typename thrust::detail::pointer_element<ToPtr>::type>::value>::type = void; typename thrust::detail::pointer_element<ToPtr>::type = float][m[K[m[K’
[01m[K/usr/local/cuda/targets/x86_64-linux/include/thrust/detail/allocator/default_construct_range.inl:106:58:[m[K   required from ‘[01m[Kvoid thrust::detail::[01;32m[Kdefault_construct_range[m[K(Allocator&, Pointer, Size) [35m[K[with Allocator = thrust::device_allocator<float>; Pointer = thrust::device_ptr<float>; Size = long unsigned int][m[K[m[K’
[01m[K/usr/local/cuda/targets/x86_64-linux/include/thrust/detail/contiguous_storage.inl:256:26:[m[K   required from ‘[01m[Kvoid thrust::detail::contiguous_storage<T, Alloc>::[01;32m[Kdefault_construct_n[m[K(iterator, size_type) [35m[K[with T = float; Alloc = thrust::device_allocator<float>; iterator = thrust::detail::normal_iterator<thrust::device_ptr<float> >; size_type = long unsigned int][m[K[m[K’
[01m[K/usr/local/cuda/targets/x86_64-linux/include/thrust/detail/vector_base.inl:929:36:[m[K   required from ‘[01m[Kvoid thrust::detail::vector_base<T, Alloc>::[01;32m[Kappend[m[K(size_type) [35m[K[with T = float; Alloc = thrust::device_allocator<float>; size_type = long unsigned int][m[K[m[K’
[01m[K/usr/local/cuda/targets/x86_64-linux/include/thrust/detail/vector_base.inl:349:5:[m[K   required from ‘[01m[Kvoid thrust::detail::vector_base<T, Alloc>::[01;32m[Kresize[m[K(size_type) [35m[K[with T = float; Alloc = thrust::device_allocator<float>; size_type = long unsigned int][m[K[m[K’
[01m[K/home/jorge/ros2_thesis_ws/src/f_vigs_slam/include/f_vigs_slam/RepresentationClasses.hpp:67:29:[m[K   required from here
[01m[K/usr/local/cuda/targets/x86_64-linux/include/thrust/system/detail/generic/for_each.h:66:69:[m[K [01;31m[Kerror: [m[Kstatic assertion failed: unimplemented for this system
   66 |     [01;31m[K(thrust::detail::depend_on_instantiation<InputIterator, false>::value)[m[K
      |     [01;31m[K~~~~~~~~~~~~~~~~~~~~~~~~~~~~~~~~~~~~~~~~~~~~~~~~~~~~~~~~~~~~~~~~^~~~~~[m[K
[01m[K/usr/local/cuda/targets/x86_64-linux/include/thrust/detail/static_assert.h:50:58:[m[K [01;36m[Knote: [m[Kin definition of macro ‘[01m[KTHRUST_STATIC_ASSERT_MSG[m[K’
   50 | #  define THRUST_STATIC_ASSERT_MSG(B, msg) static_assert([01;36m[KB[m[K, msg)
      |                                                          [01;36m[K^[m[K
[01m[K/usr/local/cuda/targets/x86_64-linux/include/thrust/system/detail/generic/for_each.h:66:69:[m[K [01;36m[Knote: [m[K‘[01m[Kthrust::detail::depend_on_instantiation<thrust::device_ptr<float>, false>::value[m[K’ evaluates to false
   66 |     [01;36m[K(thrust::detail::depend_on_instantiation<InputIterator, false>::value)[m[K
      |     [01;36m[K~~~~~~~~~~~~~~~~~~~~~~~~~~~~~~~~~~~~~~~~~~~~~~~~~~~~~~~~~~~~~~~~^~~~~~[m[K
[01m[K/usr/local/cuda/targets/x86_64-linux/include/thrust/detail/static_assert.h:50:58:[m[K [01;36m[Knote: [m[Kin definition of macro ‘[01m[KTHRUST_STATIC_ASSERT_MSG[m[K’
   50 | #  define THRUST_STATIC_ASSERT_MSG(B, msg) static_assert([01;36m[KB[m[K, msg)
      |                                                          [01;36m[K^[m[K
gmake[2]: *** [CMakeFiles/GSSlamNode.dir/build.make:90: CMakeFiles/GSSlamNode.dir/src/GaussianSplattingViewer.cpp.o] Error 1
gmake[2]: *** Waiting for unfinished jobs....
In file included from [01m[K/usr/local/cuda/targets/x86_64-linux/include/thrust/detail/internal_functional.h:27[m[K,
                 from [01m[K/usr/local/cuda/targets/x86_64-linux/include/thrust/system/detail/generic/copy.inl:22[m[K,
                 from [01m[K/usr/local/cuda/targets/x86_64-linux/include/thrust/system/detail/generic/copy.h:57[m[K,
                 from [01m[K/usr/local/cuda/targets/x86_64-linux/include/thrust/detail/copy.inl:22[m[K,
                 from [01m[K/usr/local/cuda/targets/x86_64-linux/include/thrust/detail/copy.h:90[m[K,
                 from [01m[K/usr/local/cuda/targets/x86_64-linux/include/thrust/detail/allocator/copy_construct_range.inl:23[m[K,
                 from [01m[K/usr/local/cuda/targets/x86_64-linux/include/thrust/detail/allocator/copy_construct_range.h:45[m[K,
                 from [01m[K/usr/local/cuda/targets/x86_64-linux/include/thrust/detail/contiguous_storage.inl:23[m[K,
                 from [01m[K/usr/local/cuda/targets/x86_64-linux/include/thrust/detail/contiguous_storage.h:234[m[K,
                 from [01m[K/usr/local/cuda/targets/x86_64-linux/include/thrust/detail/vector_base.h:30[m[K,
                 from [01m[K/usr/local/cuda/targets/x86_64-linux/include/thrust/device_vector.h:26[m[K,
                 from [01m[K/home/jorge/ros2_thesis_ws/src/f_vigs_slam/include/f_vigs_slam/GSSlam.cuh:5[m[K,
                 from [01m[K/home/jorge/ros2_thesis_ws/src/f_vigs_slam/include/f_vigs_slam/GSSlamNode.hpp:4[m[K:
/usr/local/cuda/targets/x86_64-linux/include/thrust/system/detail/generic/for_each.h: In instantiation of ‘[01m[KInputIterator thrust::system::detail::generic::[01;32m[Kfor_each_n[m[K(thrust::execution_policy<Derived>&, InputIterator, Size, UnaryFunction) [35m[K[with DerivedPolicy = thrust::cuda_cub::tag; InputIterator = thrust::device_ptr<float3>; Size = long unsigned int; UnaryFunction = thrust::detail::device_generate_functor<thrust::detail::fill_functor<float3> >][m[K[m[K’:
[01m[K/usr/local/cuda/targets/x86_64-linux/include/thrust/detail/for_each.inl:67:20:[m[K   required from ‘[01m[KInputIterator thrust::[01;32m[Kfor_each_n[m[K(const detail::execution_policy_base<DerivedPolicy>&, InputIterator, Size, UnaryFunction) [35m[K[with DerivedPolicy = cuda_cub::tag; InputIterator = device_ptr<float3>; Size = long unsigned int; UnaryFunction = detail::device_generate_functor<detail::fill_functor<float3> >][m[K[m[K’
[01m[K/usr/local/cuda/targets/x86_64-linux/include/thrust/system/detail/generic/generate.inl:93:28:[m[K   required from ‘[01m[KOutputIterator thrust::system::detail::generic::[01;32m[Kgenerate_n[m[K(thrust::execution_policy<Derived>&, OutputIterator, Size, Generator) [35m[K[with ExecutionPolicy = thrust::cuda_cub::tag; OutputIterator = thrust::device_ptr<float3>; Size = long unsigned int; Generator = thrust::detail::fill_functor<float3>][m[K[m[K’
[01m[K/usr/local/cuda/targets/x86_64-linux/include/thrust/detail/generate.inl:56:20:[m[K   required from ‘[01m[KOutputIterator thrust::[01;32m[Kgenerate_n[m[K(const detail::execution_policy_base<DerivedPolicy>&, OutputIterator, Size, Generator) [35m[K[with DerivedPolicy = cuda_cub::tag; OutputIterator = device_ptr<float3>; Size = long unsigned int; Generator = detail::fill_functor<float3>][m[K[m[K’
[01m[K/usr/local/cuda/targets/x86_64-linux/include/thrust/system/detail/generic/fill.h:42:28:[m[K   required from ‘[01m[KOutputIterator thrust::system::detail::generic::[01;32m[Kfill_n[m[K(thrust::execution_policy<Derived>&, OutputIterator, Size, const T&) [35m[K[with DerivedPolicy = thrust::cuda_cub::tag; OutputIterator = thrust::device_ptr<float3>; Size = long unsigned int; T = float3][m[K[m[K’
[01m[K/usr/local/cuda/targets/x86_64-linux/include/thrust/detail/fill.inl:51:16:[m[K   required from ‘[01m[KOutputIterator thrust::[01;32m[Kfill_n[m[K(const detail::execution_policy_base<DerivedPolicy>&, OutputIterator, Size, const T&) [35m[K[with DerivedPolicy = cuda_cub::tag; OutputIterator = device_ptr<float3>; Size = long unsigned int; T = float3][m[K[m[K’
[01m[K/usr/local/cuda/targets/x86_64-linux/include/thrust/system/detail/generic/uninitialized_fill.inl:75:24:[m[K   [ skipping 3 instantiation contexts, use -ftemplate-backtrace-limit=0 to disable ]
[01m[K/usr/local/cuda/targets/x86_64-linux/include/thrust/detail/allocator/default_construct_range.inl:95:31:[m[K   required from ‘[01m[Ktypename thrust::detail::disable_if<thrust::detail::allocator_traits_detail::needs_default_construct_via_allocator<Allocator, typename thrust::detail::pointer_element<ToPtr>::type>::value>::type thrust::detail::allocator_traits_detail::[01;32m[Kdefault_construct_range[m[K(Allocator&, Pointer, Size) [35m[K[with Allocator = thrust::device_allocator<float3>; Pointer = thrust::device_ptr<float3>; Size = long unsigned int; typename thrust::detail::disable_if<needs_default_construct_via_allocator<Allocator, typename thrust::detail::pointer_element<ToPtr>::type>::value>::type = void; typename thrust::detail::pointer_element<ToPtr>::type = float3][m[K[m[K’
[01m[K/usr/local/cuda/targets/x86_64-linux/include/thrust/detail/allocator/default_construct_range.inl:106:58:[m[K   required from ‘[01m[Kvoid thrust::detail::[01;32m[Kdefault_construct_range[m[K(Allocator&, Pointer, Size) [35m[K[with Allocator = thrust::device_allocator<float3>; Pointer = thrust::device_ptr<float3>; Size = long unsigned int][m[K[m[K’
[01m[K/usr/local/cuda/targets/x86_64-linux/include/thrust/detail/contiguous_storage.inl:256:26:[m[K   required from ‘[01m[Kvoid thrust::detail::contiguous_storage<T, Alloc>::[01;32m[Kdefault_construct_n[m[K(iterator, size_type) [35m[K[with T = float3; Alloc = thrust::device_allocator<float3>; iterator = thrust::detail::normal_iterator<thrust::device_ptr<float3> >; size_type = long unsigned int][m[K[m[K’
[01m[K/usr/local/cuda/targets/x86_64-linux/include/thrust/detail/vector_base.inl:929:36:[m[K   required from ‘[01m[Kvoid thrust::detail::vector_base<T, Alloc>::[01;32m[Kappend[m[K(size_type) [35m[K[with T = float3; Alloc = thrust::device_allocator<float3>; size_type = long unsigned int][m[K[m[K’
[01m[K/usr/local/cuda/targets/x86_64-linux/include/thrust/detail/vector_base.inl:349:5:[m[K   required from ‘[01m[Kvoid thrust::detail::vector_base<T, Alloc>::[01;32m[Kresize[m[K(size_type) [35m[K[with T = float3; Alloc = thrust::device_allocator<float3>; size_type = long unsigned int][m[K[m[K’
[01m[K/home/jorge/ros2_thesis_ws/src/f_vigs_slam/include/f_vigs_slam/RepresentationClasses.hpp:63:29:[m[K   required from here
[01m[K/usr/local/cuda/targets/x86_64-linux/include/thrust/system/detail/generic/for_each.h:66:69:[m[K [01;31m[Kerror: [m[Kstatic assertion failed: unimplemented for this system
   66 |     [01;31m[K(thrust::detail::depend_on_instantiation<InputIterator, false>::value)[m[K
      |     [01;31m[K~~~~~~~~~~~~~~~~~~~~~~~~~~~~~~~~~~~~~~~~~~~~~~~~~~~~~~~~~~~~~~~~^~~~~~[m[K
[01m[K/usr/local/cuda/targets/x86_64-linux/include/thrust/detail/static_assert.h:50:58:[m[K [01;36m[Knote: [m[Kin definition of macro ‘[01m[KTHRUST_STATIC_ASSERT_MSG[m[K’
   50 | #  define THRUST_STATIC_ASSERT_MSG(B, msg) static_assert([01;36m[KB[m[K, msg)
      |                                                          [01;36m[K^[m[K
[01m[K/usr/local/cuda/targets/x86_64-linux/include/thrust/system/detail/generic/for_each.h:66:69:[m[K [01;36m[Knote: [m[K‘[01m[Kthrust::detail::depend_on_instantiation<thrust::device_ptr<float3>, false>::value[m[K’ evaluates to false
   66 |     [01;36m[K(thrust::detail::depend_on_instantiation<InputIterator, false>::value)[m[K
      |     [01;36m[K~~~~~~~~~~~~~~~~~~~~~~~~~~~~~~~~~~~~~~~~~~~~~~~~~~~~~~~~~~~~~~~~^~~~~~[m[K
[01m[K/usr/local/cuda/targets/x86_64-linux/include/thrust/detail/static_assert.h:50:58:[m[K [01;36m[Knote: [m[Kin definition of macro ‘[01m[KTHRUST_STATIC_ASSERT_MSG[m[K’
   50 | #  define THRUST_STATIC_ASSERT_MSG(B, msg) static_assert([01;36m[KB[m[K, msg)
      |                                                          [01;36m[K^[m[K
/usr/local/cuda/targets/x86_64-linux/include/thrust/system/detail/generic/for_each.h: In instantiation of ‘[01m[KInputIterator thrust::system::detail::generic::[01;32m[Kfor_each_n[m[K(thrust::execution_policy<Derived>&, InputIterator, Size, UnaryFunction) [35m[K[with DerivedPolicy = thrust::cuda_cub::tag; InputIterator = thrust::device_ptr<float4>; Size = long unsigned int; UnaryFunction = thrust::detail::device_generate_functor<thrust::detail::fill_functor<float4> >][m[K[m[K’:
[01m[K/usr/local/cuda/targets/x86_64-linux/include/thrust/detail/for_each.inl:67:20:[m[K   required from ‘[01m[KInputIterator thrust::[01;32m[Kfor_each_n[m[K(const detail::execution_policy_base<DerivedPolicy>&, InputIterator, Size, UnaryFunction) [35m[K[with DerivedPolicy = cuda_cub::tag; InputIterator = device_ptr<float4>; Size = long unsigned int; UnaryFunction = detail::device_generate_functor<detail::fill_functor<float4> >][m[K[m[K’
[01m[K/usr/local/cuda/targets/x86_64-linux/include/thrust/system/detail/generic/generate.inl:93:28:[m[K   required from ‘[01m[KOutputIterator thrust::system::detail::generic::[01;32m[Kgenerate_n[m[K(thrust::execution_policy<Derived>&, OutputIterator, Size, Generator) [35m[K[with ExecutionPolicy = thrust::cuda_cub::tag; OutputIterator = thrust::device_ptr<float4>; Size = long unsigned int; Generator = thrust::detail::fill_functor<float4>][m[K[m[K’
[01m[K/usr/local/cuda/targets/x86_64-linux/include/thrust/detail/generate.inl:56:20:[m[K   required from ‘[01m[KOutputIterator thrust::[01;32m[Kgenerate_n[m[K(const detail::execution_policy_base<DerivedPolicy>&, OutputIterator, Size, Generator) [35m[K[with DerivedPolicy = cuda_cub::tag; OutputIterator = device_ptr<float4>; Size = long unsigned int; Generator = detail::fill_functor<float4>][m[K[m[K’
[01m[K/usr/local/cuda/targets/x86_64-linux/include/thrust/system/detail/generic/fill.h:42:28:[m[K   required from ‘[01m[KOutputIterator thrust::system::detail::generic::[01;32m[Kfill_n[m[K(thrust::execution_policy<Derived>&, OutputIterator, Size, const T&) [35m[K[with DerivedPolicy = thrust::cuda_cub::tag; OutputIterator = thrust::device_ptr<float4>; Size = long unsigned int; T = float4][m[K[m[K’
[01m[K/usr/local/cuda/targets/x86_64-linux/include/thrust/detail/fill.inl:51:16:[m[K   required from ‘[01m[KOutputIterator thrust::[01;32m[Kfill_n[m[K(const detail::execution_policy_base<DerivedPolicy>&, OutputIterator, Size, const T&) [35m[K[with DerivedPolicy = cuda_cub::tag; OutputIterator = device_ptr<float4>; Size = long unsigned int; T = float4][m[K[m[K’
[01m[K/usr/local/cuda/targets/x86_64-linux/include/thrust/system/detail/generic/uninitialized_fill.inl:75:24:[m[K   [ skipping 3 instantiation contexts, use -ftemplate-backtrace-limit=0 to disable ]
[01m[K/usr/local/cuda/targets/x86_64-linux/include/thrust/detail/allocator/default_construct_range.inl:95:31:[m[K   required from ‘[01m[Ktypename thrust::detail::disable_if<thrust::detail::allocator_traits_detail::needs_default_construct_via_allocator<Allocator, typename thrust::detail::pointer_element<ToPtr>::type>::value>::type thrust::detail::allocator_traits_detail::[01;32m[Kdefault_construct_range[m[K(Allocator&, Pointer, Size) [35m[K[with Allocator = thrust::device_allocator<float4>; Pointer = thrust::device_ptr<float4>; Size = long unsigned int; typename thrust::detail::disable_if<needs_default_construct_via_allocator<Allocator, typename thrust::detail::pointer_element<ToPtr>::type>::value>::type = void; typename thrust::detail::pointer_element<ToPtr>::type = float4][m[K[m[K’
[01m[K/usr/local/cuda/targets/x86_64-linux/include/thrust/detail/allocator/default_construct_range.inl:106:58:[m[K   required from ‘[01m[Kvoid thrust::detail::[01;32m[Kdefault_construct_range[m[K(Allocator&, Pointer, Size) [35m[K[with Allocator = thrust::device_allocator<float4>; Pointer = thrust::device_ptr<float4>; Size = long unsigned int][m[K[m[K’
[01m[K/usr/local/cuda/targets/x86_64-linux/include/thrust/detail/contiguous_storage.inl:256:26:[m[K   required from ‘[01m[Kvoid thrust::detail::contiguous_storage<T, Alloc>::[01;32m[Kdefault_construct_n[m[K(iterator, size_type) [35m[K[with T = float4; Alloc = thrust::device_allocator<float4>; iterator = thrust::detail::normal_iterator<thrust::device_ptr<float4> >; size_type = long unsigned int][m[K[m[K’
[01m[K/usr/local/cuda/targets/x86_64-linux/include/thrust/detail/vector_base.inl:929:36:[m[K   required from ‘[01m[Kvoid thrust::detail::vector_base<T, Alloc>::[01;32m[Kappend[m[K(size_type) [35m[K[with T = float4; Alloc = thrust::device_allocator<float4>; size_type = long unsigned int][m[K[m[K’
[01m[K/usr/local/cuda/targets/x86_64-linux/include/thrust/detail/vector_base.inl:349:5:[m[K   required from ‘[01m[Kvoid thrust::detail::vector_base<T, Alloc>::[01;32m[Kresize[m[K(size_type) [35m[K[with T = float4; Alloc = thrust::device_allocator<float4>; size_type = long unsigned int][m[K[m[K’
[01m[K/home/jorge/ros2_thesis_ws/src/f_vigs_slam/include/f_vigs_slam/RepresentationClasses.hpp:65:32:[m[K   required from here
[01m[K/usr/local/cuda/targets/x86_64-linux/include/thrust/system/detail/generic/for_each.h:66:69:[m[K [01;31m[Kerror: [m[Kstatic assertion failed: unimplemented for this system
   66 |     [01;31m[K(thrust::detail::depend_on_instantiation<InputIterator, false>::value)[m[K
      |     [01;31m[K~~~~~~~~~~~~~~~~~~~~~~~~~~~~~~~~~~~~~~~~~~~~~~~~~~~~~~~~~~~~~~~~^~~~~~[m[K
[01m[K/usr/local/cuda/targets/x86_64-linux/include/thrust/detail/static_assert.h:50:58:[m[K [01;36m[Knote: [m[Kin definition of macro ‘[01m[KTHRUST_STATIC_ASSERT_MSG[m[K’
   50 | #  define THRUST_STATIC_ASSERT_MSG(B, msg) static_assert([01;36m[KB[m[K, msg)
      |                                                          [01;36m[K^[m[K
[01m[K/usr/local/cuda/targets/x86_64-linux/include/thrust/system/detail/generic/for_each.h:66:69:[m[K [01;36m[Knote: [m[K‘[01m[Kthrust::detail::depend_on_instantiation<thrust::device_ptr<float4>, false>::value[m[K’ evaluates to false
   66 |     [01;36m[K(thrust::detail::depend_on_instantiation<InputIterator, false>::value)[m[K
      |     [01;36m[K~~~~~~~~~~~~~~~~~~~~~~~~~~~~~~~~~~~~~~~~~~~~~~~~~~~~~~~~~~~~~~~~^~~~~~[m[K
[01m[K/usr/local/cuda/targets/x86_64-linux/include/thrust/detail/static_assert.h:50:58:[m[K [01;36m[Knote: [m[Kin definition of macro ‘[01m[KTHRUST_STATIC_ASSERT_MSG[m[K’
   50 | #  define THRUST_STATIC_ASSERT_MSG(B, msg) static_assert([01;36m[KB[m[K, msg)
      |                                                          [01;36m[K^[m[K
/usr/local/cuda/targets/x86_64-linux/include/thrust/system/detail/generic/for_each.h: In instantiation of ‘[01m[KInputIterator thrust::system::detail::generic::[01;32m[Kfor_each_n[m[K(thrust::execution_policy<Derived>&, InputIterator, Size, UnaryFunction) [35m[K[with DerivedPolicy = thrust::cuda_cub::tag; InputIterator = thrust::device_ptr<float>; Size = long unsigned int; UnaryFunction = thrust::detail::device_generate_functor<thrust::detail::fill_functor<float> >][m[K[m[K’:
[01m[K/usr/local/cuda/targets/x86_64-linux/include/thrust/detail/for_each.inl:67:20:[m[K   required from ‘[01m[KInputIterator thrust::[01;32m[Kfor_each_n[m[K(const detail::execution_policy_base<DerivedPolicy>&, InputIterator, Size, UnaryFunction) [35m[K[with DerivedPolicy = cuda_cub::tag; InputIterator = device_ptr<float>; Size = long unsigned int; UnaryFunction = detail::device_generate_functor<detail::fill_functor<float> >][m[K[m[K’
[01m[K/usr/local/cuda/targets/x86_64-linux/include/thrust/system/detail/generic/generate.inl:93:28:[m[K   required from ‘[01m[KOutputIterator thrust::system::detail::generic::[01;32m[Kgenerate_n[m[K(thrust::execution_policy<Derived>&, OutputIterator, Size, Generator) [35m[K[with ExecutionPolicy = thrust::cuda_cub::tag; OutputIterator = thrust::device_ptr<float>; Size = long unsigned int; Generator = thrust::detail::fill_functor<float>][m[K[m[K’
[01m[K/usr/local/cuda/targets/x86_64-linux/include/thrust/detail/generate.inl:56:20:[m[K   required from ‘[01m[KOutputIterator thrust::[01;32m[Kgenerate_n[m[K(const detail::execution_policy_base<DerivedPolicy>&, OutputIterator, Size, Generator) [35m[K[with DerivedPolicy = cuda_cub::tag; OutputIterator = device_ptr<float>; Size = long unsigned int; Generator = detail::fill_functor<float>][m[K[m[K’
[01m[K/usr/local/cuda/targets/x86_64-linux/include/thrust/system/detail/generic/fill.h:42:28:[m[K   required from ‘[01m[KOutputIterator thrust::system::detail::generic::[01;32m[Kfill_n[m[K(thrust::execution_policy<Derived>&, OutputIterator, Size, const T&) [35m[K[with DerivedPolicy = thrust::cuda_cub::tag; OutputIterator = thrust::device_ptr<float>; Size = long unsigned int; T = float][m[K[m[K’
[01m[K/usr/local/cuda/targets/x86_64-linux/include/thrust/detail/fill.inl:51:16:[m[K   required from ‘[01m[KOutputIterator thrust::[01;32m[Kfill_n[m[K(const detail::execution_policy_base<DerivedPolicy>&, OutputIterator, Size, const T&) [35m[K[with DerivedPolicy = cuda_cub::tag; OutputIterator = device_ptr<float>; Size = long unsigned int; T = float][m[K[m[K’
[01m[K/usr/local/cuda/targets/x86_64-linux/include/thrust/system/detail/generic/uninitialized_fill.inl:75:24:[m[K   [ skipping 3 instantiation contexts, use -ftemplate-backtrace-limit=0 to disable ]
[01m[K/usr/local/cuda/targets/x86_64-linux/include/thrust/detail/allocator/default_construct_range.inl:95:31:[m[K   required from ‘[01m[Ktypename thrust::detail::disable_if<thrust::detail::allocator_traits_detail::needs_default_construct_via_allocator<Allocator, typename thrust::detail::pointer_element<ToPtr>::type>::value>::type thrust::detail::allocator_traits_detail::[01;32m[Kdefault_construct_range[m[K(Allocator&, Pointer, Size) [35m[K[with Allocator = thrust::device_allocator<float>; Pointer = thrust::device_ptr<float>; Size = long unsigned int; typename thrust::detail::disable_if<needs_default_construct_via_allocator<Allocator, typename thrust::detail::pointer_element<ToPtr>::type>::value>::type = void; typename thrust::detail::pointer_element<ToPtr>::type = float][m[K[m[K’
[01m[K/usr/local/cuda/targets/x86_64-linux/include/thrust/detail/allocator/default_construct_range.inl:106:58:[m[K   required from ‘[01m[Kvoid thrust::detail::[01;32m[Kdefault_construct_range[m[K(Allocator&, Pointer, Size) [35m[K[with Allocator = thrust::device_allocator<float>; Pointer = thrust::device_ptr<float>; Size = long unsigned int][m[K[m[K’
[01m[K/usr/local/cuda/targets/x86_64-linux/include/thrust/detail/contiguous_storage.inl:256:26:[m[K   required from ‘[01m[Kvoid thrust::detail::contiguous_storage<T, Alloc>::[01;32m[Kdefault_construct_n[m[K(iterator, size_type) [35m[K[with T = float; Alloc = thrust::device_allocator<float>; iterator = thrust::detail::normal_iterator<thrust::device_ptr<float> >; size_type = long unsigned int][m[K[m[K’
[01m[K/usr/local/cuda/targets/x86_64-linux/include/thrust/detail/vector_base.inl:929:36:[m[K   required from ‘[01m[Kvoid thrust::detail::vector_base<T, Alloc>::[01;32m[Kappend[m[K(size_type) [35m[K[with T = float; Alloc = thrust::device_allocator<float>; size_type = long unsigned int][m[K[m[K’
[01m[K/usr/local/cuda/targets/x86_64-linux/include/thrust/detail/vector_base.inl:349:5:[m[K   required from ‘[01m[Kvoid thrust::detail::vector_base<T, Alloc>::[01;32m[Kresize[m[K(size_type) [35m[K[with T = float; Alloc = thrust::device_allocator<float>; size_type = long unsigned int][m[K[m[K’
[01m[K/home/jorge/ros2_thesis_ws/src/f_vigs_slam/include/f_vigs_slam/RepresentationClasses.hpp:67:29:[m[K   required from here
[01m[K/usr/local/cuda/targets/x86_64-linux/include/thrust/system/detail/generic/for_each.h:66:69:[m[K [01;31m[Kerror: [m[Kstatic assertion failed: unimplemented for this system
   66 |     [01;31m[K(thrust::detail::depend_on_instantiation<InputIterator, false>::value)[m[K
      |     [01;31m[K~~~~~~~~~~~~~~~~~~~~~~~~~~~~~~~~~~~~~~~~~~~~~~~~~~~~~~~~~~~~~~~~^~~~~~[m[K
[01m[K/usr/local/cuda/targets/x86_64-linux/include/thrust/detail/static_assert.h:50:58:[m[K [01;36m[Knote: [m[Kin definition of macro ‘[01m[KTHRUST_STATIC_ASSERT_MSG[m[K’
   50 | #  define THRUST_STATIC_ASSERT_MSG(B, msg) static_assert([01;36m[KB[m[K, msg)
      |                                                          [01;36m[K^[m[K
[01m[K/usr/local/cuda/targets/x86_64-linux/include/thrust/system/detail/generic/for_each.h:66:69:[m[K [01;36m[Knote: [m[K‘[01m[Kthrust::detail::depend_on_instantiation<thrust::device_ptr<float>, false>::value[m[K’ evaluates to false
   66 |     [01;36m[K(thrust::detail::depend_on_instantiation<InputIterator, false>::value)[m[K
      |     [01;36m[K~~~~~~~~~~~~~~~~~~~~~~~~~~~~~~~~~~~~~~~~~~~~~~~~~~~~~~~~~~~~~~~~^~~~~~[m[K
[01m[K/usr/local/cuda/targets/x86_64-linux/include/thrust/detail/static_assert.h:50:58:[m[K [01;36m[Knote: [m[Kin definition of macro ‘[01m[KTHRUST_STATIC_ASSERT_MSG[m[K’
   50 | #  define THRUST_STATIC_ASSERT_MSG(B, msg) static_assert([01;36m[KB[m[K, msg)
      |                                                          [01;36m[K^[m[K
gmake[2]: *** [CMakeFiles/GSSlamNode.dir/build.make:76: CMakeFiles/GSSlamNode.dir/src/GSSlamNode.cpp.o] Error 1
gmake[1]: *** [CMakeFiles/Makefile2:167: CMakeFiles/GSSlamNode.dir/all] Error 2
gmake: *** [Makefile:146: all] Error 2
