[0.198s] DEBUG:colcon:Command line arguments: ['/usr/bin/colcon', 'build']
[0.198s] DEBUG:colcon:Parsed command line arguments: Namespace(log_base=None, log_level=None, verb_name='build', build_base='build', install_base='install', merge_install=False, symlink_install=False, test_result_base=None, continue_on_error=False, executor='parallel', parallel_workers=6, event_handlers=None, ignore_user_meta=False, metas=['./colcon.meta'], base_paths=['.'], packages_ignore=None, packages_ignore_regex=None, paths=None, packages_up_to=None, packages_up_to_regex=None, packages_above=None, packages_above_and_dependencies=None, packages_above_depth=None, packages_select_by_dep=None, packages_skip_by_dep=None, packages_skip_up_to=None, packages_select_build_failed=False, packages_skip_build_finished=False, packages_select_test_failures=False, packages_skip_test_passed=False, packages_select=None, packages_skip=None, packages_select_regex=None, packages_skip_regex=None, packages_start=None, packages_end=None, allow_overriding=[], cmake_args=None, cmake_target=None, cmake_target_skip_unavailable=False, cmake_clean_cache=False, cmake_clean_first=False, cmake_force_configure=False, ament_cmake_args=None, catkin_cmake_args=None, catkin_skip_building_tests=False, mixin_files=None, mixin=None, verb_parser=<colcon_mixin.mixin.mixin_argument.MixinArgumentDecorator object at 0x7870dd0898e0>, verb_extension=<colcon_core.verb.build.BuildVerb object at 0x7870dd089670>, main=<bound method BuildVerb.main of <colcon_core.verb.build.BuildVerb object at 0x7870dd089670>>, mixin_verb=('build',))
[0.256s] Level 1:colcon.colcon_core.package_discovery:discover_packages(colcon_meta) check parameters
[0.256s] Level 1:colcon.colcon_core.package_discovery:discover_packages(recursive) check parameters
[0.256s] Level 1:colcon.colcon_core.package_discovery:discover_packages(ignore) check parameters
[0.256s] Level 1:colcon.colcon_core.package_discovery:discover_packages(path) check parameters
[0.256s] Level 1:colcon.colcon_core.package_discovery:discover_packages(colcon_meta) discover
[0.256s] Level 1:colcon.colcon_core.package_discovery:discover_packages(recursive) discover
[0.257s] INFO:colcon.colcon_core.package_discovery:Crawling recursively for packages in '/home/jorge/ros2_thesis_ws/src/f_vigs_slam'
[0.257s] Level 1:colcon.colcon_core.package_identification:_identify(.) by extensions ['ignore', 'ignore_ament_install']
[0.257s] Level 1:colcon.colcon_core.package_identification:_identify(.) by extension 'ignore'
[0.257s] Level 1:colcon.colcon_core.package_identification:_identify(.) by extension 'ignore_ament_install'
[0.257s] Level 1:colcon.colcon_core.package_identification:_identify(.) by extensions ['colcon_pkg']
[0.257s] Level 1:colcon.colcon_core.package_identification:_identify(.) by extension 'colcon_pkg'
[0.257s] Level 1:colcon.colcon_core.package_identification:_identify(.) by extensions ['colcon_meta']
[0.257s] Level 1:colcon.colcon_core.package_identification:_identify(.) by extension 'colcon_meta'
[0.257s] Level 1:colcon.colcon_core.package_identification:_identify(.) by extensions ['ros']
[0.257s] Level 1:colcon.colcon_core.package_identification:_identify(.) by extension 'ros'
[0.295s] DEBUG:colcon.colcon_core.package_identification:Package '.' with type 'ros.ament_cmake' and name 'f_vigs_slam'
[0.295s] Level 1:colcon.colcon_core.package_discovery:discover_packages(recursive) using defaults
[0.295s] Level 1:colcon.colcon_core.package_discovery:discover_packages(ignore) discover
[0.295s] Level 1:colcon.colcon_core.package_discovery:discover_packages(ignore) using defaults
[0.295s] Level 1:colcon.colcon_core.package_discovery:discover_packages(path) discover
[0.295s] Level 1:colcon.colcon_core.package_discovery:discover_packages(path) using defaults
[0.318s] Level 1:colcon.colcon_core.package_discovery:discover_packages(prefix_path) check parameters
[0.318s] Level 1:colcon.colcon_core.package_discovery:discover_packages(prefix_path) discover
[0.319s] WARNING:colcon.colcon_ros.prefix_path.ament:The path '/home/jorge/ros2_thesis_ws/src/f_vigs_slam/install/f_vigs_slam' in the environment variable AMENT_PREFIX_PATH doesn't exist
[0.319s] WARNING:colcon.colcon_ros.prefix_path.catkin:The path '/home/jorge/ros2_thesis_ws/src/f_vigs_slam/install/f_vigs_slam' in the environment variable CMAKE_PREFIX_PATH doesn't exist
[0.321s] DEBUG:colcon.colcon_installed_package_information.package_discovery:Found 0 installed packages in /home/jorge/ros2_thesis_ws/src/f_vigs_slam/install
[0.323s] DEBUG:colcon.colcon_installed_package_information.package_discovery:Found 290 installed packages in /opt/ros/rolling
[0.325s] Level 1:colcon.colcon_core.package_discovery:discover_packages(prefix_path) using defaults
[0.388s] Level 5:colcon.colcon_core.verb:set package 'f_vigs_slam' build argument 'cmake_args' from command line to 'None'
[0.388s] Level 5:colcon.colcon_core.verb:set package 'f_vigs_slam' build argument 'cmake_target' from command line to 'None'
[0.388s] Level 5:colcon.colcon_core.verb:set package 'f_vigs_slam' build argument 'cmake_target_skip_unavailable' from command line to 'False'
[0.388s] Level 5:colcon.colcon_core.verb:set package 'f_vigs_slam' build argument 'cmake_clean_cache' from command line to 'False'
[0.388s] Level 5:colcon.colcon_core.verb:set package 'f_vigs_slam' build argument 'cmake_clean_first' from command line to 'False'
[0.388s] Level 5:colcon.colcon_core.verb:set package 'f_vigs_slam' build argument 'cmake_force_configure' from command line to 'False'
[0.388s] Level 5:colcon.colcon_core.verb:set package 'f_vigs_slam' build argument 'ament_cmake_args' from command line to 'None'
[0.388s] Level 5:colcon.colcon_core.verb:set package 'f_vigs_slam' build argument 'catkin_cmake_args' from command line to 'None'
[0.388s] Level 5:colcon.colcon_core.verb:set package 'f_vigs_slam' build argument 'catkin_skip_building_tests' from command line to 'False'
[0.388s] DEBUG:colcon.colcon_core.verb:Building package 'f_vigs_slam' with the following arguments: {'ament_cmake_args': None, 'build_base': '/home/jorge/ros2_thesis_ws/src/f_vigs_slam/build/f_vigs_slam', 'catkin_cmake_args': None, 'catkin_skip_building_tests': False, 'cmake_args': None, 'cmake_clean_cache': False, 'cmake_clean_first': False, 'cmake_force_configure': False, 'cmake_target': None, 'cmake_target_skip_unavailable': False, 'install_base': '/home/jorge/ros2_thesis_ws/src/f_vigs_slam/install/f_vigs_slam', 'merge_install': False, 'path': '/home/jorge/ros2_thesis_ws/src/f_vigs_slam', 'symlink_install': False, 'test_result_base': None}
[0.388s] INFO:colcon.colcon_core.executor:Executing jobs using 'parallel' executor
[0.390s] DEBUG:colcon.colcon_parallel_executor.executor.parallel:run_until_complete
[0.390s] INFO:colcon.colcon_ros.task.ament_cmake.build:Building ROS package in '/home/jorge/ros2_thesis_ws/src/f_vigs_slam' with build type 'ament_cmake'
[0.390s] INFO:colcon.colcon_cmake.task.cmake.build:Building CMake package in '/home/jorge/ros2_thesis_ws/src/f_vigs_slam'
[0.393s] INFO:colcon.colcon_core.plugin_system:Skipping extension 'colcon_core.shell.bat': Not used on non-Windows systems
[0.393s] INFO:colcon.colcon_core.shell:Skip shell extension 'powershell' for command environment: Not usable outside of PowerShell
[0.393s] DEBUG:colcon.colcon_core.shell:Skip shell extension 'dsv' for command environment
[0.406s] DEBUG:colcon.colcon_core.event_handler.log_command:Invoking command in '/home/jorge/ros2_thesis_ws/src/f_vigs_slam/build/f_vigs_slam': CMAKE_PREFIX_PATH=${CMAKE_PREFIX_PATH}:/opt/ros/rolling /usr/bin/cmake /home/jorge/ros2_thesis_ws/src/f_vigs_slam -DCMAKE_INSTALL_PREFIX=/home/jorge/ros2_thesis_ws/src/f_vigs_slam/install/f_vigs_slam
[13.814s] DEBUG:colcon.colcon_core.event_handler.log_command:Invoked command in '/home/jorge/ros2_thesis_ws/src/f_vigs_slam/build/f_vigs_slam' returned '0': CMAKE_PREFIX_PATH=${CMAKE_PREFIX_PATH}:/opt/ros/rolling /usr/bin/cmake /home/jorge/ros2_thesis_ws/src/f_vigs_slam -DCMAKE_INSTALL_PREFIX=/home/jorge/ros2_thesis_ws/src/f_vigs_slam/install/f_vigs_slam
[13.817s] DEBUG:colcon.colcon_core.event_handler.log_command:Invoking command in '/home/jorge/ros2_thesis_ws/src/f_vigs_slam/build/f_vigs_slam': CMAKE_PREFIX_PATH=${CMAKE_PREFIX_PATH}:/opt/ros/rolling /usr/bin/cmake --build /home/jorge/ros2_thesis_ws/src/f_vigs_slam/build/f_vigs_slam -- -j6 -l6
[197.101s] DEBUG:colcon.colcon_core.event_handler.log_command:Invoked command in '/home/jorge/ros2_thesis_ws/src/f_vigs_slam/build/f_vigs_slam' returned '0': CMAKE_PREFIX_PATH=${CMAKE_PREFIX_PATH}:/opt/ros/rolling /usr/bin/cmake --build /home/jorge/ros2_thesis_ws/src/f_vigs_slam/build/f_vigs_slam -- -j6 -l6
[197.116s] DEBUG:colcon.colcon_core.event_handler.log_command:Invoking command in '/home/jorge/ros2_thesis_ws/src/f_vigs_slam/build/f_vigs_slam': CMAKE_PREFIX_PATH=${CMAKE_PREFIX_PATH}:/opt/ros/rolling /usr/bin/cmake --install /home/jorge/ros2_thesis_ws/src/f_vigs_slam/build/f_vigs_slam
[197.234s] Level 1:colcon.colcon_core.environment:create_environment_scripts_only(f_vigs_slam)
[197.244s] Level 1:colcon.colcon_core.environment:checking '/home/jorge/ros2_thesis_ws/src/f_vigs_slam/install/f_vigs_slam' for CMake module files
[197.245s] Level 1:colcon.colcon_core.environment:checking '/home/jorge/ros2_thesis_ws/src/f_vigs_slam/install/f_vigs_slam' for CMake config files
[197.245s] Level 1:colcon.colcon_core.shell:create_environment_hook('f_vigs_slam', 'cmake_prefix_path')
[197.245s] INFO:colcon.colcon_core.shell:Creating environment hook '/home/jorge/ros2_thesis_ws/src/f_vigs_slam/install/f_vigs_slam/share/f_vigs_slam/hook/cmake_prefix_path.ps1'
[197.246s] INFO:colcon.colcon_core.shell:Creating environment descriptor '/home/jorge/ros2_thesis_ws/src/f_vigs_slam/install/f_vigs_slam/share/f_vigs_slam/hook/cmake_prefix_path.dsv'
[197.247s] INFO:colcon.colcon_core.shell:Creating environment hook '/home/jorge/ros2_thesis_ws/src/f_vigs_slam/install/f_vigs_slam/share/f_vigs_slam/hook/cmake_prefix_path.sh'
[197.247s] DEBUG:colcon.colcon_core.event_handler.log_command:Invoked command in '/home/jorge/ros2_thesis_ws/src/f_vigs_slam/build/f_vigs_slam' returned '0': CMAKE_PREFIX_PATH=${CMAKE_PREFIX_PATH}:/opt/ros/rolling /usr/bin/cmake --install /home/jorge/ros2_thesis_ws/src/f_vigs_slam/build/f_vigs_slam
[197.248s] Level 1:colcon.colcon_core.environment:checking '/home/jorge/ros2_thesis_ws/src/f_vigs_slam/install/f_vigs_slam/lib'
[197.248s] Level 1:colcon.colcon_core.shell:create_environment_hook('f_vigs_slam', 'ld_library_path_lib')
[197.248s] INFO:colcon.colcon_core.shell:Creating environment hook '/home/jorge/ros2_thesis_ws/src/f_vigs_slam/install/f_vigs_slam/share/f_vigs_slam/hook/ld_library_path_lib.ps1'
[197.249s] INFO:colcon.colcon_core.shell:Creating environment descriptor '/home/jorge/ros2_thesis_ws/src/f_vigs_slam/install/f_vigs_slam/share/f_vigs_slam/hook/ld_library_path_lib.dsv'
[197.249s] INFO:colcon.colcon_core.shell:Creating environment hook '/home/jorge/ros2_thesis_ws/src/f_vigs_slam/install/f_vigs_slam/share/f_vigs_slam/hook/ld_library_path_lib.sh'
[197.250s] Level 1:colcon.colcon_core.environment:checking '/home/jorge/ros2_thesis_ws/src/f_vigs_slam/install/f_vigs_slam/bin'
[197.250s] Level 1:colcon.colcon_core.environment:checking '/home/jorge/ros2_thesis_ws/src/f_vigs_slam/install/f_vigs_slam/lib/pkgconfig/f_vigs_slam.pc'
[197.250s] Level 1:colcon.colcon_core.environment:checking '/home/jorge/ros2_thesis_ws/src/f_vigs_slam/install/f_vigs_slam/lib/python3.12/site-packages'
[197.257s] Level 1:colcon.colcon_core.environment:checking '/home/jorge/ros2_thesis_ws/src/f_vigs_slam/install/f_vigs_slam/bin'
[197.257s] INFO:colcon.colcon_core.shell:Creating package script '/home/jorge/ros2_thesis_ws/src/f_vigs_slam/install/f_vigs_slam/share/f_vigs_slam/package.ps1'
[197.260s] INFO:colcon.colcon_core.shell:Creating package descriptor '/home/jorge/ros2_thesis_ws/src/f_vigs_slam/install/f_vigs_slam/share/f_vigs_slam/package.dsv'
[197.261s] INFO:colcon.colcon_core.shell:Creating package script '/home/jorge/ros2_thesis_ws/src/f_vigs_slam/install/f_vigs_slam/share/f_vigs_slam/package.sh'
[197.262s] INFO:colcon.colcon_core.shell:Creating package script '/home/jorge/ros2_thesis_ws/src/f_vigs_slam/install/f_vigs_slam/share/f_vigs_slam/package.bash'
[197.262s] INFO:colcon.colcon_core.shell:Creating package script '/home/jorge/ros2_thesis_ws/src/f_vigs_slam/install/f_vigs_slam/share/f_vigs_slam/package.zsh'
[197.263s] Level 1:colcon.colcon_core.environment:create_file_with_runtime_dependencies(/home/jorge/ros2_thesis_ws/src/f_vigs_slam/install/f_vigs_slam/share/colcon-core/packages/f_vigs_slam)
[197.264s] Level 1:colcon.colcon_core.environment:create_environment_scripts_only(f_vigs_slam)
[197.264s] Level 1:colcon.colcon_core.environment:checking '/home/jorge/ros2_thesis_ws/src/f_vigs_slam/install/f_vigs_slam' for CMake module files
[197.265s] Level 1:colcon.colcon_core.environment:checking '/home/jorge/ros2_thesis_ws/src/f_vigs_slam/install/f_vigs_slam' for CMake config files
[197.265s] Level 1:colcon.colcon_core.shell:create_environment_hook('f_vigs_slam', 'cmake_prefix_path')
[197.265s] INFO:colcon.colcon_core.shell:Creating environment hook '/home/jorge/ros2_thesis_ws/src/f_vigs_slam/install/f_vigs_slam/share/f_vigs_slam/hook/cmake_prefix_path.ps1'
[197.266s] INFO:colcon.colcon_core.shell:Creating environment descriptor '/home/jorge/ros2_thesis_ws/src/f_vigs_slam/install/f_vigs_slam/share/f_vigs_slam/hook/cmake_prefix_path.dsv'
[197.266s] INFO:colcon.colcon_core.shell:Creating environment hook '/home/jorge/ros2_thesis_ws/src/f_vigs_slam/install/f_vigs_slam/share/f_vigs_slam/hook/cmake_prefix_path.sh'
[197.267s] Level 1:colcon.colcon_core.environment:checking '/home/jorge/ros2_thesis_ws/src/f_vigs_slam/install/f_vigs_slam/lib'
[197.267s] Level 1:colcon.colcon_core.shell:create_environment_hook('f_vigs_slam', 'ld_library_path_lib')
[197.267s] INFO:colcon.colcon_core.shell:Creating environment hook '/home/jorge/ros2_thesis_ws/src/f_vigs_slam/install/f_vigs_slam/share/f_vigs_slam/hook/ld_library_path_lib.ps1'
[197.268s] INFO:colcon.colcon_core.shell:Creating environment descriptor '/home/jorge/ros2_thesis_ws/src/f_vigs_slam/install/f_vigs_slam/share/f_vigs_slam/hook/ld_library_path_lib.dsv'
[197.268s] INFO:colcon.colcon_core.shell:Creating environment hook '/home/jorge/ros2_thesis_ws/src/f_vigs_slam/install/f_vigs_slam/share/f_vigs_slam/hook/ld_library_path_lib.sh'
[197.269s] Level 1:colcon.colcon_core.environment:checking '/home/jorge/ros2_thesis_ws/src/f_vigs_slam/install/f_vigs_slam/bin'
[197.269s] Level 1:colcon.colcon_core.environment:checking '/home/jorge/ros2_thesis_ws/src/f_vigs_slam/install/f_vigs_slam/lib/pkgconfig/f_vigs_slam.pc'
[197.269s] Level 1:colcon.colcon_core.environment:checking '/home/jorge/ros2_thesis_ws/src/f_vigs_slam/install/f_vigs_slam/lib/python3.12/site-packages'
[197.269s] Level 1:colcon.colcon_core.environment:checking '/home/jorge/ros2_thesis_ws/src/f_vigs_slam/install/f_vigs_slam/bin'
[197.270s] INFO:colcon.colcon_core.shell:Creating package script '/home/jorge/ros2_thesis_ws/src/f_vigs_slam/install/f_vigs_slam/share/f_vigs_slam/package.ps1'
[197.271s] INFO:colcon.colcon_core.shell:Creating package descriptor '/home/jorge/ros2_thesis_ws/src/f_vigs_slam/install/f_vigs_slam/share/f_vigs_slam/package.dsv'
[197.272s] INFO:colcon.colcon_core.shell:Creating package script '/home/jorge/ros2_thesis_ws/src/f_vigs_slam/install/f_vigs_slam/share/f_vigs_slam/package.sh'
[197.272s] INFO:colcon.colcon_core.shell:Creating package script '/home/jorge/ros2_thesis_ws/src/f_vigs_slam/install/f_vigs_slam/share/f_vigs_slam/package.bash'
[197.272s] INFO:colcon.colcon_core.shell:Creating package script '/home/jorge/ros2_thesis_ws/src/f_vigs_slam/install/f_vigs_slam/share/f_vigs_slam/package.zsh'
[197.273s] Level 1:colcon.colcon_core.environment:create_file_with_runtime_dependencies(/home/jorge/ros2_thesis_ws/src/f_vigs_slam/install/f_vigs_slam/share/colcon-core/packages/f_vigs_slam)
[197.273s] DEBUG:colcon.colcon_parallel_executor.executor.parallel:closing loop
[197.279s] DEBUG:colcon.colcon_parallel_executor.executor.parallel:loop closed
[197.279s] DEBUG:colcon.colcon_parallel_executor.executor.parallel:run_until_complete finished with '0'
[197.279s] DEBUG:colcon.colcon_core.event_reactor:joining thread
[197.314s] INFO:colcon.colcon_core.plugin_system:Skipping extension 'colcon_notification.desktop_notification.notify_send': Could not find 'notify-send'
[197.314s] INFO:colcon.colcon_core.plugin_system:Skipping extension 'colcon_notification.desktop_notification.terminal_notifier': Not used on non-Darwin systems
[197.314s] INFO:colcon.colcon_core.plugin_system:Skipping extension 'colcon_notification.desktop_notification.win32': Not used on non-Windows systems
[197.315s] INFO:colcon.colcon_notification.desktop_notification:Sending desktop notification using 'notify2'
[197.316s] DEBUG:colcon.colcon_notification.desktop_notification.notify2:Failed to initialize notify2: org.freedesktop.DBus.Error.ServiceUnknown: The name org.freedesktop.Notifications was not provided by any .service files
[197.316s] DEBUG:colcon.colcon_core.event_reactor:joined thread
[197.316s] INFO:colcon.colcon_core.shell:Creating prefix script '/home/jorge/ros2_thesis_ws/src/f_vigs_slam/install/local_setup.ps1'
[197.317s] INFO:colcon.colcon_core.shell:Creating prefix util module '/home/jorge/ros2_thesis_ws/src/f_vigs_slam/install/_local_setup_util_ps1.py'
[197.318s] INFO:colcon.colcon_core.shell:Creating prefix chain script '/home/jorge/ros2_thesis_ws/src/f_vigs_slam/install/setup.ps1'
[197.319s] INFO:colcon.colcon_core.shell:Creating prefix script '/home/jorge/ros2_thesis_ws/src/f_vigs_slam/install/local_setup.sh'
[197.320s] INFO:colcon.colcon_core.shell:Creating prefix util module '/home/jorge/ros2_thesis_ws/src/f_vigs_slam/install/_local_setup_util_sh.py'
[197.321s] INFO:colcon.colcon_core.shell:Creating prefix chain script '/home/jorge/ros2_thesis_ws/src/f_vigs_slam/install/setup.sh'
[197.322s] INFO:colcon.colcon_core.shell:Creating prefix script '/home/jorge/ros2_thesis_ws/src/f_vigs_slam/install/local_setup.bash'
[197.322s] INFO:colcon.colcon_core.shell:Creating prefix chain script '/home/jorge/ros2_thesis_ws/src/f_vigs_slam/install/setup.bash'
[197.323s] INFO:colcon.colcon_core.shell:Creating prefix script '/home/jorge/ros2_thesis_ws/src/f_vigs_slam/install/local_setup.zsh'
[197.323s] INFO:colcon.colcon_core.shell:Creating prefix chain script '/home/jorge/ros2_thesis_ws/src/f_vigs_slam/install/setup.zsh'
