[9.025s] DEBUG:colcon:Command line arguments: ['/usr/bin/colcon', 'build']
[9.025s] DEBUG:colcon:Parsed command line arguments: Namespace(log_base=None, log_level=None, verb_name='build', build_base='build', install_base='install', merge_install=False, symlink_install=False, test_result_base=None, continue_on_error=False, executor='parallel', parallel_workers=6, event_handlers=None, ignore_user_meta=False, metas=['./colcon.meta'], base_paths=['.'], packages_ignore=None, packages_ignore_regex=None, paths=None, packages_up_to=None, packages_up_to_regex=None, packages_above=None, packages_above_and_dependencies=None, packages_above_depth=None, packages_select_by_dep=None, packages_skip_by_dep=None, packages_skip_up_to=None, packages_select_build_failed=False, packages_skip_build_finished=False, packages_select_test_failures=False, packages_skip_test_passed=False, packages_select=None, packages_skip=None, packages_select_regex=None, packages_skip_regex=None, packages_start=None, packages_end=None, allow_overriding=[], cmake_args=None, cmake_target=None, cmake_target_skip_unavailable=False, cmake_clean_cache=False, cmake_clean_first=False, cmake_force_configure=False, ament_cmake_args=None, catkin_cmake_args=None, catkin_skip_building_tests=False, mixin_files=None, mixin=None, verb_parser=<colcon_mixin.mixin.mixin_argument.MixinArgumentDecorator object at 0x7c59fb181cd0>, verb_extension=<colcon_core.verb.build.BuildVerb object at 0x7c59fb1819a0>, main=<bound method BuildVerb.main of <colcon_core.verb.build.BuildVerb object at 0x7c59fb1819a0>>, mixin_verb=('build',))
[9.074s] Level 1:colcon.colcon_core.package_discovery:discover_packages(colcon_meta) check parameters
[9.075s] Level 1:colcon.colcon_core.package_discovery:discover_packages(recursive) check parameters
[9.075s] Level 1:colcon.colcon_core.package_discovery:discover_packages(ignore) check parameters
[9.075s] Level 1:colcon.colcon_core.package_discovery:discover_packages(path) check parameters
[9.075s] Level 1:colcon.colcon_core.package_discovery:discover_packages(colcon_meta) discover
[9.075s] Level 1:colcon.colcon_core.package_discovery:discover_packages(recursive) discover
[9.075s] INFO:colcon.colcon_core.package_discovery:Crawling recursively for packages in '/home/jorge/ros2_thesis_ws/src/f_vigs_slam'
[9.076s] Level 1:colcon.colcon_core.package_identification:_identify(.) by extensions ['ignore', 'ignore_ament_install']
[9.076s] Level 1:colcon.colcon_core.package_identification:_identify(.) by extension 'ignore'
[9.076s] Level 1:colcon.colcon_core.package_identification:_identify(.) by extension 'ignore_ament_install'
[9.076s] Level 1:colcon.colcon_core.package_identification:_identify(.) by extensions ['colcon_pkg']
[9.076s] Level 1:colcon.colcon_core.package_identification:_identify(.) by extension 'colcon_pkg'
[9.076s] Level 1:colcon.colcon_core.package_identification:_identify(.) by extensions ['colcon_meta']
[9.076s] Level 1:colcon.colcon_core.package_identification:_identify(.) by extension 'colcon_meta'
[9.076s] Level 1:colcon.colcon_core.package_identification:_identify(.) by extensions ['ros']
[9.076s] Level 1:colcon.colcon_core.package_identification:_identify(.) by extension 'ros'
[9.110s] DEBUG:colcon.colcon_core.package_identification:Package '.' with type 'ros.ament_cmake' and name 'f_vigs_slam'
[9.111s] Level 1:colcon.colcon_core.package_discovery:discover_packages(recursive) using defaults
[9.111s] Level 1:colcon.colcon_core.package_discovery:discover_packages(ignore) discover
[9.111s] Level 1:colcon.colcon_core.package_discovery:discover_packages(ignore) using defaults
[9.111s] Level 1:colcon.colcon_core.package_discovery:discover_packages(path) discover
[9.111s] Level 1:colcon.colcon_core.package_discovery:discover_packages(path) using defaults
[9.131s] Level 1:colcon.colcon_core.package_discovery:discover_packages(prefix_path) check parameters
[9.132s] Level 1:colcon.colcon_core.package_discovery:discover_packages(prefix_path) discover
[9.134s] DEBUG:colcon.colcon_installed_package_information.package_discovery:Found 1 installed packages in /home/jorge/ros2_thesis_ws/src/f_vigs_slam/install
[9.136s] DEBUG:colcon.colcon_installed_package_information.package_discovery:Found 290 installed packages in /opt/ros/rolling
[9.138s] Level 1:colcon.colcon_core.package_discovery:discover_packages(prefix_path) using defaults
[-0.151s] Level 5:colcon.colcon_core.verb:set package 'f_vigs_slam' build argument 'cmake_args' from command line to 'None'
[-0.151s] Level 5:colcon.colcon_core.verb:set package 'f_vigs_slam' build argument 'cmake_target' from command line to 'None'
[-0.151s] Level 5:colcon.colcon_core.verb:set package 'f_vigs_slam' build argument 'cmake_target_skip_unavailable' from command line to 'False'
[-0.151s] Level 5:colcon.colcon_core.verb:set package 'f_vigs_slam' build argument 'cmake_clean_cache' from command line to 'False'
[-0.151s] Level 5:colcon.colcon_core.verb:set package 'f_vigs_slam' build argument 'cmake_clean_first' from command line to 'False'
[-0.151s] Level 5:colcon.colcon_core.verb:set package 'f_vigs_slam' build argument 'cmake_force_configure' from command line to 'False'
[-0.151s] Level 5:colcon.colcon_core.verb:set package 'f_vigs_slam' build argument 'ament_cmake_args' from command line to 'None'
[-0.151s] Level 5:colcon.colcon_core.verb:set package 'f_vigs_slam' build argument 'catkin_cmake_args' from command line to 'None'
[-0.151s] Level 5:colcon.colcon_core.verb:set package 'f_vigs_slam' build argument 'catkin_skip_building_tests' from command line to 'False'
[-0.151s] DEBUG:colcon.colcon_core.verb:Building package 'f_vigs_slam' with the following arguments: {'ament_cmake_args': None, 'build_base': '/home/jorge/ros2_thesis_ws/src/f_vigs_slam/build/f_vigs_slam', 'catkin_cmake_args': None, 'catkin_skip_building_tests': False, 'cmake_args': None, 'cmake_clean_cache': False, 'cmake_clean_first': False, 'cmake_force_configure': False, 'cmake_target': None, 'cmake_target_skip_unavailable': False, 'install_base': '/home/jorge/ros2_thesis_ws/src/f_vigs_slam/install/f_vigs_slam', 'merge_install': False, 'path': '/home/jorge/ros2_thesis_ws/src/f_vigs_slam', 'symlink_install': False, 'test_result_base': None}
[-0.151s] INFO:colcon.colcon_core.executor:Executing jobs using 'parallel' executor
[-0.149s] DEBUG:colcon.colcon_parallel_executor.executor.parallel:run_until_complete
[-0.149s] INFO:colcon.colcon_ros.task.ament_cmake.build:Building ROS package in '/home/jorge/ros2_thesis_ws/src/f_vigs_slam' with build type 'ament_cmake'
[-0.149s] INFO:colcon.colcon_cmake.task.cmake.build:Building CMake package in '/home/jorge/ros2_thesis_ws/src/f_vigs_slam'
[-0.146s] INFO:colcon.colcon_core.plugin_system:Skipping extension 'colcon_core.shell.bat': Not used on non-Windows systems
[-0.145s] INFO:colcon.colcon_core.shell:Skip shell extension 'powershell' for command environment: Not usable outside of PowerShell
[-0.145s] DEBUG:colcon.colcon_core.shell:Skip shell extension 'dsv' for command environment
[-0.130s] DEBUG:colcon.colcon_core.event_handler.log_command:Invoking command in '/home/jorge/ros2_thesis_ws/src/f_vigs_slam/build/f_vigs_slam': CMAKE_PREFIX_PATH=${CMAKE_PREFIX_PATH}:/opt/ros/rolling /usr/bin/cmake --build /home/jorge/ros2_thesis_ws/src/f_vigs_slam/build/f_vigs_slam -- -j6 -l6
[106.347s] DEBUG:colcon.colcon_core.event_handler.log_command:Invoked command in '/home/jorge/ros2_thesis_ws/src/f_vigs_slam/build/f_vigs_slam' returned '0': CMAKE_PREFIX_PATH=${CMAKE_PREFIX_PATH}:/opt/ros/rolling /usr/bin/cmake --build /home/jorge/ros2_thesis_ws/src/f_vigs_slam/build/f_vigs_slam -- -j6 -l6
[106.362s] DEBUG:colcon.colcon_core.event_handler.log_command:Invoking command in '/home/jorge/ros2_thesis_ws/src/f_vigs_slam/build/f_vigs_slam': CMAKE_PREFIX_PATH=${CMAKE_PREFIX_PATH}:/opt/ros/rolling /usr/bin/cmake --install /home/jorge/ros2_thesis_ws/src/f_vigs_slam/build/f_vigs_slam
[106.411s] Level 1:colcon.colcon_core.environment:create_environment_scripts_only(f_vigs_slam)
[106.412s] DEBUG:colcon.colcon_core.event_handler.log_command:Invoked command in '/home/jorge/ros2_thesis_ws/src/f_vigs_slam/build/f_vigs_slam' returned '0': CMAKE_PREFIX_PATH=${CMAKE_PREFIX_PATH}:/opt/ros/rolling /usr/bin/cmake --install /home/jorge/ros2_thesis_ws/src/f_vigs_slam/build/f_vigs_slam
[106.415s] Level 1:colcon.colcon_core.environment:checking '/home/jorge/ros2_thesis_ws/src/f_vigs_slam/install/f_vigs_slam' for CMake module files
[106.416s] Level 1:colcon.colcon_core.environment:checking '/home/jorge/ros2_thesis_ws/src/f_vigs_slam/install/f_vigs_slam' for CMake config files
[106.416s] Level 1:colcon.colcon_core.shell:create_environment_hook('f_vigs_slam', 'cmake_prefix_path')
[106.416s] INFO:colcon.colcon_core.shell:Creating environment hook '/home/jorge/ros2_thesis_ws/src/f_vigs_slam/install/f_vigs_slam/share/f_vigs_slam/hook/cmake_prefix_path.ps1'
[106.417s] INFO:colcon.colcon_core.shell:Creating environment descriptor '/home/jorge/ros2_thesis_ws/src/f_vigs_slam/install/f_vigs_slam/share/f_vigs_slam/hook/cmake_prefix_path.dsv'
[106.418s] INFO:colcon.colcon_core.shell:Creating environment hook '/home/jorge/ros2_thesis_ws/src/f_vigs_slam/install/f_vigs_slam/share/f_vigs_slam/hook/cmake_prefix_path.sh'
[106.419s] Level 1:colcon.colcon_core.environment:checking '/home/jorge/ros2_thesis_ws/src/f_vigs_slam/install/f_vigs_slam/lib'
[106.420s] Level 1:colcon.colcon_core.shell:create_environment_hook('f_vigs_slam', 'ld_library_path_lib')
[106.420s] INFO:colcon.colcon_core.shell:Creating environment hook '/home/jorge/ros2_thesis_ws/src/f_vigs_slam/install/f_vigs_slam/share/f_vigs_slam/hook/ld_library_path_lib.ps1'
[106.420s] INFO:colcon.colcon_core.shell:Creating environment descriptor '/home/jorge/ros2_thesis_ws/src/f_vigs_slam/install/f_vigs_slam/share/f_vigs_slam/hook/ld_library_path_lib.dsv'
[106.421s] INFO:colcon.colcon_core.shell:Creating environment hook '/home/jorge/ros2_thesis_ws/src/f_vigs_slam/install/f_vigs_slam/share/f_vigs_slam/hook/ld_library_path_lib.sh'
[106.421s] Level 1:colcon.colcon_core.environment:checking '/home/jorge/ros2_thesis_ws/src/f_vigs_slam/install/f_vigs_slam/bin'
[106.421s] Level 1:colcon.colcon_core.environment:checking '/home/jorge/ros2_thesis_ws/src/f_vigs_slam/install/f_vigs_slam/lib/pkgconfig/f_vigs_slam.pc'
[106.422s] Level 1:colcon.colcon_core.environment:checking '/home/jorge/ros2_thesis_ws/src/f_vigs_slam/install/f_vigs_slam/lib/python3.12/site-packages'
[106.422s] Level 1:colcon.colcon_core.environment:checking '/home/jorge/ros2_thesis_ws/src/f_vigs_slam/install/f_vigs_slam/bin'
[106.422s] INFO:colcon.colcon_core.shell:Creating package script '/home/jorge/ros2_thesis_ws/src/f_vigs_slam/install/f_vigs_slam/share/f_vigs_slam/package.ps1'
[106.423s] INFO:colcon.colcon_core.shell:Creating package descriptor '/home/jorge/ros2_thesis_ws/src/f_vigs_slam/install/f_vigs_slam/share/f_vigs_slam/package.dsv'
[106.424s] INFO:colcon.colcon_core.shell:Creating package script '/home/jorge/ros2_thesis_ws/src/f_vigs_slam/install/f_vigs_slam/share/f_vigs_slam/package.sh'
[106.425s] INFO:colcon.colcon_core.shell:Creating package script '/home/jorge/ros2_thesis_ws/src/f_vigs_slam/install/f_vigs_slam/share/f_vigs_slam/package.bash'
[106.425s] INFO:colcon.colcon_core.shell:Creating package script '/home/jorge/ros2_thesis_ws/src/f_vigs_slam/install/f_vigs_slam/share/f_vigs_slam/package.zsh'
[106.426s] Level 1:colcon.colcon_core.environment:create_file_with_runtime_dependencies(/home/jorge/ros2_thesis_ws/src/f_vigs_slam/install/f_vigs_slam/share/colcon-core/packages/f_vigs_slam)
[106.427s] Level 1:colcon.colcon_core.environment:create_environment_scripts_only(f_vigs_slam)
[106.427s] Level 1:colcon.colcon_core.environment:checking '/home/jorge/ros2_thesis_ws/src/f_vigs_slam/install/f_vigs_slam' for CMake module files
[106.428s] Level 1:colcon.colcon_core.environment:checking '/home/jorge/ros2_thesis_ws/src/f_vigs_slam/install/f_vigs_slam' for CMake config files
[106.428s] Level 1:colcon.colcon_core.shell:create_environment_hook('f_vigs_slam', 'cmake_prefix_path')
[106.428s] INFO:colcon.colcon_core.shell:Creating environment hook '/home/jorge/ros2_thesis_ws/src/f_vigs_slam/install/f_vigs_slam/share/f_vigs_slam/hook/cmake_prefix_path.ps1'
[106.429s] INFO:colcon.colcon_core.shell:Creating environment descriptor '/home/jorge/ros2_thesis_ws/src/f_vigs_slam/install/f_vigs_slam/share/f_vigs_slam/hook/cmake_prefix_path.dsv'
[106.430s] INFO:colcon.colcon_core.shell:Creating environment hook '/home/jorge/ros2_thesis_ws/src/f_vigs_slam/install/f_vigs_slam/share/f_vigs_slam/hook/cmake_prefix_path.sh'
[106.430s] Level 1:colcon.colcon_core.environment:checking '/home/jorge/ros2_thesis_ws/src/f_vigs_slam/install/f_vigs_slam/lib'
[106.430s] Level 1:colcon.colcon_core.shell:create_environment_hook('f_vigs_slam', 'ld_library_path_lib')
[106.431s] INFO:colcon.colcon_core.shell:Creating environment hook '/home/jorge/ros2_thesis_ws/src/f_vigs_slam/install/f_vigs_slam/share/f_vigs_slam/hook/ld_library_path_lib.ps1'
[106.431s] INFO:colcon.colcon_core.shell:Creating environment descriptor '/home/jorge/ros2_thesis_ws/src/f_vigs_slam/install/f_vigs_slam/share/f_vigs_slam/hook/ld_library_path_lib.dsv'
[106.432s] INFO:colcon.colcon_core.shell:Creating environment hook '/home/jorge/ros2_thesis_ws/src/f_vigs_slam/install/f_vigs_slam/share/f_vigs_slam/hook/ld_library_path_lib.sh'
[106.432s] Level 1:colcon.colcon_core.environment:checking '/home/jorge/ros2_thesis_ws/src/f_vigs_slam/install/f_vigs_slam/bin'
[106.432s] Level 1:colcon.colcon_core.environment:checking '/home/jorge/ros2_thesis_ws/src/f_vigs_slam/install/f_vigs_slam/lib/pkgconfig/f_vigs_slam.pc'
[106.433s] Level 1:colcon.colcon_core.environment:checking '/home/jorge/ros2_thesis_ws/src/f_vigs_slam/install/f_vigs_slam/lib/python3.12/site-packages'
[106.433s] Level 1:colcon.colcon_core.environment:checking '/home/jorge/ros2_thesis_ws/src/f_vigs_slam/install/f_vigs_slam/bin'
[106.433s] INFO:colcon.colcon_core.shell:Creating package script '/home/jorge/ros2_thesis_ws/src/f_vigs_slam/install/f_vigs_slam/share/f_vigs_slam/package.ps1'
[106.434s] INFO:colcon.colcon_core.shell:Creating package descriptor '/home/jorge/ros2_thesis_ws/src/f_vigs_slam/install/f_vigs_slam/share/f_vigs_slam/package.dsv'
[106.435s] INFO:colcon.colcon_core.shell:Creating package script '/home/jorge/ros2_thesis_ws/src/f_vigs_slam/install/f_vigs_slam/share/f_vigs_slam/package.sh'
[106.436s] INFO:colcon.colcon_core.shell:Creating package script '/home/jorge/ros2_thesis_ws/src/f_vigs_slam/install/f_vigs_slam/share/f_vigs_slam/package.bash'
[106.436s] INFO:colcon.colcon_core.shell:Creating package script '/home/jorge/ros2_thesis_ws/src/f_vigs_slam/install/f_vigs_slam/share/f_vigs_slam/package.zsh'
[106.437s] Level 1:colcon.colcon_core.environment:create_file_with_runtime_dependencies(/home/jorge/ros2_thesis_ws/src/f_vigs_slam/install/f_vigs_slam/share/colcon-core/packages/f_vigs_slam)
[106.437s] DEBUG:colcon.colcon_parallel_executor.executor.parallel:closing loop
[106.438s] DEBUG:colcon.colcon_parallel_executor.executor.parallel:loop closed
[106.438s] DEBUG:colcon.colcon_parallel_executor.executor.parallel:run_until_complete finished with '0'
[106.439s] DEBUG:colcon.colcon_core.event_reactor:joining thread
[106.463s] INFO:colcon.colcon_core.plugin_system:Skipping extension 'colcon_notification.desktop_notification.notify_send': Could not find 'notify-send'
[106.463s] INFO:colcon.colcon_core.plugin_system:Skipping extension 'colcon_notification.desktop_notification.terminal_notifier': Not used on non-Darwin systems
[106.463s] INFO:colcon.colcon_core.plugin_system:Skipping extension 'colcon_notification.desktop_notification.win32': Not used on non-Windows systems
[106.463s] INFO:colcon.colcon_notification.desktop_notification:Sending desktop notification using 'notify2'
[106.464s] DEBUG:colcon.colcon_notification.desktop_notification.notify2:Failed to initialize notify2: org.freedesktop.DBus.Error.ServiceUnknown: The name org.freedesktop.Notifications was not provided by any .service files
[106.464s] DEBUG:colcon.colcon_core.event_reactor:joined thread
[106.465s] INFO:colcon.colcon_core.shell:Creating prefix script '/home/jorge/ros2_thesis_ws/src/f_vigs_slam/install/local_setup.ps1'
[106.466s] INFO:colcon.colcon_core.shell:Creating prefix util module '/home/jorge/ros2_thesis_ws/src/f_vigs_slam/install/_local_setup_util_ps1.py'
[106.467s] INFO:colcon.colcon_core.shell:Creating prefix chain script '/home/jorge/ros2_thesis_ws/src/f_vigs_slam/install/setup.ps1'
[106.468s] INFO:colcon.colcon_core.shell:Creating prefix script '/home/jorge/ros2_thesis_ws/src/f_vigs_slam/install/local_setup.sh'
[106.469s] INFO:colcon.colcon_core.shell:Creating prefix util module '/home/jorge/ros2_thesis_ws/src/f_vigs_slam/install/_local_setup_util_sh.py'
[106.469s] INFO:colcon.colcon_core.shell:Creating prefix chain script '/home/jorge/ros2_thesis_ws/src/f_vigs_slam/install/setup.sh'
[106.470s] INFO:colcon.colcon_core.shell:Creating prefix script '/home/jorge/ros2_thesis_ws/src/f_vigs_slam/install/local_setup.bash'
[106.471s] INFO:colcon.colcon_core.shell:Creating prefix chain script '/home/jorge/ros2_thesis_ws/src/f_vigs_slam/install/setup.bash'
[106.472s] INFO:colcon.colcon_core.shell:Creating prefix script '/home/jorge/ros2_thesis_ws/src/f_vigs_slam/install/local_setup.zsh'
[106.473s] INFO:colcon.colcon_core.shell:Creating prefix chain script '/home/jorge/ros2_thesis_ws/src/f_vigs_slam/install/setup.zsh'
