[ 60%] Built target GSSlam
[ 66%] [32mBuilding CUDA object CMakeFiles/GSSlamNode.dir/src/GSSlamNode.cpp.o[0m
[ 73%] [32mBuilding CUDA object CMakeFiles/GSSlamNode.dir/src/GaussianSplattingViewer.cpp.o[0m
[ 80%] [32m[1mLinking CUDA device code CMakeFiles/GSSlamNode.dir/cmake_device_link.o[0m
[ 86%] [32m[1mLinking CXX shared library libGSSlamNode.so[0m
[ 86%] Built target GSSlamNode
[ 93%] [32m[1mLinking CXX executable gs_slam_node[0m
[100%] Built target gs_slam_node
-- Install configuration: ""
-- Up-to-date: /home/jorge/ros2_thesis_ws/src/f_vigs_slam/install/f_vigs_slam/lib/libGSSlam.so
-- Installing: /home/jorge/ros2_thesis_ws/src/f_vigs_slam/install/f_vigs_slam/lib/libGSSlamNode.so
-- Set non-toolchain portion of runtime path of "/home/jorge/ros2_thesis_ws/src/f_vigs_slam/install/f_vigs_slam/lib/libGSSlamNode.so" to ""
-- Installing: /home/jorge/ros2_thesis_ws/src/f_vigs_slam/install/f_vigs_slam/lib/f_vigs_slam/gs_slam_node
-- Set non-toolchain portion of runtime path of "/home/jorge/ros2_thesis_ws/src/f_vigs_slam/install/f_vigs_slam/lib/f_vigs_slam/gs_slam_node" to ""
-- Up-to-date: /home/jorge/ros2_thesis_ws/src/f_vigs_slam/install/f_vigs_slam/share/f_vigs_slam/launch
-- Up-to-date: /home/jorge/ros2_thesis_ws/src/f_vigs_slam/install/f_vigs_slam/share/f_vigs_slam/launch/gs_slam_launch.py
-- Up-to-date: /home/jorge/ros2_thesis_ws/src/f_vigs_slam/install/f_vigs_slam/share/ament_index/resource_index/package_run_dependencies/f_vigs_slam
-- Up-to-date: /home/jorge/ros2_thesis_ws/src/f_vigs_slam/install/f_vigs_slam/share/ament_index/resource_index/parent_prefix_path/f_vigs_slam
-- Up-to-date: /home/jorge/ros2_thesis_ws/src/f_vigs_slam/install/f_vigs_slam/share/f_vigs_slam/environment/ament_prefix_path.sh
-- Up-to-date: /home/jorge/ros2_thesis_ws/src/f_vigs_slam/install/f_vigs_slam/share/f_vigs_slam/environment/ament_prefix_path.dsv
-- Up-to-date: /home/jorge/ros2_thesis_ws/src/f_vigs_slam/install/f_vigs_slam/share/f_vigs_slam/environment/path.sh
-- Up-to-date: /home/jorge/ros2_thesis_ws/src/f_vigs_slam/install/f_vigs_slam/share/f_vigs_slam/environment/path.dsv
-- Up-to-date: /home/jorge/ros2_thesis_ws/src/f_vigs_slam/install/f_vigs_slam/share/f_vigs_slam/local_setup.bash
-- Up-to-date: /home/jorge/ros2_thesis_ws/src/f_vigs_slam/install/f_vigs_slam/share/f_vigs_slam/local_setup.sh
-- Up-to-date: /home/jorge/ros2_thesis_ws/src/f_vigs_slam/install/f_vigs_slam/share/f_vigs_slam/local_setup.zsh
-- Up-to-date: /home/jorge/ros2_thesis_ws/src/f_vigs_slam/install/f_vigs_slam/share/f_vigs_slam/local_setup.dsv
-- Installing: /home/jorge/ros2_thesis_ws/src/f_vigs_slam/install/f_vigs_slam/share/f_vigs_slam/package.dsv
-- Up-to-date: /home/jorge/ros2_thesis_ws/src/f_vigs_slam/install/f_vigs_slam/share/ament_index/resource_index/packages/f_vigs_slam
-- Up-to-date: /home/jorge/ros2_thesis_ws/src/f_vigs_slam/install/f_vigs_slam/share/f_vigs_slam/cmake/f_vigs_slamConfig.cmake
-- Up-to-date: /home/jorge/ros2_thesis_ws/src/f_vigs_slam/install/f_vigs_slam/share/f_vigs_slam/cmake/f_vigs_slamConfig-version.cmake
-- Up-to-date: /home/jorge/ros2_thesis_ws/src/f_vigs_slam/install/f_vigs_slam/share/f_vigs_slam/package.xml
