[0.014s] Invoking command in '/home/jorge/ros2_thesis_ws/src/f_vigs_slam/build/f_vigs_slam': CMAKE_PREFIX_PATH=${CMAKE_PREFIX_PATH}:/opt/ros/rolling /usr/bin/cmake --build /home/jorge/ros2_thesis_ws/src/f_vigs_slam/build/f_vigs_slam -- -j6 -l6
[0.199s] [ 60%] Built target GSSlam
[0.259s] [ 66%] [32mBuilding CUDA object CMakeFiles/GSSlamNode.dir/src/GSSlamNode.cpp.o[0m
[0.260s] [ 73%] [32mBuilding CUDA object CMakeFiles/GSSlamNode.dir/src/GaussianSplattingViewer.cpp.o[0m
[111.020s] [ 80%] [32m[1mLinking CUDA device code CMakeFiles/GSSlamNode.dir/cmake_device_link.o[0m
[111.126s] [ 86%] [32m[1mLinking CXX shared library libGSSlamNode.so[0m
[114.337s] [ 86%] Built target GSSlamNode
[114.378s] [ 93%] [32m[1mLinking CXX executable gs_slam_node[0m
[115.910s] [100%] Built target gs_slam_node
[115.933s] Invoked command in '/home/jorge/ros2_thesis_ws/src/f_vigs_slam/build/f_vigs_slam' returned '0': CMAKE_PREFIX_PATH=${CMAKE_PREFIX_PATH}:/opt/ros/rolling /usr/bin/cmake --build /home/jorge/ros2_thesis_ws/src/f_vigs_slam/build/f_vigs_slam -- -j6 -l6
[115.948s] Invoking command in '/home/jorge/ros2_thesis_ws/src/f_vigs_slam/build/f_vigs_slam': CMAKE_PREFIX_PATH=${CMAKE_PREFIX_PATH}:/opt/ros/rolling /usr/bin/cmake --install /home/jorge/ros2_thesis_ws/src/f_vigs_slam/build/f_vigs_slam
[115.959s] -- Install configuration: ""
[115.959s] -- Up-to-date: /home/jorge/ros2_thesis_ws/src/f_vigs_slam/install/f_vigs_slam/lib/libGSSlam.so
[115.960s] -- Installing: /home/jorge/ros2_thesis_ws/src/f_vigs_slam/install/f_vigs_slam/lib/libGSSlamNode.so
[115.989s] -- Set non-toolchain portion of runtime path of "/home/jorge/ros2_thesis_ws/src/f_vigs_slam/install/f_vigs_slam/lib/libGSSlamNode.so" to ""
[115.989s] -- Installing: /home/jorge/ros2_thesis_ws/src/f_vigs_slam/install/f_vigs_slam/lib/f_vigs_slam/gs_slam_node
[115.990s] -- Set non-toolchain portion of runtime path of "/home/jorge/ros2_thesis_ws/src/f_vigs_slam/install/f_vigs_slam/lib/f_vigs_slam/gs_slam_node" to ""
[115.990s] -- Up-to-date: /home/jorge/ros2_thesis_ws/src/f_vigs_slam/install/f_vigs_slam/share/f_vigs_slam/launch
[115.990s] -- Up-to-date: /home/jorge/ros2_thesis_ws/src/f_vigs_slam/install/f_vigs_slam/share/f_vigs_slam/launch/gs_slam_launch.py
[115.990s] -- Up-to-date: /home/jorge/ros2_thesis_ws/src/f_vigs_slam/install/f_vigs_slam/share/ament_index/resource_index/package_run_dependencies/f_vigs_slam
[115.990s] -- Up-to-date: /home/jorge/ros2_thesis_ws/src/f_vigs_slam/install/f_vigs_slam/share/ament_index/resource_index/parent_prefix_path/f_vigs_slam
[115.990s] -- Up-to-date: /home/jorge/ros2_thesis_ws/src/f_vigs_slam/install/f_vigs_slam/share/f_vigs_slam/environment/ament_prefix_path.sh
[115.990s] -- Up-to-date: /home/jorge/ros2_thesis_ws/src/f_vigs_slam/install/f_vigs_slam/share/f_vigs_slam/environment/ament_prefix_path.dsv
[115.991s] -- Up-to-date: /home/jorge/ros2_thesis_ws/src/f_vigs_slam/install/f_vigs_slam/share/f_vigs_slam/environment/path.sh
[115.991s] -- Up-to-date: /home/jorge/ros2_thesis_ws/src/f_vigs_slam/install/f_vigs_slam/share/f_vigs_slam/environment/path.dsv
[115.991s] -- Up-to-date: /home/jorge/ros2_thesis_ws/src/f_vigs_slam/install/f_vigs_slam/share/f_vigs_slam/local_setup.bash
[115.991s] -- Up-to-date: /home/jorge/ros2_thesis_ws/src/f_vigs_slam/install/f_vigs_slam/share/f_vigs_slam/local_setup.sh
[115.991s] -- Up-to-date: /home/jorge/ros2_thesis_ws/src/f_vigs_slam/install/f_vigs_slam/share/f_vigs_slam/local_setup.zsh
[115.991s] -- Up-to-date: /home/jorge/ros2_thesis_ws/src/f_vigs_slam/install/f_vigs_slam/share/f_vigs_slam/local_setup.dsv
[115.991s] -- Installing: /home/jorge/ros2_thesis_ws/src/f_vigs_slam/install/f_vigs_slam/share/f_vigs_slam/package.dsv
[115.991s] -- Up-to-date: /home/jorge/ros2_thesis_ws/src/f_vigs_slam/install/f_vigs_slam/share/ament_index/resource_index/packages/f_vigs_slam
[115.992s] -- Up-to-date: /home/jorge/ros2_thesis_ws/src/f_vigs_slam/install/f_vigs_slam/share/f_vigs_slam/cmake/f_vigs_slamConfig.cmake
[115.992s] -- Up-to-date: /home/jorge/ros2_thesis_ws/src/f_vigs_slam/install/f_vigs_slam/share/f_vigs_slam/cmake/f_vigs_slamConfig-version.cmake
[115.992s] -- Up-to-date: /home/jorge/ros2_thesis_ws/src/f_vigs_slam/install/f_vigs_slam/share/f_vigs_slam/package.xml
[115.994s] Invoked command in '/home/jorge/ros2_thesis_ws/src/f_vigs_slam/build/f_vigs_slam' returned '0': CMAKE_PREFIX_PATH=${CMAKE_PREFIX_PATH}:/opt/ros/rolling /usr/bin/cmake --install /home/jorge/ros2_thesis_ws/src/f_vigs_slam/build/f_vigs_slam
