[8.965s] DEBUG:colcon:Command line arguments: ['/usr/bin/colcon', 'build']
[8.965s] DEBUG:colcon:Parsed command line arguments: Namespace(log_base=None, log_level=None, verb_name='build', build_base='build', install_base='install', merge_install=False, symlink_install=False, test_result_base=None, continue_on_error=False, executor='parallel', parallel_workers=6, event_handlers=None, ignore_user_meta=False, metas=['./colcon.meta'], base_paths=['.'], packages_ignore=None, packages_ignore_regex=None, paths=None, packages_up_to=None, packages_up_to_regex=None, packages_above=None, packages_above_and_dependencies=None, packages_above_depth=None, packages_select_by_dep=None, packages_skip_by_dep=None, packages_skip_up_to=None, packages_select_build_failed=False, packages_skip_build_finished=False, packages_select_test_failures=False, packages_skip_test_passed=False, packages_select=None, packages_skip=None, packages_select_regex=None, packages_skip_regex=None, packages_start=None, packages_end=None, allow_overriding=[], cmake_args=None, cmake_target=None, cmake_target_skip_unavailable=False, cmake_clean_cache=False, cmake_clean_first=False, cmake_force_configure=False, ament_cmake_args=None, catkin_cmake_args=None, catkin_skip_building_tests=False, mixin_files=None, mixin=None, verb_parser=<colcon_mixin.mixin.mixin_argument.MixinArgumentDecorator object at 0x7340cf12dca0>, verb_extension=<colcon_core.verb.build.BuildVerb object at 0x7340cef89790>, main=<bound method BuildVerb.main of <colcon_core.verb.build.BuildVerb object at 0x7340cef89790>>, mixin_verb=('build',))
[9.013s] Level 1:colcon.colcon_core.package_discovery:discover_packages(colcon_meta) check parameters
[9.014s] Level 1:colcon.colcon_core.package_discovery:discover_packages(recursive) check parameters
[9.014s] Level 1:colcon.colcon_core.package_discovery:discover_packages(ignore) check parameters
[9.014s] Level 1:colcon.colcon_core.package_discovery:discover_packages(path) check parameters
[9.014s] Level 1:colcon.colcon_core.package_discovery:discover_packages(colcon_meta) discover
[9.014s] Level 1:colcon.colcon_core.package_discovery:discover_packages(recursive) discover
[9.014s] INFO:colcon.colcon_core.package_discovery:Crawling recursively for packages in '/home/jorge/ros2_thesis_ws/src/f_vigs_slam'
[9.014s] Level 1:colcon.colcon_core.package_identification:_identify(.) by extensions ['ignore', 'ignore_ament_install']
[9.014s] Level 1:colcon.colcon_core.package_identification:_identify(.) by extension 'ignore'
[9.014s] Level 1:colcon.colcon_core.package_identification:_identify(.) by extension 'ignore_ament_install'
[9.014s] Level 1:colcon.colcon_core.package_identification:_identify(.) by extensions ['colcon_pkg']
[9.014s] Level 1:colcon.colcon_core.package_identification:_identify(.) by extension 'colcon_pkg'
[9.015s] Level 1:colcon.colcon_core.package_identification:_identify(.) by extensions ['colcon_meta']
[9.015s] Level 1:colcon.colcon_core.package_identification:_identify(.) by extension 'colcon_meta'
[9.015s] Level 1:colcon.colcon_core.package_identification:_identify(.) by extensions ['ros']
[9.015s] Level 1:colcon.colcon_core.package_identification:_identify(.) by extension 'ros'
[9.049s] DEBUG:colcon.colcon_core.package_identification:Package '.' with type 'ros.ament_cmake' and name 'f_vigs_slam'
[9.049s] Level 1:colcon.colcon_core.package_discovery:discover_packages(recursive) using defaults
[9.050s] Level 1:colcon.colcon_core.package_discovery:discover_packages(ignore) discover
[9.050s] Level 1:colcon.colcon_core.package_discovery:discover_packages(ignore) using defaults
[9.050s] Level 1:colcon.colcon_core.package_discovery:discover_packages(path) discover
[9.050s] Level 1:colcon.colcon_core.package_discovery:discover_packages(path) using defaults
[9.068s] Level 1:colcon.colcon_core.package_discovery:discover_packages(prefix_path) check parameters
[9.068s] Level 1:colcon.colcon_core.package_discovery:discover_packages(prefix_path) discover
[9.070s] DEBUG:colcon.colcon_installed_package_information.package_discovery:Found 1 installed packages in /home/jorge/ros2_thesis_ws/src/f_vigs_slam/install
[9.073s] DEBUG:colcon.colcon_installed_package_information.package_discovery:Found 290 installed packages in /opt/ros/rolling
[9.074s] Level 1:colcon.colcon_core.package_discovery:discover_packages(prefix_path) using defaults
[-0.166s] Level 5:colcon.colcon_core.verb:set package 'f_vigs_slam' build argument 'cmake_args' from command line to 'None'
[-0.155s] Level 5:colcon.colcon_core.verb:set package 'f_vigs_slam' build argument 'cmake_target' from command line to 'None'
[-0.155s] Level 5:colcon.colcon_core.verb:set package 'f_vigs_slam' build argument 'cmake_target_skip_unavailable' from command line to 'False'
[-0.155s] Level 5:colcon.colcon_core.verb:set package 'f_vigs_slam' build argument 'cmake_clean_cache' from command line to 'False'
[-0.155s] Level 5:colcon.colcon_core.verb:set package 'f_vigs_slam' build argument 'cmake_clean_first' from command line to 'False'
[-0.155s] Level 5:colcon.colcon_core.verb:set package 'f_vigs_slam' build argument 'cmake_force_configure' from command line to 'False'
[-0.155s] Level 5:colcon.colcon_core.verb:set package 'f_vigs_slam' build argument 'ament_cmake_args' from command line to 'None'
[-0.155s] Level 5:colcon.colcon_core.verb:set package 'f_vigs_slam' build argument 'catkin_cmake_args' from command line to 'None'
[-0.155s] Level 5:colcon.colcon_core.verb:set package 'f_vigs_slam' build argument 'catkin_skip_building_tests' from command line to 'False'
[-0.155s] DEBUG:colcon.colcon_core.verb:Building package 'f_vigs_slam' with the following arguments: {'ament_cmake_args': None, 'build_base': '/home/jorge/ros2_thesis_ws/src/f_vigs_slam/build/f_vigs_slam', 'catkin_cmake_args': None, 'catkin_skip_building_tests': False, 'cmake_args': None, 'cmake_clean_cache': False, 'cmake_clean_first': False, 'cmake_force_configure': False, 'cmake_target': None, 'cmake_target_skip_unavailable': False, 'install_base': '/home/jorge/ros2_thesis_ws/src/f_vigs_slam/install/f_vigs_slam', 'merge_install': False, 'path': '/home/jorge/ros2_thesis_ws/src/f_vigs_slam', 'symlink_install': False, 'test_result_base': None}
[-0.155s] INFO:colcon.colcon_core.executor:Executing jobs using 'parallel' executor
[-0.150s] DEBUG:colcon.colcon_parallel_executor.executor.parallel:run_until_complete
[-0.149s] INFO:colcon.colcon_ros.task.ament_cmake.build:Building ROS package in '/home/jorge/ros2_thesis_ws/src/f_vigs_slam' with build type 'ament_cmake'
[-0.149s] INFO:colcon.colcon_cmake.task.cmake.build:Building CMake package in '/home/jorge/ros2_thesis_ws/src/f_vigs_slam'
[-0.146s] INFO:colcon.colcon_core.plugin_system:Skipping extension 'colcon_core.shell.bat': Not used on non-Windows systems
[-0.146s] INFO:colcon.colcon_core.shell:Skip shell extension 'powershell' for command environment: Not usable outside of PowerShell
[-0.146s] DEBUG:colcon.colcon_core.shell:Skip shell extension 'dsv' for command environment
[-0.133s] DEBUG:colcon.colcon_core.event_handler.log_command:Invoking command in '/home/jorge/ros2_thesis_ws/src/f_vigs_slam/build/f_vigs_slam': CMAKE_PREFIX_PATH=${CMAKE_PREFIX_PATH}:/opt/ros/rolling /usr/bin/cmake --build /home/jorge/ros2_thesis_ws/src/f_vigs_slam/build/f_vigs_slam -- -j6 -l6
[41.689s] DEBUG:colcon.colcon_core.event_handler.log_command:Invoked command in '/home/jorge/ros2_thesis_ws/src/f_vigs_slam/build/f_vigs_slam' returned '0': CMAKE_PREFIX_PATH=${CMAKE_PREFIX_PATH}:/opt/ros/rolling /usr/bin/cmake --build /home/jorge/ros2_thesis_ws/src/f_vigs_slam/build/f_vigs_slam -- -j6 -l6
[41.702s] DEBUG:colcon.colcon_core.event_handler.log_command:Invoking command in '/home/jorge/ros2_thesis_ws/src/f_vigs_slam/build/f_vigs_slam': CMAKE_PREFIX_PATH=${CMAKE_PREFIX_PATH}:/opt/ros/rolling /usr/bin/cmake --install /home/jorge/ros2_thesis_ws/src/f_vigs_slam/build/f_vigs_slam
[41.781s] Level 1:colcon.colcon_core.environment:create_environment_scripts_only(f_vigs_slam)
[41.782s] DEBUG:colcon.colcon_core.event_handler.log_command:Invoked command in '/home/jorge/ros2_thesis_ws/src/f_vigs_slam/build/f_vigs_slam' returned '0': CMAKE_PREFIX_PATH=${CMAKE_PREFIX_PATH}:/opt/ros/rolling /usr/bin/cmake --install /home/jorge/ros2_thesis_ws/src/f_vigs_slam/build/f_vigs_slam
[41.784s] Level 1:colcon.colcon_core.environment:checking '/home/jorge/ros2_thesis_ws/src/f_vigs_slam/install/f_vigs_slam' for CMake module files
[41.785s] Level 1:colcon.colcon_core.environment:checking '/home/jorge/ros2_thesis_ws/src/f_vigs_slam/install/f_vigs_slam' for CMake config files
[41.785s] Level 1:colcon.colcon_core.shell:create_environment_hook('f_vigs_slam', 'cmake_prefix_path')
[41.785s] INFO:colcon.colcon_core.shell:Creating environment hook '/home/jorge/ros2_thesis_ws/src/f_vigs_slam/install/f_vigs_slam/share/f_vigs_slam/hook/cmake_prefix_path.ps1'
[41.786s] INFO:colcon.colcon_core.shell:Creating environment descriptor '/home/jorge/ros2_thesis_ws/src/f_vigs_slam/install/f_vigs_slam/share/f_vigs_slam/hook/cmake_prefix_path.dsv'
[41.786s] INFO:colcon.colcon_core.shell:Creating environment hook '/home/jorge/ros2_thesis_ws/src/f_vigs_slam/install/f_vigs_slam/share/f_vigs_slam/hook/cmake_prefix_path.sh'
[41.787s] Level 1:colcon.colcon_core.environment:checking '/home/jorge/ros2_thesis_ws/src/f_vigs_slam/install/f_vigs_slam/lib'
[41.787s] Level 1:colcon.colcon_core.shell:create_environment_hook('f_vigs_slam', 'ld_library_path_lib')
[41.788s] INFO:colcon.colcon_core.shell:Creating environment hook '/home/jorge/ros2_thesis_ws/src/f_vigs_slam/install/f_vigs_slam/share/f_vigs_slam/hook/ld_library_path_lib.ps1'
[41.788s] INFO:colcon.colcon_core.shell:Creating environment descriptor '/home/jorge/ros2_thesis_ws/src/f_vigs_slam/install/f_vigs_slam/share/f_vigs_slam/hook/ld_library_path_lib.dsv'
[41.788s] INFO:colcon.colcon_core.shell:Creating environment hook '/home/jorge/ros2_thesis_ws/src/f_vigs_slam/install/f_vigs_slam/share/f_vigs_slam/hook/ld_library_path_lib.sh'
[41.789s] Level 1:colcon.colcon_core.environment:checking '/home/jorge/ros2_thesis_ws/src/f_vigs_slam/install/f_vigs_slam/bin'
[41.789s] Level 1:colcon.colcon_core.environment:checking '/home/jorge/ros2_thesis_ws/src/f_vigs_slam/install/f_vigs_slam/lib/pkgconfig/f_vigs_slam.pc'
[41.789s] Level 1:colcon.colcon_core.environment:checking '/home/jorge/ros2_thesis_ws/src/f_vigs_slam/install/f_vigs_slam/lib/python3.12/site-packages'
[41.790s] Level 1:colcon.colcon_core.environment:checking '/home/jorge/ros2_thesis_ws/src/f_vigs_slam/install/f_vigs_slam/bin'
[41.790s] INFO:colcon.colcon_core.shell:Creating package script '/home/jorge/ros2_thesis_ws/src/f_vigs_slam/install/f_vigs_slam/share/f_vigs_slam/package.ps1'
[41.791s] INFO:colcon.colcon_core.shell:Creating package descriptor '/home/jorge/ros2_thesis_ws/src/f_vigs_slam/install/f_vigs_slam/share/f_vigs_slam/package.dsv'
[41.791s] INFO:colcon.colcon_core.shell:Creating package script '/home/jorge/ros2_thesis_ws/src/f_vigs_slam/install/f_vigs_slam/share/f_vigs_slam/package.sh'
[41.792s] INFO:colcon.colcon_core.shell:Creating package script '/home/jorge/ros2_thesis_ws/src/f_vigs_slam/install/f_vigs_slam/share/f_vigs_slam/package.bash'
[41.793s] INFO:colcon.colcon_core.shell:Creating package script '/home/jorge/ros2_thesis_ws/src/f_vigs_slam/install/f_vigs_slam/share/f_vigs_slam/package.zsh'
[41.793s] Level 1:colcon.colcon_core.environment:create_file_with_runtime_dependencies(/home/jorge/ros2_thesis_ws/src/f_vigs_slam/install/f_vigs_slam/share/colcon-core/packages/f_vigs_slam)
[41.794s] Level 1:colcon.colcon_core.environment:create_environment_scripts_only(f_vigs_slam)
[41.794s] Level 1:colcon.colcon_core.environment:checking '/home/jorge/ros2_thesis_ws/src/f_vigs_slam/install/f_vigs_slam' for CMake module files
[41.795s] Level 1:colcon.colcon_core.environment:checking '/home/jorge/ros2_thesis_ws/src/f_vigs_slam/install/f_vigs_slam' for CMake config files
[41.795s] Level 1:colcon.colcon_core.shell:create_environment_hook('f_vigs_slam', 'cmake_prefix_path')
[41.795s] INFO:colcon.colcon_core.shell:Creating environment hook '/home/jorge/ros2_thesis_ws/src/f_vigs_slam/install/f_vigs_slam/share/f_vigs_slam/hook/cmake_prefix_path.ps1'
[41.796s] INFO:colcon.colcon_core.shell:Creating environment descriptor '/home/jorge/ros2_thesis_ws/src/f_vigs_slam/install/f_vigs_slam/share/f_vigs_slam/hook/cmake_prefix_path.dsv'
[41.796s] INFO:colcon.colcon_core.shell:Creating environment hook '/home/jorge/ros2_thesis_ws/src/f_vigs_slam/install/f_vigs_slam/share/f_vigs_slam/hook/cmake_prefix_path.sh'
[41.797s] Level 1:colcon.colcon_core.environment:checking '/home/jorge/ros2_thesis_ws/src/f_vigs_slam/install/f_vigs_slam/lib'
[41.797s] Level 1:colcon.colcon_core.shell:create_environment_hook('f_vigs_slam', 'ld_library_path_lib')
[41.797s] INFO:colcon.colcon_core.shell:Creating environment hook '/home/jorge/ros2_thesis_ws/src/f_vigs_slam/install/f_vigs_slam/share/f_vigs_slam/hook/ld_library_path_lib.ps1'
[41.798s] INFO:colcon.colcon_core.shell:Creating environment descriptor '/home/jorge/ros2_thesis_ws/src/f_vigs_slam/install/f_vigs_slam/share/f_vigs_slam/hook/ld_library_path_lib.dsv'
[41.798s] INFO:colcon.colcon_core.shell:Creating environment hook '/home/jorge/ros2_thesis_ws/src/f_vigs_slam/install/f_vigs_slam/share/f_vigs_slam/hook/ld_library_path_lib.sh'
[41.799s] Level 1:colcon.colcon_core.environment:checking '/home/jorge/ros2_thesis_ws/src/f_vigs_slam/install/f_vigs_slam/bin'
[41.799s] Level 1:colcon.colcon_core.environment:checking '/home/jorge/ros2_thesis_ws/src/f_vigs_slam/install/f_vigs_slam/lib/pkgconfig/f_vigs_slam.pc'
[41.799s] Level 1:colcon.colcon_core.environment:checking '/home/jorge/ros2_thesis_ws/src/f_vigs_slam/install/f_vigs_slam/lib/python3.12/site-packages'
[41.800s] Level 1:colcon.colcon_core.environment:checking '/home/jorge/ros2_thesis_ws/src/f_vigs_slam/install/f_vigs_slam/bin'
[41.800s] INFO:colcon.colcon_core.shell:Creating package script '/home/jorge/ros2_thesis_ws/src/f_vigs_slam/install/f_vigs_slam/share/f_vigs_slam/package.ps1'
[41.801s] INFO:colcon.colcon_core.shell:Creating package descriptor '/home/jorge/ros2_thesis_ws/src/f_vigs_slam/install/f_vigs_slam/share/f_vigs_slam/package.dsv'
[41.801s] INFO:colcon.colcon_core.shell:Creating package script '/home/jorge/ros2_thesis_ws/src/f_vigs_slam/install/f_vigs_slam/share/f_vigs_slam/package.sh'
[41.802s] INFO:colcon.colcon_core.shell:Creating package script '/home/jorge/ros2_thesis_ws/src/f_vigs_slam/install/f_vigs_slam/share/f_vigs_slam/package.bash'
[41.803s] INFO:colcon.colcon_core.shell:Creating package script '/home/jorge/ros2_thesis_ws/src/f_vigs_slam/install/f_vigs_slam/share/f_vigs_slam/package.zsh'
[41.803s] Level 1:colcon.colcon_core.environment:create_file_with_runtime_dependencies(/home/jorge/ros2_thesis_ws/src/f_vigs_slam/install/f_vigs_slam/share/colcon-core/packages/f_vigs_slam)
[41.803s] DEBUG:colcon.colcon_parallel_executor.executor.parallel:closing loop
[41.804s] DEBUG:colcon.colcon_parallel_executor.executor.parallel:loop closed
[41.804s] DEBUG:colcon.colcon_parallel_executor.executor.parallel:run_until_complete finished with '0'
[41.804s] DEBUG:colcon.colcon_core.event_reactor:joining thread
[41.831s] INFO:colcon.colcon_core.plugin_system:Skipping extension 'colcon_notification.desktop_notification.notify_send': Could not find 'notify-send'
[41.831s] INFO:colcon.colcon_core.plugin_system:Skipping extension 'colcon_notification.desktop_notification.terminal_notifier': Not used on non-Darwin systems
[41.831s] INFO:colcon.colcon_core.plugin_system:Skipping extension 'colcon_notification.desktop_notification.win32': Not used on non-Windows systems
[41.831s] INFO:colcon.colcon_notification.desktop_notification:Sending desktop notification using 'notify2'
[41.832s] DEBUG:colcon.colcon_notification.desktop_notification.notify2:Failed to initialize notify2: org.freedesktop.DBus.Error.ServiceUnknown: The name org.freedesktop.Notifications was not provided by any .service files
[41.832s] DEBUG:colcon.colcon_core.event_reactor:joined thread
[41.833s] INFO:colcon.colcon_core.shell:Creating prefix script '/home/jorge/ros2_thesis_ws/src/f_vigs_slam/install/local_setup.ps1'
[41.834s] INFO:colcon.colcon_core.shell:Creating prefix util module '/home/jorge/ros2_thesis_ws/src/f_vigs_slam/install/_local_setup_util_ps1.py'
[41.835s] INFO:colcon.colcon_core.shell:Creating prefix chain script '/home/jorge/ros2_thesis_ws/src/f_vigs_slam/install/setup.ps1'
[41.836s] INFO:colcon.colcon_core.shell:Creating prefix script '/home/jorge/ros2_thesis_ws/src/f_vigs_slam/install/local_setup.sh'
[41.836s] INFO:colcon.colcon_core.shell:Creating prefix util module '/home/jorge/ros2_thesis_ws/src/f_vigs_slam/install/_local_setup_util_sh.py'
[41.837s] INFO:colcon.colcon_core.shell:Creating prefix chain script '/home/jorge/ros2_thesis_ws/src/f_vigs_slam/install/setup.sh'
[41.838s] INFO:colcon.colcon_core.shell:Creating prefix script '/home/jorge/ros2_thesis_ws/src/f_vigs_slam/install/local_setup.bash'
[41.839s] INFO:colcon.colcon_core.shell:Creating prefix chain script '/home/jorge/ros2_thesis_ws/src/f_vigs_slam/install/setup.bash'
[41.840s] INFO:colcon.colcon_core.shell:Creating prefix script '/home/jorge/ros2_thesis_ws/src/f_vigs_slam/install/local_setup.zsh'
[41.840s] INFO:colcon.colcon_core.shell:Creating prefix chain script '/home/jorge/ros2_thesis_ws/src/f_vigs_slam/install/setup.zsh'
