-- Found ament_cmake: 2.8.4 (/opt/ros/rolling/share/ament_cmake/cmake)
-- Found rclcpp: 30.1.3 (/opt/ros/rolling/share/rclcpp/cmake)
-- Found rosidl_generator_c: 5.1.1 (/opt/ros/rolling/share/rosidl_generator_c/cmake)
-- Found rosidl_generator_cpp: 5.1.1 (/opt/ros/rolling/share/rosidl_generator_cpp/cmake)
-- Using all available rosidl_typesupport_c: rosidl_typesupport_fastrtps_c;rosidl_typesupport_introspection_c
-- Using all available rosidl_typesupport_cpp: rosidl_typesupport_fastrtps_cpp;rosidl_typesupport_introspection_cpp
-- Found rmw_implementation_cmake: 7.9.1 (/opt/ros/rolling/share/rmw_implementation_cmake/cmake)
-- Found rmw_fastrtps_cpp: 9.4.4 (/opt/ros/rolling/share/rmw_fastrtps_cpp/cmake)
-- Using RMW implementation 'rmw_fastrtps_cpp' as default
-- Found sensor_msgs: 5.9.1 (/opt/ros/rolling/share/sensor_msgs/cmake)
-- Found cv_bridge: 4.1.0 (/opt/ros/rolling/share/cv_bridge/cmake)
-- Found CUDA: /usr/local/cuda-12.3 (found suitable exact version "12.3") 
-- Found nav_msgs: 5.9.1 (/opt/ros/rolling/share/nav_msgs/cmake)
-- Found image_transport: 6.4.3 (/opt/ros/rolling/share/image_transport/cmake)
-- Found image_geometry: 4.1.0 (/opt/ros/rolling/share/image_geometry/cmake)
-- Found tf2: 0.45.3 (/opt/ros/rolling/share/tf2/cmake)
-- Found tf2_ros: 0.45.3 (/opt/ros/rolling/share/tf2_ros/cmake)
-- Found tf2_eigen: 0.45.3 (/opt/ros/rolling/share/tf2_eigen/cmake)
-- Found tf2_geometry_msgs: 0.45.3 (/opt/ros/rolling/share/tf2_geometry_msgs/cmake)
-- Found CUDA: /usr/local/cuda-12.3 (found version "12.3") 
-- Found required Ceres dependency: Eigen version 3.4.0 in /usr/include/eigen3
-- Found required Ceres dependency: glog
-- Found required Ceres dependency: gflags
-- Found Ceres version: 2.0.0 installed in: /usr/local with components: [EigenSparse, SparseLinearAlgebraLibrary, LAPACK, SchurSpecializations, Multithreading]
-- Found ament_lint_auto: 0.20.3 (/opt/ros/rolling/share/ament_lint_auto/cmake)
-- Added test 'cppcheck' to perform static code analysis on C / C++ code
-- Configured cppcheck include dirs: /home/jorge/ros2_thesis_ws/src/f_vigs_slam/include;$<BUILD_INTERFACE:/home/jorge/ros2_thesis_ws/src/f_vigs_slam/include>
-- Configured cppcheck exclude dirs and/or files: 
-- Added test 'flake8' to check Python code syntax and style conventions
-- Configured 'flake8' exclude dirs and/or files: 
-- Added test 'lint_cmake' to check CMake code style
-- Added test 'pep257' to check Python code against some of the docstring style conventions in PEP 257
-- Added test 'uncrustify' to check C / C++ code style
-- Configured uncrustify additional arguments: 
-- Added test 'xmllint' to check XML markup files
-- Configuring done (1.2s)
-- Generating done (0.0s)
-- Build files have been written to: /home/jorge/ros2_thesis_ws/src/f_vigs_slam/build/f_vigs_slam
[  6%] [32mBuilding CUDA object CMakeFiles/GSSlam.dir/src/GSSlam.cu.o[0m
[ 13%] [32mBuilding CUDA object CMakeFiles/GSSlam.dir/src/GSCudaKernels.cu.o[0m
[ 20%] [32mBuilding CUDA object CMakeFiles/GSSlam.dir/src/RgbdPoseCost.cu.o[0m
[ 26%] [32mBuilding CXX object CMakeFiles/GSSlam.dir/src/KeyframeSelector.cpp.o[0m
