[0.011s] Invoking command in '/home/jorge/ros2_thesis_ws/src/f_vigs_slam/build/f_vigs_slam': CMAKE_PREFIX_PATH=${CMAKE_PREFIX_PATH}:/opt/ros/rolling /usr/bin/cmake --build /home/jorge/ros2_thesis_ws/src/f_vigs_slam/build/f_vigs_slam -- -j6 -l6
[0.102s] [ 58%] Built target GSSlam
[0.184s] [ 66%] [32mBuilding CUDA object CMakeFiles/GSSlamNode.dir/src/GSSlamNode.cpp.o[0m
[88.770s] [ 75%] [32m[1mLinking CXX shared library libGSSlamNode.so[0m
[95.134s] [ 83%] Built target GSSlamNode
[95.159s] [ 91%] [32mBuilding CXX object CMakeFiles/gs_slam_node.dir/src/gs_slam_node.cpp.o[0m
[96.775s] In file included from [01m[K/home/jorge/ros2_thesis_ws/src/f_vigs_slam/include/f_vigs_slam/GSSlamNode.hpp:13[m[K,
[96.775s]                  from [01m[K/home/jorge/ros2_thesis_ws/src/f_vigs_slam/src/gs_slam_node.cpp:2[m[K:
[96.775s] [01m[K/opt/ros/rolling/include/tf2_ros/tf2_ros/buffer.h:40:4:[m[K [01;35m[Kwarning: [m[K#warning BUFFER_HEADER_DEPRECATION [[01;35m[K]8;;https://gcc.gnu.org/onlinedocs/gcc/Warning-Options.html#index-Wcpp-Wcpp]8;;[m[K]
[96.775s]    40 |   #[01;35m[Kwarning[m[K BUFFER_HEADER_DEPRECATION
[96.775s]       |    [01;35m[K^~~~~~~[m[K
[96.817s] In file included from [01m[K/home/jorge/ros2_thesis_ws/src/f_vigs_slam/include/f_vigs_slam/GSSlamNode.hpp:14[m[K:
[96.817s] [01m[K/opt/ros/rolling/include/tf2_ros/tf2_ros/transform_listener.h:40:4:[m[K [01;35m[Kwarning: [m[K#warning TRANSFORM_LISTENER_HEADER_DEPRECATION [[01;35m[K]8;;https://gcc.gnu.org/onlinedocs/gcc/Warning-Options.html#index-Wcpp-Wcpp]8;;[m[K]
[96.817s]    40 |   #[01;35m[Kwarning[m[K TRANSFORM_LISTENER_HEADER_DEPRECATION
[96.817s]       |    [01;35m[K^~~~~~~[m[K
[103.468s] In file included from [01m[K/usr/local/cuda/targets/x86_64-linux/include/thrust/detail/internal_functional.h:27[m[K,
[103.468s]                  from [01m[K/usr/local/cuda/targets/x86_64-linux/include/thrust/system/detail/generic/copy.inl:22[m[K,
[103.468s]                  from [01m[K/usr/local/cuda/targets/x86_64-linux/include/thrust/system/detail/generic/copy.h:57[m[K,
[103.468s]                  from [01m[K/usr/local/cuda/targets/x86_64-linux/include/thrust/detail/copy.inl:22[m[K,
[103.468s]                  from [01m[K/usr/local/cuda/targets/x86_64-linux/include/thrust/detail/copy.h:90[m[K,
[103.468s]                  from [01m[K/usr/local/cuda/targets/x86_64-linux/include/thrust/detail/allocator/copy_construct_range.inl:23[m[K,
[103.468s]                  from [01m[K/usr/local/cuda/targets/x86_64-linux/include/thrust/detail/allocator/copy_construct_range.h:45[m[K,
[103.468s]                  from [01m[K/usr/local/cuda/targets/x86_64-linux/include/thrust/detail/contiguous_storage.inl:23[m[K,
[103.468s]                  from [01m[K/usr/local/cuda/targets/x86_64-linux/include/thrust/detail/contiguous_storage.h:234[m[K,
[103.468s]                  from [01m[K/usr/local/cuda/targets/x86_64-linux/include/thrust/detail/vector_base.h:30[m[K,
[103.468s]                  from [01m[K/usr/local/cuda/targets/x86_64-linux/include/thrust/device_vector.h:26[m[K,
[103.469s]                  from [01m[K/home/jorge/ros2_thesis_ws/src/f_vigs_slam/include/f_vigs_slam/GSSlam.cuh:5[m[K,
[103.469s]                  from [01m[K/home/jorge/ros2_thesis_ws/src/f_vigs_slam/include/f_vigs_slam/GSSlamNode.hpp:4[m[K:
[103.469s] /usr/local/cuda/targets/x86_64-linux/include/thrust/system/detail/generic/for_each.h: In instantiation of ‘[01m[KInputIterator thrust::system::detail::generic::[01;32m[Kfor_each_n[m[K(thrust::execution_policy<Derived>&, InputIterator, Size, UnaryFunction) [35m[K[with DerivedPolicy = thrust::cuda_cub::tag; InputIterator = thrust::device_ptr<float3>; Size = long unsigned int; UnaryFunction = thrust::detail::device_generate_functor<thrust::detail::fill_functor<float3> >][m[K[m[K’:
[103.469s] [01m[K/usr/local/cuda/targets/x86_64-linux/include/thrust/detail/for_each.inl:67:20:[m[K   required from ‘[01m[KInputIterator thrust::[01;32m[Kfor_each_n[m[K(const detail::execution_policy_base<DerivedPolicy>&, InputIterator, Size, UnaryFunction) [35m[K[with DerivedPolicy = cuda_cub::tag; InputIterator = device_ptr<float3>; Size = long unsigned int; UnaryFunction = detail::device_generate_functor<detail::fill_functor<float3> >][m[K[m[K’
[103.469s] [01m[K/usr/local/cuda/targets/x86_64-linux/include/thrust/system/detail/generic/generate.inl:93:28:[m[K   required from ‘[01m[KOutputIterator thrust::system::detail::generic::[01;32m[Kgenerate_n[m[K(thrust::execution_policy<Derived>&, OutputIterator, Size, Generator) [35m[K[with ExecutionPolicy = thrust::cuda_cub::tag; OutputIterator = thrust::device_ptr<float3>; Size = long unsigned int; Generator = thrust::detail::fill_functor<float3>][m[K[m[K’
[103.469s] [01m[K/usr/local/cuda/targets/x86_64-linux/include/thrust/detail/generate.inl:56:20:[m[K   required from ‘[01m[KOutputIterator thrust::[01;32m[Kgenerate_n[m[K(const detail::execution_policy_base<DerivedPolicy>&, OutputIterator, Size, Generator) [35m[K[with DerivedPolicy = cuda_cub::tag; OutputIterator = device_ptr<float3>; Size = long unsigned int; Generator = detail::fill_functor<float3>][m[K[m[K’
[103.469s] [01m[K/usr/local/cuda/targets/x86_64-linux/include/thrust/system/detail/generic/fill.h:42:28:[m[K   required from ‘[01m[KOutputIterator thrust::system::detail::generic::[01;32m[Kfill_n[m[K(thrust::execution_policy<Derived>&, OutputIterator, Size, const T&) [35m[K[with DerivedPolicy = thrust::cuda_cub::tag; OutputIterator = thrust::device_ptr<float3>; Size = long unsigned int; T = float3][m[K[m[K’
[103.469s] [01m[K/usr/local/cuda/targets/x86_64-linux/include/thrust/detail/fill.inl:51:16:[m[K   required from ‘[01m[KOutputIterator thrust::[01;32m[Kfill_n[m[K(const detail::execution_policy_base<DerivedPolicy>&, OutputIterator, Size, const T&) [35m[K[with DerivedPolicy = cuda_cub::tag; OutputIterator = device_ptr<float3>; Size = long unsigned int; T = float3][m[K[m[K’
[103.469s] [01m[K/usr/local/cuda/targets/x86_64-linux/include/thrust/system/detail/generic/uninitialized_fill.inl:75:24:[m[K   [ skipping 3 instantiation contexts, use -ftemplate-backtrace-limit=0 to disable ]
[103.469s] [01m[K/usr/local/cuda/targets/x86_64-linux/include/thrust/detail/allocator/default_construct_range.inl:95:31:[m[K   required from ‘[01m[Ktypename thrust::detail::disable_if<thrust::detail::allocator_traits_detail::needs_default_construct_via_allocator<Allocator, typename thrust::detail::pointer_element<ToPtr>::type>::value>::type thrust::detail::allocator_traits_detail::[01;32m[Kdefault_construct_range[m[K(Allocator&, Pointer, Size) [35m[K[with Allocator = thrust::device_allocator<float3>; Pointer = thrust::device_ptr<float3>; Size = long unsigned int; typename thrust::detail::disable_if<needs_default_construct_via_allocator<Allocator, typename thrust::detail::pointer_element<ToPtr>::type>::value>::type = void; typename thrust::detail::pointer_element<ToPtr>::type = float3][m[K[m[K’
[103.469s] [01m[K/usr/local/cuda/targets/x86_64-linux/include/thrust/detail/allocator/default_construct_range.inl:106:58:[m[K   required from ‘[01m[Kvoid thrust::detail::[01;32m[Kdefault_construct_range[m[K(Allocator&, Pointer, Size) [35m[K[with Allocator = thrust::device_allocator<float3>; Pointer = thrust::device_ptr<float3>; Size = long unsigned int][m[K[m[K’
[103.469s] [01m[K/usr/local/cuda/targets/x86_64-linux/include/thrust/detail/contiguous_storage.inl:256:26:[m[K   required from ‘[01m[Kvoid thrust::detail::contiguous_storage<T, Alloc>::[01;32m[Kdefault_construct_n[m[K(iterator, size_type) [35m[K[with T = float3; Alloc = thrust::device_allocator<float3>; iterator = thrust::detail::normal_iterator<thrust::device_ptr<float3> >; size_type = long unsigned int][m[K[m[K’
[103.470s] [01m[K/usr/local/cuda/targets/x86_64-linux/include/thrust/detail/vector_base.inl:929:36:[m[K   required from ‘[01m[Kvoid thrust::detail::vector_base<T, Alloc>::[01;32m[Kappend[m[K(size_type) [35m[K[with T = float3; Alloc = thrust::device_allocator<float3>; size_type = long unsigned int][m[K[m[K’
[103.470s] [01m[K/usr/local/cuda/targets/x86_64-linux/include/thrust/detail/vector_base.inl:349:5:[m[K   required from ‘[01m[Kvoid thrust::detail::vector_base<T, Alloc>::[01;32m[Kresize[m[K(size_type) [35m[K[with T = float3; Alloc = thrust::device_allocator<float3>; size_type = long unsigned int][m[K[m[K’
[103.470s] [01m[K/home/jorge/ros2_thesis_ws/src/f_vigs_slam/include/f_vigs_slam/RepresentationClasses.hpp:63:29:[m[K   required from here
[103.470s] [01m[K/usr/local/cuda/targets/x86_64-linux/include/thrust/system/detail/generic/for_each.h:66:69:[m[K [01;31m[Kerror: [m[Kstatic assertion failed: unimplemented for this system
[103.470s]    66 |     [01;31m[K(thrust::detail::depend_on_instantiation<InputIterator, false>::value)[m[K
[103.470s]       |     [01;31m[K~~~~~~~~~~~~~~~~~~~~~~~~~~~~~~~~~~~~~~~~~~~~~~~~~~~~~~~~~~~~~~~~^~~~~~[m[K
[103.470s] [01m[K/usr/local/cuda/targets/x86_64-linux/include/thrust/detail/static_assert.h:50:58:[m[K [01;36m[Knote: [m[Kin definition of macro ‘[01m[KTHRUST_STATIC_ASSERT_MSG[m[K’
[103.470s]    50 | #  define THRUST_STATIC_ASSERT_MSG(B, msg) static_assert([01;36m[KB[m[K, msg)
[103.470s]       |                                                          [01;36m[K^[m[K
[103.470s] [01m[K/usr/local/cuda/targets/x86_64-linux/include/thrust/system/detail/generic/for_each.h:66:69:[m[K [01;36m[Knote: [m[K‘[01m[Kthrust::detail::depend_on_instantiation<thrust::device_ptr<float3>, false>::value[m[K’ evaluates to false
[103.470s]    66 |     [01;36m[K(thrust::detail::depend_on_instantiation<InputIterator, false>::value)[m[K
[103.470s]       |     [01;36m[K~~~~~~~~~~~~~~~~~~~~~~~~~~~~~~~~~~~~~~~~~~~~~~~~~~~~~~~~~~~~~~~~^~~~~~[m[K
[103.470s] [01m[K/usr/local/cuda/targets/x86_64-linux/include/thrust/detail/static_assert.h:50:58:[m[K [01;36m[Knote: [m[Kin definition of macro ‘[01m[KTHRUST_STATIC_ASSERT_MSG[m[K’
[103.471s]    50 | #  define THRUST_STATIC_ASSERT_MSG(B, msg) static_assert([01;36m[KB[m[K, msg)
[103.471s]       |                                                          [01;36m[K^[m[K
[103.471s] /usr/local/cuda/targets/x86_64-linux/include/thrust/system/detail/generic/for_each.h: In instantiation of ‘[01m[KInputIterator thrust::system::detail::generic::[01;32m[Kfor_each_n[m[K(thrust::execution_policy<Derived>&, InputIterator, Size, UnaryFunction) [35m[K[with DerivedPolicy = thrust::cuda_cub::tag; InputIterator = thrust::device_ptr<float4>; Size = long unsigned int; UnaryFunction = thrust::detail::device_generate_functor<thrust::detail::fill_functor<float4> >][m[K[m[K’:
[103.471s] [01m[K/usr/local/cuda/targets/x86_64-linux/include/thrust/detail/for_each.inl:67:20:[m[K   required from ‘[01m[KInputIterator thrust::[01;32m[Kfor_each_n[m[K(const detail::execution_policy_base<DerivedPolicy>&, InputIterator, Size, UnaryFunction) [35m[K[with DerivedPolicy = cuda_cub::tag; InputIterator = device_ptr<float4>; Size = long unsigned int; UnaryFunction = detail::device_generate_functor<detail::fill_functor<float4> >][m[K[m[K’
[103.471s] [01m[K/usr/local/cuda/targets/x86_64-linux/include/thrust/system/detail/generic/generate.inl:93:28:[m[K   required from ‘[01m[KOutputIterator thrust::system::detail::generic::[01;32m[Kgenerate_n[m[K(thrust::execution_policy<Derived>&, OutputIterator, Size, Generator) [35m[K[with ExecutionPolicy = thrust::cuda_cub::tag; OutputIterator = thrust::device_ptr<float4>; Size = long unsigned int; Generator = thrust::detail::fill_functor<float4>][m[K[m[K’
[103.471s] [01m[K/usr/local/cuda/targets/x86_64-linux/include/thrust/detail/generate.inl:56:20:[m[K   required from ‘[01m[KOutputIterator thrust::[01;32m[Kgenerate_n[m[K(const detail::execution_policy_base<DerivedPolicy>&, OutputIterator, Size, Generator) [35m[K[with DerivedPolicy = cuda_cub::tag; OutputIterator = device_ptr<float4>; Size = long unsigned int; Generator = detail::fill_functor<float4>][m[K[m[K’
[103.471s] [01m[K/usr/local/cuda/targets/x86_64-linux/include/thrust/system/detail/generic/fill.h:42:28:[m[K   required from ‘[01m[KOutputIterator thrust::system::detail::generic::[01;32m[Kfill_n[m[K(thrust::execution_policy<Derived>&, OutputIterator, Size, const T&) [35m[K[with DerivedPolicy = thrust::cuda_cub::tag; OutputIterator = thrust::device_ptr<float4>; Size = long unsigned int; T = float4][m[K[m[K’
[103.471s] [01m[K/usr/local/cuda/targets/x86_64-linux/include/thrust/detail/fill.inl:51:16:[m[K   required from ‘[01m[KOutputIterator thrust::[01;32m[Kfill_n[m[K(const detail::execution_policy_base<DerivedPolicy>&, OutputIterator, Size, const T&) [35m[K[with DerivedPolicy = cuda_cub::tag; OutputIterator = device_ptr<float4>; Size = long unsigned int; T = float4][m[K[m[K’
[103.471s] [01m[K/usr/local/cuda/targets/x86_64-linux/include/thrust/system/detail/generic/uninitialized_fill.inl:75:24:[m[K   [ skipping 3 instantiation contexts, use -ftemplate-backtrace-limit=0 to disable ]
[103.471s] [01m[K/usr/local/cuda/targets/x86_64-linux/include/thrust/detail/allocator/default_construct_range.inl:95:31:[m[K   required from ‘[01m[Ktypename thrust::detail::disable_if<thrust::detail::allocator_traits_detail::needs_default_construct_via_allocator<Allocator, typename thrust::detail::pointer_element<ToPtr>::type>::value>::type thrust::detail::allocator_traits_detail::[01;32m[Kdefault_construct_range[m[K(Allocator&, Pointer, Size) [35m[K[with Allocator = thrust::device_allocator<float4>; Pointer = thrust::device_ptr<float4>; Size = long unsigned int; typename thrust::detail::disable_if<needs_default_construct_via_allocator<Allocator, typename thrust::detail::pointer_element<ToPtr>::type>::value>::type = void; typename thrust::detail::pointer_element<ToPtr>::type = float4][m[K[m[K’
[103.471s] [01m[K/usr/local/cuda/targets/x86_64-linux/include/thrust/detail/allocator/default_construct_range.inl:106:58:[m[K   required from ‘[01m[Kvoid thrust::detail::[01;32m[Kdefault_construct_range[m[K(Allocator&, Pointer, Size) [35m[K[with Allocator = thrust::device_allocator<float4>; Pointer = thrust::device_ptr<float4>; Size = long unsigned int][m[K[m[K’
[103.471s] [01m[K/usr/local/cuda/targets/x86_64-linux/include/thrust/detail/contiguous_storage.inl:256:26:[m[K   required from ‘[01m[Kvoid thrust::detail::contiguous_storage<T, Alloc>::[01;32m[Kdefault_construct_n[m[K(iterator, size_type) [35m[K[with T = float4; Alloc = thrust::device_allocator<float4>; iterator = thrust::detail::normal_iterator<thrust::device_ptr<float4> >; size_type = long unsigned int][m[K[m[K’
[103.472s] [01m[K/usr/local/cuda/targets/x86_64-linux/include/thrust/detail/vector_base.inl:929:36:[m[K   required from ‘[01m[Kvoid thrust::detail::vector_base<T, Alloc>::[01;32m[Kappend[m[K(size_type) [35m[K[with T = float4; Alloc = thrust::device_allocator<float4>; size_type = long unsigned int][m[K[m[K’
[103.472s] [01m[K/usr/local/cuda/targets/x86_64-linux/include/thrust/detail/vector_base.inl:349:5:[m[K   required from ‘[01m[Kvoid thrust::detail::vector_base<T, Alloc>::[01;32m[Kresize[m[K(size_type) [35m[K[with T = float4; Alloc = thrust::device_allocator<float4>; size_type = long unsigned int][m[K[m[K’
[103.472s] [01m[K/home/jorge/ros2_thesis_ws/src/f_vigs_slam/include/f_vigs_slam/RepresentationClasses.hpp:65:32:[m[K   required from here
[103.472s] [01m[K/usr/local/cuda/targets/x86_64-linux/include/thrust/system/detail/generic/for_each.h:66:69:[m[K [01;31m[Kerror: [m[Kstatic assertion failed: unimplemented for this system
[103.472s]    66 |     [01;31m[K(thrust::detail::depend_on_instantiation<InputIterator, false>::value)[m[K
[103.472s]       |     [01;31m[K~~~~~~~~~~~~~~~~~~~~~~~~~~~~~~~~~~~~~~~~~~~~~~~~~~~~~~~~~~~~~~~~^~~~~~[m[K
[103.472s] [01m[K/usr/local/cuda/targets/x86_64-linux/include/thrust/detail/static_assert.h:50:58:[m[K [01;36m[Knote: [m[Kin definition of macro ‘[01m[KTHRUST_STATIC_ASSERT_MSG[m[K’
[103.472s]    50 | #  define THRUST_STATIC_ASSERT_MSG(B, msg) static_assert([01;36m[KB[m[K, msg)
[103.472s]       |                                                          [01;36m[K^[m[K
[103.472s] [01m[K/usr/local/cuda/targets/x86_64-linux/include/thrust/system/detail/generic/for_each.h:66:69:[m[K [01;36m[Knote: [m[K‘[01m[Kthrust::detail::depend_on_instantiation<thrust::device_ptr<float4>, false>::value[m[K’ evaluates to false
[103.472s]    66 |     [01;36m[K(thrust::detail::depend_on_instantiation<InputIterator, false>::value)[m[K
[103.472s]       |     [01;36m[K~~~~~~~~~~~~~~~~~~~~~~~~~~~~~~~~~~~~~~~~~~~~~~~~~~~~~~~~~~~~~~~~^~~~~~[m[K
[103.472s] [01m[K/usr/local/cuda/targets/x86_64-linux/include/thrust/detail/static_assert.h:50:58:[m[K [01;36m[Knote: [m[Kin definition of macro ‘[01m[KTHRUST_STATIC_ASSERT_MSG[m[K’
[103.472s]    50 | #  define THRUST_STATIC_ASSERT_MSG(B, msg) static_assert([01;36m[KB[m[K, msg)
[103.473s]       |                                                          [01;36m[K^[m[K
[103.473s] /usr/local/cuda/targets/x86_64-linux/include/thrust/system/detail/generic/for_each.h: In instantiation of ‘[01m[KInputIterator thrust::system::detail::generic::[01;32m[Kfor_each_n[m[K(thrust::execution_policy<Derived>&, InputIterator, Size, UnaryFunction) [35m[K[with DerivedPolicy = thrust::cuda_cub::tag; InputIterator = thrust::device_ptr<float>; Size = long unsigned int; UnaryFunction = thrust::detail::device_generate_functor<thrust::detail::fill_functor<float> >][m[K[m[K’:
[103.473s] [01m[K/usr/local/cuda/targets/x86_64-linux/include/thrust/detail/for_each.inl:67:20:[m[K   required from ‘[01m[KInputIterator thrust::[01;32m[Kfor_each_n[m[K(const detail::execution_policy_base<DerivedPolicy>&, InputIterator, Size, UnaryFunction) [35m[K[with DerivedPolicy = cuda_cub::tag; InputIterator = device_ptr<float>; Size = long unsigned int; UnaryFunction = detail::device_generate_functor<detail::fill_functor<float> >][m[K[m[K’
[103.473s] [01m[K/usr/local/cuda/targets/x86_64-linux/include/thrust/system/detail/generic/generate.inl:93:28:[m[K   required from ‘[01m[KOutputIterator thrust::system::detail::generic::[01;32m[Kgenerate_n[m[K(thrust::execution_policy<Derived>&, OutputIterator, Size, Generator) [35m[K[with ExecutionPolicy = thrust::cuda_cub::tag; OutputIterator = thrust::device_ptr<float>; Size = long unsigned int; Generator = thrust::detail::fill_functor<float>][m[K[m[K’
[103.473s] [01m[K/usr/local/cuda/targets/x86_64-linux/include/thrust/detail/generate.inl:56:20:[m[K   required from ‘[01m[KOutputIterator thrust::[01;32m[Kgenerate_n[m[K(const detail::execution_policy_base<DerivedPolicy>&, OutputIterator, Size, Generator) [35m[K[with DerivedPolicy = cuda_cub::tag; OutputIterator = device_ptr<float>; Size = long unsigned int; Generator = detail::fill_functor<float>][m[K[m[K’
[103.473s] [01m[K/usr/local/cuda/targets/x86_64-linux/include/thrust/system/detail/generic/fill.h:42:28:[m[K   required from ‘[01m[KOutputIterator thrust::system::detail::generic::[01;32m[Kfill_n[m[K(thrust::execution_policy<Derived>&, OutputIterator, Size, const T&) [35m[K[with DerivedPolicy = thrust::cuda_cub::tag; OutputIterator = thrust::device_ptr<float>; Size = long unsigned int; T = float][m[K[m[K’
[103.473s] [01m[K/usr/local/cuda/targets/x86_64-linux/include/thrust/detail/fill.inl:51:16:[m[K   required from ‘[01m[KOutputIterator thrust::[01;32m[Kfill_n[m[K(const detail::execution_policy_base<DerivedPolicy>&, OutputIterator, Size, const T&) [35m[K[with DerivedPolicy = cuda_cub::tag; OutputIterator = device_ptr<float>; Size = long unsigned int; T = float][m[K[m[K’
[103.473s] [01m[K/usr/local/cuda/targets/x86_64-linux/include/thrust/system/detail/generic/uninitialized_fill.inl:75:24:[m[K   [ skipping 3 instantiation contexts, use -ftemplate-backtrace-limit=0 to disable ]
[103.473s] [01m[K/usr/local/cuda/targets/x86_64-linux/include/thrust/detail/allocator/default_construct_range.inl:95:31:[m[K   required from ‘[01m[Ktypename thrust::detail::disable_if<thrust::detail::allocator_traits_detail::needs_default_construct_via_allocator<Allocator, typename thrust::detail::pointer_element<ToPtr>::type>::value>::type thrust::detail::allocator_traits_detail::[01;32m[Kdefault_construct_range[m[K(Allocator&, Pointer, Size) [35m[K[with Allocator = thrust::device_allocator<float>; Pointer = thrust::device_ptr<float>; Size = long unsigned int; typename thrust::detail::disable_if<needs_default_construct_via_allocator<Allocator, typename thrust::detail::pointer_element<ToPtr>::type>::value>::type = void; typename thrust::detail::pointer_element<ToPtr>::type = float][m[K[m[K’
[103.473s] [01m[K/usr/local/cuda/targets/x86_64-linux/include/thrust/detail/allocator/default_construct_range.inl:106:58:[m[K   required from ‘[01m[Kvoid thrust::detail::[01;32m[Kdefault_construct_range[m[K(Allocator&, Pointer, Size) [35m[K[with Allocator = thrust::device_allocator<float>; Pointer = thrust::device_ptr<float>; Size = long unsigned int][m[K[m[K’
[103.473s] [01m[K/usr/local/cuda/targets/x86_64-linux/include/thrust/detail/contiguous_storage.inl:256:26:[m[K   required from ‘[01m[Kvoid thrust::detail::contiguous_storage<T, Alloc>::[01;32m[Kdefault_construct_n[m[K(iterator, size_type) [35m[K[with T = float; Alloc = thrust::device_allocator<float>; iterator = thrust::detail::normal_iterator<thrust::device_ptr<float> >; size_type = long unsigned int][m[K[m[K’
[103.473s] [01m[K/usr/local/cuda/targets/x86_64-linux/include/thrust/detail/vector_base.inl:929:36:[m[K   required from ‘[01m[Kvoid thrust::detail::vector_base<T, Alloc>::[01;32m[Kappend[m[K(size_type) [35m[K[with T = float; Alloc = thrust::device_allocator<float>; size_type = long unsigned int][m[K[m[K’
[103.473s] [01m[K/usr/local/cuda/targets/x86_64-linux/include/thrust/detail/vector_base.inl:349:5:[m[K   required from ‘[01m[Kvoid thrust::detail::vector_base<T, Alloc>::[01;32m[Kresize[m[K(size_type) [35m[K[with T = float; Alloc = thrust::device_allocator<float>; size_type = long unsigned int][m[K[m[K’
[103.473s] [01m[K/home/jorge/ros2_thesis_ws/src/f_vigs_slam/include/f_vigs_slam/RepresentationClasses.hpp:67:29:[m[K   required from here
[103.474s] [01m[K/usr/local/cuda/targets/x86_64-linux/include/thrust/system/detail/generic/for_each.h:66:69:[m[K [01;31m[Kerror: [m[Kstatic assertion failed: unimplemented for this system
[103.474s]    66 |     [01;31m[K(thrust::detail::depend_on_instantiation<InputIterator, false>::value)[m[K
[103.474s]       |     [01;31m[K~~~~~~~~~~~~~~~~~~~~~~~~~~~~~~~~~~~~~~~~~~~~~~~~~~~~~~~~~~~~~~~~^~~~~~[m[K
[103.474s] [01m[K/usr/local/cuda/targets/x86_64-linux/include/thrust/detail/static_assert.h:50:58:[m[K [01;36m[Knote: [m[Kin definition of macro ‘[01m[KTHRUST_STATIC_ASSERT_MSG[m[K’
[103.474s]    50 | #  define THRUST_STATIC_ASSERT_MSG(B, msg) static_assert([01;36m[KB[m[K, msg)
[103.474s]       |                                                          [01;36m[K^[m[K
[103.474s] [01m[K/usr/local/cuda/targets/x86_64-linux/include/thrust/system/detail/generic/for_each.h:66:69:[m[K [01;36m[Knote: [m[K‘[01m[Kthrust::detail::depend_on_instantiation<thrust::device_ptr<float>, false>::value[m[K’ evaluates to false
[103.474s]    66 |     [01;36m[K(thrust::detail::depend_on_instantiation<InputIterator, false>::value)[m[K
[103.474s]       |     [01;36m[K~~~~~~~~~~~~~~~~~~~~~~~~~~~~~~~~~~~~~~~~~~~~~~~~~~~~~~~~~~~~~~~~^~~~~~[m[K
[103.474s] [01m[K/usr/local/cuda/targets/x86_64-linux/include/thrust/detail/static_assert.h:50:58:[m[K [01;36m[Knote: [m[Kin definition of macro ‘[01m[KTHRUST_STATIC_ASSERT_MSG[m[K’
[103.474s]    50 | #  define THRUST_STATIC_ASSERT_MSG(B, msg) static_assert([01;36m[KB[m[K, msg)
[103.474s]       |                                                          [01;36m[K^[m[K
[104.526s] gmake[2]: *** [CMakeFiles/gs_slam_node.dir/build.make:76: CMakeFiles/gs_slam_node.dir/src/gs_slam_node.cpp.o] Error 1
[104.526s] gmake[1]: *** [CMakeFiles/Makefile2:194: CMakeFiles/gs_slam_node.dir/all] Error 2
[104.526s] gmake: *** [Makefile:146: all] Error 2
[104.529s] Invoked command in '/home/jorge/ros2_thesis_ws/src/f_vigs_slam/build/f_vigs_slam' returned '2': CMAKE_PREFIX_PATH=${CMAKE_PREFIX_PATH}:/opt/ros/rolling /usr/bin/cmake --build /home/jorge/ros2_thesis_ws/src/f_vigs_slam/build/f_vigs_slam -- -j6 -l6
