[0.159s] DEBUG:colcon:Command line arguments: ['/usr/bin/colcon', 'build']
[0.159s] DEBUG:colcon:Parsed command line arguments: Namespace(log_base=None, log_level=None, verb_name='build', build_base='build', install_base='install', merge_install=False, symlink_install=False, test_result_base=None, continue_on_error=False, executor='parallel', parallel_workers=6, event_handlers=None, ignore_user_meta=False, metas=['./colcon.meta'], base_paths=['.'], packages_ignore=None, packages_ignore_regex=None, paths=None, packages_up_to=None, packages_up_to_regex=None, packages_above=None, packages_above_and_dependencies=None, packages_above_depth=None, packages_select_by_dep=None, packages_skip_by_dep=None, packages_skip_up_to=None, packages_select_build_failed=False, packages_skip_build_finished=False, packages_select_test_failures=False, packages_skip_test_passed=False, packages_select=None, packages_skip=None, packages_select_regex=None, packages_skip_regex=None, packages_start=None, packages_end=None, allow_overriding=[], cmake_args=None, cmake_target=None, cmake_target_skip_unavailable=False, cmake_clean_cache=False, cmake_clean_first=False, cmake_force_configure=False, ament_cmake_args=None, catkin_cmake_args=None, catkin_skip_building_tests=False, mixin_files=None, mixin=None, verb_parser=<colcon_mixin.mixin.mixin_argument.MixinArgumentDecorator object at 0x730c6a885880>, verb_extension=<colcon_core.verb.build.BuildVerb object at 0x730c6a885580>, main=<bound method BuildVerb.main of <colcon_core.verb.build.BuildVerb object at 0x730c6a885580>>, mixin_verb=('build',))
[0.203s] Level 1:colcon.colcon_core.package_discovery:discover_packages(colcon_meta) check parameters
[0.204s] Level 1:colcon.colcon_core.package_discovery:discover_packages(recursive) check parameters
[0.204s] Level 1:colcon.colcon_core.package_discovery:discover_packages(ignore) check parameters
[0.204s] Level 1:colcon.colcon_core.package_discovery:discover_packages(path) check parameters
[0.204s] Level 1:colcon.colcon_core.package_discovery:discover_packages(colcon_meta) discover
[0.204s] Level 1:colcon.colcon_core.package_discovery:discover_packages(recursive) discover
[0.204s] INFO:colcon.colcon_core.package_discovery:Crawling recursively for packages in '/home/jorge/ros2_thesis_ws/src/f_vigs_slam'
[0.204s] Level 1:colcon.colcon_core.package_identification:_identify(.) by extensions ['ignore', 'ignore_ament_install']
[0.204s] Level 1:colcon.colcon_core.package_identification:_identify(.) by extension 'ignore'
[0.204s] Level 1:colcon.colcon_core.package_identification:_identify(.) by extension 'ignore_ament_install'
[0.204s] Level 1:colcon.colcon_core.package_identification:_identify(.) by extensions ['colcon_pkg']
[0.204s] Level 1:colcon.colcon_core.package_identification:_identify(.) by extension 'colcon_pkg'
[0.204s] Level 1:colcon.colcon_core.package_identification:_identify(.) by extensions ['colcon_meta']
[0.204s] Level 1:colcon.colcon_core.package_identification:_identify(.) by extension 'colcon_meta'
[0.204s] Level 1:colcon.colcon_core.package_identification:_identify(.) by extensions ['ros']
[0.204s] Level 1:colcon.colcon_core.package_identification:_identify(.) by extension 'ros'
[0.234s] DEBUG:colcon.colcon_core.package_identification:Package '.' with type 'ros.ament_cmake' and name 'f_vigs_slam'
[0.234s] Level 1:colcon.colcon_core.package_discovery:discover_packages(recursive) using defaults
[0.234s] Level 1:colcon.colcon_core.package_discovery:discover_packages(ignore) discover
[0.234s] Level 1:colcon.colcon_core.package_discovery:discover_packages(ignore) using defaults
[0.234s] Level 1:colcon.colcon_core.package_discovery:discover_packages(path) discover
[0.234s] Level 1:colcon.colcon_core.package_discovery:discover_packages(path) using defaults
[0.253s] Level 1:colcon.colcon_core.package_discovery:discover_packages(prefix_path) check parameters
[0.253s] Level 1:colcon.colcon_core.package_discovery:discover_packages(prefix_path) discover
[0.255s] DEBUG:colcon.colcon_installed_package_information.package_discovery:Found 1 installed packages in /home/jorge/ros2_thesis_ws/src/f_vigs_slam/install
[0.256s] DEBUG:colcon.colcon_installed_package_information.package_discovery:Found 290 installed packages in /opt/ros/rolling
[0.258s] Level 1:colcon.colcon_core.package_discovery:discover_packages(prefix_path) using defaults
[0.305s] Level 5:colcon.colcon_core.verb:set package 'f_vigs_slam' build argument 'cmake_args' from command line to 'None'
[0.305s] Level 5:colcon.colcon_core.verb:set package 'f_vigs_slam' build argument 'cmake_target' from command line to 'None'
[0.306s] Level 5:colcon.colcon_core.verb:set package 'f_vigs_slam' build argument 'cmake_target_skip_unavailable' from command line to 'False'
[0.306s] Level 5:colcon.colcon_core.verb:set package 'f_vigs_slam' build argument 'cmake_clean_cache' from command line to 'False'
[0.306s] Level 5:colcon.colcon_core.verb:set package 'f_vigs_slam' build argument 'cmake_clean_first' from command line to 'False'
[0.306s] Level 5:colcon.colcon_core.verb:set package 'f_vigs_slam' build argument 'cmake_force_configure' from command line to 'False'
[0.306s] Level 5:colcon.colcon_core.verb:set package 'f_vigs_slam' build argument 'ament_cmake_args' from command line to 'None'
[0.306s] Level 5:colcon.colcon_core.verb:set package 'f_vigs_slam' build argument 'catkin_cmake_args' from command line to 'None'
[0.306s] Level 5:colcon.colcon_core.verb:set package 'f_vigs_slam' build argument 'catkin_skip_building_tests' from command line to 'False'
[0.306s] DEBUG:colcon.colcon_core.verb:Building package 'f_vigs_slam' with the following arguments: {'ament_cmake_args': None, 'build_base': '/home/jorge/ros2_thesis_ws/src/f_vigs_slam/build/f_vigs_slam', 'catkin_cmake_args': None, 'catkin_skip_building_tests': False, 'cmake_args': None, 'cmake_clean_cache': False, 'cmake_clean_first': False, 'cmake_force_configure': False, 'cmake_target': None, 'cmake_target_skip_unavailable': False, 'install_base': '/home/jorge/ros2_thesis_ws/src/f_vigs_slam/install/f_vigs_slam', 'merge_install': False, 'path': '/home/jorge/ros2_thesis_ws/src/f_vigs_slam', 'symlink_install': False, 'test_result_base': None}
[0.306s] INFO:colcon.colcon_core.executor:Executing jobs using 'parallel' executor
[0.307s] DEBUG:colcon.colcon_parallel_executor.executor.parallel:run_until_complete
[0.307s] INFO:colcon.colcon_ros.task.ament_cmake.build:Building ROS package in '/home/jorge/ros2_thesis_ws/src/f_vigs_slam' with build type 'ament_cmake'
[0.307s] INFO:colcon.colcon_cmake.task.cmake.build:Building CMake package in '/home/jorge/ros2_thesis_ws/src/f_vigs_slam'
[0.310s] INFO:colcon.colcon_core.plugin_system:Skipping extension 'colcon_core.shell.bat': Not used on non-Windows systems
[0.310s] INFO:colcon.colcon_core.shell:Skip shell extension 'powershell' for command environment: Not usable outside of PowerShell
[0.310s] DEBUG:colcon.colcon_core.shell:Skip shell extension 'dsv' for command environment
[0.322s] DEBUG:colcon.colcon_core.event_handler.log_command:Invoking command in '/home/jorge/ros2_thesis_ws/src/f_vigs_slam/build/f_vigs_slam': CMAKE_PREFIX_PATH=${CMAKE_PREFIX_PATH}:/opt/ros/rolling /usr/bin/cmake --build /home/jorge/ros2_thesis_ws/src/f_vigs_slam/build/f_vigs_slam -- -j6 -l6
[84.576s] DEBUG:colcon.colcon_core.event_handler.log_command:Invoked command in '/home/jorge/ros2_thesis_ws/src/f_vigs_slam/build/f_vigs_slam' returned '0': CMAKE_PREFIX_PATH=${CMAKE_PREFIX_PATH}:/opt/ros/rolling /usr/bin/cmake --build /home/jorge/ros2_thesis_ws/src/f_vigs_slam/build/f_vigs_slam -- -j6 -l6
[84.597s] DEBUG:colcon.colcon_core.event_handler.log_command:Invoking command in '/home/jorge/ros2_thesis_ws/src/f_vigs_slam/build/f_vigs_slam': CMAKE_PREFIX_PATH=${CMAKE_PREFIX_PATH}:/opt/ros/rolling /usr/bin/cmake --install /home/jorge/ros2_thesis_ws/src/f_vigs_slam/build/f_vigs_slam
[84.673s] Level 1:colcon.colcon_core.environment:create_environment_scripts_only(f_vigs_slam)
[84.674s] DEBUG:colcon.colcon_core.event_handler.log_command:Invoked command in '/home/jorge/ros2_thesis_ws/src/f_vigs_slam/build/f_vigs_slam' returned '0': CMAKE_PREFIX_PATH=${CMAKE_PREFIX_PATH}:/opt/ros/rolling /usr/bin/cmake --install /home/jorge/ros2_thesis_ws/src/f_vigs_slam/build/f_vigs_slam
[84.676s] Level 1:colcon.colcon_core.environment:checking '/home/jorge/ros2_thesis_ws/src/f_vigs_slam/install/f_vigs_slam' for CMake module files
[84.677s] Level 1:colcon.colcon_core.environment:checking '/home/jorge/ros2_thesis_ws/src/f_vigs_slam/install/f_vigs_slam' for CMake config files
[84.677s] Level 1:colcon.colcon_core.shell:create_environment_hook('f_vigs_slam', 'cmake_prefix_path')
[84.677s] INFO:colcon.colcon_core.shell:Creating environment hook '/home/jorge/ros2_thesis_ws/src/f_vigs_slam/install/f_vigs_slam/share/f_vigs_slam/hook/cmake_prefix_path.ps1'
[84.678s] INFO:colcon.colcon_core.shell:Creating environment descriptor '/home/jorge/ros2_thesis_ws/src/f_vigs_slam/install/f_vigs_slam/share/f_vigs_slam/hook/cmake_prefix_path.dsv'
[84.678s] INFO:colcon.colcon_core.shell:Creating environment hook '/home/jorge/ros2_thesis_ws/src/f_vigs_slam/install/f_vigs_slam/share/f_vigs_slam/hook/cmake_prefix_path.sh'
[84.679s] Level 1:colcon.colcon_core.environment:checking '/home/jorge/ros2_thesis_ws/src/f_vigs_slam/install/f_vigs_slam/lib'
[84.679s] Level 1:colcon.colcon_core.shell:create_environment_hook('f_vigs_slam', 'ld_library_path_lib')
[84.679s] INFO:colcon.colcon_core.shell:Creating environment hook '/home/jorge/ros2_thesis_ws/src/f_vigs_slam/install/f_vigs_slam/share/f_vigs_slam/hook/ld_library_path_lib.ps1'
[84.680s] INFO:colcon.colcon_core.shell:Creating environment descriptor '/home/jorge/ros2_thesis_ws/src/f_vigs_slam/install/f_vigs_slam/share/f_vigs_slam/hook/ld_library_path_lib.dsv'
[84.680s] INFO:colcon.colcon_core.shell:Creating environment hook '/home/jorge/ros2_thesis_ws/src/f_vigs_slam/install/f_vigs_slam/share/f_vigs_slam/hook/ld_library_path_lib.sh'
[84.681s] Level 1:colcon.colcon_core.environment:checking '/home/jorge/ros2_thesis_ws/src/f_vigs_slam/install/f_vigs_slam/bin'
[84.681s] Level 1:colcon.colcon_core.environment:checking '/home/jorge/ros2_thesis_ws/src/f_vigs_slam/install/f_vigs_slam/lib/pkgconfig/f_vigs_slam.pc'
[84.681s] Level 1:colcon.colcon_core.environment:checking '/home/jorge/ros2_thesis_ws/src/f_vigs_slam/install/f_vigs_slam/lib/python3.12/site-packages'
[84.682s] Level 1:colcon.colcon_core.environment:checking '/home/jorge/ros2_thesis_ws/src/f_vigs_slam/install/f_vigs_slam/bin'
[84.682s] INFO:colcon.colcon_core.shell:Creating package script '/home/jorge/ros2_thesis_ws/src/f_vigs_slam/install/f_vigs_slam/share/f_vigs_slam/package.ps1'
[84.683s] INFO:colcon.colcon_core.shell:Creating package descriptor '/home/jorge/ros2_thesis_ws/src/f_vigs_slam/install/f_vigs_slam/share/f_vigs_slam/package.dsv'
[84.683s] INFO:colcon.colcon_core.shell:Creating package script '/home/jorge/ros2_thesis_ws/src/f_vigs_slam/install/f_vigs_slam/share/f_vigs_slam/package.sh'
[84.684s] INFO:colcon.colcon_core.shell:Creating package script '/home/jorge/ros2_thesis_ws/src/f_vigs_slam/install/f_vigs_slam/share/f_vigs_slam/package.bash'
[84.685s] INFO:colcon.colcon_core.shell:Creating package script '/home/jorge/ros2_thesis_ws/src/f_vigs_slam/install/f_vigs_slam/share/f_vigs_slam/package.zsh'
[84.685s] Level 1:colcon.colcon_core.environment:create_file_with_runtime_dependencies(/home/jorge/ros2_thesis_ws/src/f_vigs_slam/install/f_vigs_slam/share/colcon-core/packages/f_vigs_slam)
[84.686s] Level 1:colcon.colcon_core.environment:create_environment_scripts_only(f_vigs_slam)
[84.687s] Level 1:colcon.colcon_core.environment:checking '/home/jorge/ros2_thesis_ws/src/f_vigs_slam/install/f_vigs_slam' for CMake module files
[84.687s] Level 1:colcon.colcon_core.environment:checking '/home/jorge/ros2_thesis_ws/src/f_vigs_slam/install/f_vigs_slam' for CMake config files
[84.688s] Level 1:colcon.colcon_core.shell:create_environment_hook('f_vigs_slam', 'cmake_prefix_path')
[84.688s] INFO:colcon.colcon_core.shell:Creating environment hook '/home/jorge/ros2_thesis_ws/src/f_vigs_slam/install/f_vigs_slam/share/f_vigs_slam/hook/cmake_prefix_path.ps1'
[84.689s] INFO:colcon.colcon_core.shell:Creating environment descriptor '/home/jorge/ros2_thesis_ws/src/f_vigs_slam/install/f_vigs_slam/share/f_vigs_slam/hook/cmake_prefix_path.dsv'
[84.689s] INFO:colcon.colcon_core.shell:Creating environment hook '/home/jorge/ros2_thesis_ws/src/f_vigs_slam/install/f_vigs_slam/share/f_vigs_slam/hook/cmake_prefix_path.sh'
[84.690s] Level 1:colcon.colcon_core.environment:checking '/home/jorge/ros2_thesis_ws/src/f_vigs_slam/install/f_vigs_slam/lib'
[84.690s] Level 1:colcon.colcon_core.shell:create_environment_hook('f_vigs_slam', 'ld_library_path_lib')
[84.690s] INFO:colcon.colcon_core.shell:Creating environment hook '/home/jorge/ros2_thesis_ws/src/f_vigs_slam/install/f_vigs_slam/share/f_vigs_slam/hook/ld_library_path_lib.ps1'
[84.690s] INFO:colcon.colcon_core.shell:Creating environment descriptor '/home/jorge/ros2_thesis_ws/src/f_vigs_slam/install/f_vigs_slam/share/f_vigs_slam/hook/ld_library_path_lib.dsv'
[84.691s] INFO:colcon.colcon_core.shell:Creating environment hook '/home/jorge/ros2_thesis_ws/src/f_vigs_slam/install/f_vigs_slam/share/f_vigs_slam/hook/ld_library_path_lib.sh'
[84.691s] Level 1:colcon.colcon_core.environment:checking '/home/jorge/ros2_thesis_ws/src/f_vigs_slam/install/f_vigs_slam/bin'
[84.691s] Level 1:colcon.colcon_core.environment:checking '/home/jorge/ros2_thesis_ws/src/f_vigs_slam/install/f_vigs_slam/lib/pkgconfig/f_vigs_slam.pc'
[84.691s] Level 1:colcon.colcon_core.environment:checking '/home/jorge/ros2_thesis_ws/src/f_vigs_slam/install/f_vigs_slam/lib/python3.12/site-packages'
[84.692s] Level 1:colcon.colcon_core.environment:checking '/home/jorge/ros2_thesis_ws/src/f_vigs_slam/install/f_vigs_slam/bin'
[84.692s] INFO:colcon.colcon_core.shell:Creating package script '/home/jorge/ros2_thesis_ws/src/f_vigs_slam/install/f_vigs_slam/share/f_vigs_slam/package.ps1'
[84.693s] INFO:colcon.colcon_core.shell:Creating package descriptor '/home/jorge/ros2_thesis_ws/src/f_vigs_slam/install/f_vigs_slam/share/f_vigs_slam/package.dsv'
[84.693s] INFO:colcon.colcon_core.shell:Creating package script '/home/jorge/ros2_thesis_ws/src/f_vigs_slam/install/f_vigs_slam/share/f_vigs_slam/package.sh'
[84.694s] INFO:colcon.colcon_core.shell:Creating package script '/home/jorge/ros2_thesis_ws/src/f_vigs_slam/install/f_vigs_slam/share/f_vigs_slam/package.bash'
[84.695s] INFO:colcon.colcon_core.shell:Creating package script '/home/jorge/ros2_thesis_ws/src/f_vigs_slam/install/f_vigs_slam/share/f_vigs_slam/package.zsh'
[84.695s] Level 1:colcon.colcon_core.environment:create_file_with_runtime_dependencies(/home/jorge/ros2_thesis_ws/src/f_vigs_slam/install/f_vigs_slam/share/colcon-core/packages/f_vigs_slam)
[84.695s] DEBUG:colcon.colcon_parallel_executor.executor.parallel:closing loop
[84.696s] DEBUG:colcon.colcon_parallel_executor.executor.parallel:loop closed
[84.696s] DEBUG:colcon.colcon_parallel_executor.executor.parallel:run_until_complete finished with '0'
[84.696s] DEBUG:colcon.colcon_core.event_reactor:joining thread
[84.722s] INFO:colcon.colcon_core.plugin_system:Skipping extension 'colcon_notification.desktop_notification.notify_send': Could not find 'notify-send'
[84.722s] INFO:colcon.colcon_core.plugin_system:Skipping extension 'colcon_notification.desktop_notification.terminal_notifier': Not used on non-Darwin systems
[84.722s] INFO:colcon.colcon_core.plugin_system:Skipping extension 'colcon_notification.desktop_notification.win32': Not used on non-Windows systems
[84.722s] INFO:colcon.colcon_notification.desktop_notification:Sending desktop notification using 'notify2'
[84.724s] DEBUG:colcon.colcon_notification.desktop_notification.notify2:Failed to initialize notify2: org.freedesktop.DBus.Error.ServiceUnknown: The name org.freedesktop.Notifications was not provided by any .service files
[84.724s] DEBUG:colcon.colcon_core.event_reactor:joined thread
[84.724s] INFO:colcon.colcon_core.shell:Creating prefix script '/home/jorge/ros2_thesis_ws/src/f_vigs_slam/install/local_setup.ps1'
[84.725s] INFO:colcon.colcon_core.shell:Creating prefix util module '/home/jorge/ros2_thesis_ws/src/f_vigs_slam/install/_local_setup_util_ps1.py'
[84.727s] INFO:colcon.colcon_core.shell:Creating prefix chain script '/home/jorge/ros2_thesis_ws/src/f_vigs_slam/install/setup.ps1'
[84.727s] INFO:colcon.colcon_core.shell:Creating prefix script '/home/jorge/ros2_thesis_ws/src/f_vigs_slam/install/local_setup.sh'
[84.728s] INFO:colcon.colcon_core.shell:Creating prefix util module '/home/jorge/ros2_thesis_ws/src/f_vigs_slam/install/_local_setup_util_sh.py'
[84.729s] INFO:colcon.colcon_core.shell:Creating prefix chain script '/home/jorge/ros2_thesis_ws/src/f_vigs_slam/install/setup.sh'
[84.730s] INFO:colcon.colcon_core.shell:Creating prefix script '/home/jorge/ros2_thesis_ws/src/f_vigs_slam/install/local_setup.bash'
[84.730s] INFO:colcon.colcon_core.shell:Creating prefix chain script '/home/jorge/ros2_thesis_ws/src/f_vigs_slam/install/setup.bash'
[84.731s] INFO:colcon.colcon_core.shell:Creating prefix script '/home/jorge/ros2_thesis_ws/src/f_vigs_slam/install/local_setup.zsh'
[84.731s] INFO:colcon.colcon_core.shell:Creating prefix chain script '/home/jorge/ros2_thesis_ws/src/f_vigs_slam/install/setup.zsh'
