[0.014s] Invoking command in '/home/jorge/ros2_thesis_ws/src/f_vigs_slam/build/f_vigs_slam': CMAKE_PREFIX_PATH=${CMAKE_PREFIX_PATH}:/opt/ros/rolling /usr/bin/cmake --build /home/jorge/ros2_thesis_ws/src/f_vigs_slam/build/f_vigs_slam -- -j6 -l6
[0.150s] [  6%] [32mBuilding CUDA object CMakeFiles/GSSlam.dir/src/GSSlam.cu.o[0m
[43.110s] [ 13%] [32m[1mLinking CXX shared library libGSSlam.so[0m
[44.307s] [ 60%] Built target GSSlam
[44.372s] [ 66%] [32m[1mLinking CUDA device code CMakeFiles/GSSlamNode.dir/cmake_device_link.o[0m
[44.480s] [ 73%] [32m[1mLinking CXX shared library libGSSlamNode.so[0m
[47.582s] [ 86%] Built target GSSlamNode
[47.624s] [ 93%] [32m[1mLinking CXX executable gs_slam_node[0m
[49.228s] [100%] Built target gs_slam_node
[49.248s] Invoked command in '/home/jorge/ros2_thesis_ws/src/f_vigs_slam/build/f_vigs_slam' returned '0': CMAKE_PREFIX_PATH=${CMAKE_PREFIX_PATH}:/opt/ros/rolling /usr/bin/cmake --build /home/jorge/ros2_thesis_ws/src/f_vigs_slam/build/f_vigs_slam -- -j6 -l6
[49.264s] Invoking command in '/home/jorge/ros2_thesis_ws/src/f_vigs_slam/build/f_vigs_slam': CMAKE_PREFIX_PATH=${CMAKE_PREFIX_PATH}:/opt/ros/rolling /usr/bin/cmake --install /home/jorge/ros2_thesis_ws/src/f_vigs_slam/build/f_vigs_slam
[49.275s] -- Install configuration: ""
[49.275s] -- Installing: /home/jorge/ros2_thesis_ws/src/f_vigs_slam/install/f_vigs_slam/lib/libGSSlam.so
[49.310s] -- Set non-toolchain portion of runtime path of "/home/jorge/ros2_thesis_ws/src/f_vigs_slam/install/f_vigs_slam/lib/libGSSlam.so" to ""
[49.311s] -- Installing: /home/jorge/ros2_thesis_ws/src/f_vigs_slam/install/f_vigs_slam/lib/libGSSlamNode.so
[49.339s] -- Set non-toolchain portion of runtime path of "/home/jorge/ros2_thesis_ws/src/f_vigs_slam/install/f_vigs_slam/lib/libGSSlamNode.so" to ""
[49.339s] -- Installing: /home/jorge/ros2_thesis_ws/src/f_vigs_slam/install/f_vigs_slam/lib/f_vigs_slam/gs_slam_node
[49.340s] -- Set non-toolchain portion of runtime path of "/home/jorge/ros2_thesis_ws/src/f_vigs_slam/install/f_vigs_slam/lib/f_vigs_slam/gs_slam_node" to ""
[49.340s] -- Up-to-date: /home/jorge/ros2_thesis_ws/src/f_vigs_slam/install/f_vigs_slam/share/f_vigs_slam/launch
[49.340s] -- Up-to-date: /home/jorge/ros2_thesis_ws/src/f_vigs_slam/install/f_vigs_slam/share/f_vigs_slam/launch/gs_slam_launch.py
[49.340s] -- Up-to-date: /home/jorge/ros2_thesis_ws/src/f_vigs_slam/install/f_vigs_slam/share/ament_index/resource_index/package_run_dependencies/f_vigs_slam
[49.340s] -- Up-to-date: /home/jorge/ros2_thesis_ws/src/f_vigs_slam/install/f_vigs_slam/share/ament_index/resource_index/parent_prefix_path/f_vigs_slam
[49.341s] -- Up-to-date: /home/jorge/ros2_thesis_ws/src/f_vigs_slam/install/f_vigs_slam/share/f_vigs_slam/environment/ament_prefix_path.sh
[49.341s] -- Up-to-date: /home/jorge/ros2_thesis_ws/src/f_vigs_slam/install/f_vigs_slam/share/f_vigs_slam/environment/ament_prefix_path.dsv
[49.341s] -- Up-to-date: /home/jorge/ros2_thesis_ws/src/f_vigs_slam/install/f_vigs_slam/share/f_vigs_slam/environment/path.sh
[49.341s] -- Up-to-date: /home/jorge/ros2_thesis_ws/src/f_vigs_slam/install/f_vigs_slam/share/f_vigs_slam/environment/path.dsv
[49.342s] -- Up-to-date: /home/jorge/ros2_thesis_ws/src/f_vigs_slam/install/f_vigs_slam/share/f_vigs_slam/local_setup.bash
[49.342s] -- Up-to-date: /home/jorge/ros2_thesis_ws/src/f_vigs_slam/install/f_vigs_slam/share/f_vigs_slam/local_setup.sh
[49.342s] -- Up-to-date: /home/jorge/ros2_thesis_ws/src/f_vigs_slam/install/f_vigs_slam/share/f_vigs_slam/local_setup.zsh
[49.342s] -- Up-to-date: /home/jorge/ros2_thesis_ws/src/f_vigs_slam/install/f_vigs_slam/share/f_vigs_slam/local_setup.dsv
[49.342s] -- Installing: /home/jorge/ros2_thesis_ws/src/f_vigs_slam/install/f_vigs_slam/share/f_vigs_slam/package.dsv
[49.342s] -- Up-to-date: /home/jorge/ros2_thesis_ws/src/f_vigs_slam/install/f_vigs_slam/share/ament_index/resource_index/packages/f_vigs_slam
[49.342s] -- Up-to-date: /home/jorge/ros2_thesis_ws/src/f_vigs_slam/install/f_vigs_slam/share/f_vigs_slam/cmake/f_vigs_slamConfig.cmake
[49.342s] -- Up-to-date: /home/jorge/ros2_thesis_ws/src/f_vigs_slam/install/f_vigs_slam/share/f_vigs_slam/cmake/f_vigs_slamConfig-version.cmake
[49.342s] -- Up-to-date: /home/jorge/ros2_thesis_ws/src/f_vigs_slam/install/f_vigs_slam/share/f_vigs_slam/package.xml
[49.344s] Invoked command in '/home/jorge/ros2_thesis_ws/src/f_vigs_slam/build/f_vigs_slam' returned '0': CMAKE_PREFIX_PATH=${CMAKE_PREFIX_PATH}:/opt/ros/rolling /usr/bin/cmake --install /home/jorge/ros2_thesis_ws/src/f_vigs_slam/build/f_vigs_slam
