[0.013s] Invoking command in '/home/jorge/ros2_thesis_ws/src/f_vigs_slam/build/f_vigs_slam': CMAKE_PREFIX_PATH=${CMAKE_PREFIX_PATH}:/opt/ros/rolling /usr/bin/cmake --build /home/jorge/ros2_thesis_ws/src/f_vigs_slam/build/f_vigs_slam -- -j6 -l6
[0.154s] [  6%] [32mBuilding CUDA object CMakeFiles/GSSlam.dir/src/GSSlam.cu.o[0m
[41.257s] [ 13%] [32m[1mLinking CXX shared library libGSSlam.so[0m
[42.685s] [ 60%] Built target GSSlam
[42.757s] [ 66%] [32m[1mLinking CUDA device code CMakeFiles/GSSlamNode.dir/cmake_device_link.o[0m
[42.907s] [ 73%] [32m[1mLinking CXX shared library libGSSlamNode.so[0m
[46.367s] [ 86%] Built target GSSlamNode
[46.410s] [ 93%] [32m[1mLinking CXX executable gs_slam_node[0m
[48.326s] [100%] Built target gs_slam_node
[48.343s] Invoked command in '/home/jorge/ros2_thesis_ws/src/f_vigs_slam/build/f_vigs_slam' returned '0': CMAKE_PREFIX_PATH=${CMAKE_PREFIX_PATH}:/opt/ros/rolling /usr/bin/cmake --build /home/jorge/ros2_thesis_ws/src/f_vigs_slam/build/f_vigs_slam -- -j6 -l6
[48.359s] Invoking command in '/home/jorge/ros2_thesis_ws/src/f_vigs_slam/build/f_vigs_slam': CMAKE_PREFIX_PATH=${CMAKE_PREFIX_PATH}:/opt/ros/rolling /usr/bin/cmake --install /home/jorge/ros2_thesis_ws/src/f_vigs_slam/build/f_vigs_slam
[48.371s] -- Install configuration: ""
[48.371s] -- Installing: /home/jorge/ros2_thesis_ws/src/f_vigs_slam/install/f_vigs_slam/lib/libGSSlam.so
[48.407s] -- Set non-toolchain portion of runtime path of "/home/jorge/ros2_thesis_ws/src/f_vigs_slam/install/f_vigs_slam/lib/libGSSlam.so" to ""
[48.407s] -- Installing: /home/jorge/ros2_thesis_ws/src/f_vigs_slam/install/f_vigs_slam/lib/libGSSlamNode.so
[48.438s] -- Set non-toolchain portion of runtime path of "/home/jorge/ros2_thesis_ws/src/f_vigs_slam/install/f_vigs_slam/lib/libGSSlamNode.so" to ""
[48.439s] -- Installing: /home/jorge/ros2_thesis_ws/src/f_vigs_slam/install/f_vigs_slam/lib/f_vigs_slam/gs_slam_node
[48.444s] -- Set non-toolchain portion of runtime path of "/home/jorge/ros2_thesis_ws/src/f_vigs_slam/install/f_vigs_slam/lib/f_vigs_slam/gs_slam_node" to ""
[48.445s] -- Up-to-date: /home/jorge/ros2_thesis_ws/src/f_vigs_slam/install/f_vigs_slam/share/f_vigs_slam/launch
[48.445s] -- Up-to-date: /home/jorge/ros2_thesis_ws/src/f_vigs_slam/install/f_vigs_slam/share/f_vigs_slam/launch/gs_slam_launch.py
[48.445s] -- Up-to-date: /home/jorge/ros2_thesis_ws/src/f_vigs_slam/install/f_vigs_slam/share/ament_index/resource_index/package_run_dependencies/f_vigs_slam
[48.445s] -- Up-to-date: /home/jorge/ros2_thesis_ws/src/f_vigs_slam/install/f_vigs_slam/share/ament_index/resource_index/parent_prefix_path/f_vigs_slam
[48.446s] -- Up-to-date: /home/jorge/ros2_thesis_ws/src/f_vigs_slam/install/f_vigs_slam/share/f_vigs_slam/environment/ament_prefix_path.sh
[48.446s] -- Up-to-date: /home/jorge/ros2_thesis_ws/src/f_vigs_slam/install/f_vigs_slam/share/f_vigs_slam/environment/ament_prefix_path.dsv
[48.447s] -- Up-to-date: /home/jorge/ros2_thesis_ws/src/f_vigs_slam/install/f_vigs_slam/share/f_vigs_slam/environment/path.sh
[48.447s] -- Up-to-date: /home/jorge/ros2_thesis_ws/src/f_vigs_slam/install/f_vigs_slam/share/f_vigs_slam/environment/path.dsv
[48.448s] -- Up-to-date: /home/jorge/ros2_thesis_ws/src/f_vigs_slam/install/f_vigs_slam/share/f_vigs_slam/local_setup.bash
[48.448s] -- Up-to-date: /home/jorge/ros2_thesis_ws/src/f_vigs_slam/install/f_vigs_slam/share/f_vigs_slam/local_setup.sh
[48.448s] -- Up-to-date: /home/jorge/ros2_thesis_ws/src/f_vigs_slam/install/f_vigs_slam/share/f_vigs_slam/local_setup.zsh
[48.448s] -- Up-to-date: /home/jorge/ros2_thesis_ws/src/f_vigs_slam/install/f_vigs_slam/share/f_vigs_slam/local_setup.dsv
[48.449s] -- Installing: /home/jorge/ros2_thesis_ws/src/f_vigs_slam/install/f_vigs_slam/share/f_vigs_slam/package.dsv
[48.450s] -- Up-to-date: /home/jorge/ros2_thesis_ws/src/f_vigs_slam/install/f_vigs_slam/share/ament_index/resource_index/packages/f_vigs_slam
[48.452s] -- Up-to-date: /home/jorge/ros2_thesis_ws/src/f_vigs_slam/install/f_vigs_slam/share/f_vigs_slam/cmake/f_vigs_slamConfig.cmake
[48.453s] -- Up-to-date: /home/jorge/ros2_thesis_ws/src/f_vigs_slam/install/f_vigs_slam/share/f_vigs_slam/cmake/f_vigs_slamConfig-version.cmake
[48.455s] -- Up-to-date: /home/jorge/ros2_thesis_ws/src/f_vigs_slam/install/f_vigs_slam/share/f_vigs_slam/package.xml
[48.456s] Invoked command in '/home/jorge/ros2_thesis_ws/src/f_vigs_slam/build/f_vigs_slam' returned '0': CMAKE_PREFIX_PATH=${CMAKE_PREFIX_PATH}:/opt/ros/rolling /usr/bin/cmake --install /home/jorge/ros2_thesis_ws/src/f_vigs_slam/build/f_vigs_slam
